Schritt 0: dotnet restore
  Determining projects to restore...
/usr/share/dotnet/sdk/9.0.203/Sdks/Microsoft.NET.Sdk/targets/Microsoft.NET.EolTargetFrameworks.targets(32,5): warning NETSDK1138: The target framework 'net7.0' is out of support and will not receive security updates in the future. Please refer to https://aka.ms/dotnet-core-support for more information about the support policy. [/home/runner/work/master-thesis-codeql-perf-test/master-thesis-codeql-perf-test/target-repo/benchmarks/RestSharp.Benchmarks/RestSharp.Benchmarks.csproj]
/usr/share/dotnet/sdk/9.0.203/Sdks/Microsoft.NET.Sdk/targets/Microsoft.NET.EolTargetFrameworks.targets(32,5): warning NETSDK1138: The target framework 'net7.0' is out of support and will not receive security updates in the future. Please refer to https://aka.ms/dotnet-core-support for more information about the support policy. [/home/runner/work/master-thesis-codeql-perf-test/master-thesis-codeql-perf-test/target-repo/test/RestSharp.InteractiveTests/RestSharp.InteractiveTests.csproj::TargetFramework=net7.0]
  Restored /home/runner/work/master-thesis-codeql-perf-test/master-thesis-codeql-perf-test/target-repo/src/RestSharp.Serializers.NewtonsoftJson/RestSharp.Serializers.NewtonsoftJson.csproj (in 7.6 sec).
  Restored /home/runner/work/master-thesis-codeql-perf-test/master-thesis-codeql-perf-test/target-repo/benchmarks/RestSharp.Benchmarks/RestSharp.Benchmarks.csproj (in 9.56 sec).
/home/runner/work/master-thesis-codeql-perf-test/master-thesis-codeql-perf-test/target-repo/src/RestSharp/RestSharp.csproj : warning NU1903: Package 'System.Text.Json' 8.0.4 has a known high severity vulnerability, https://github.com/advisories/GHSA-8g4q-xg66-9fp4 [/home/runner/work/master-thesis-codeql-perf-test/master-thesis-codeql-perf-test/target-repo/RestSharp.sln]
  Restored /home/runner/work/master-thesis-codeql-perf-test/master-thesis-codeql-perf-test/target-repo/src/RestSharp/RestSharp.csproj (in 131 ms).
  Restored /home/runner/work/master-thesis-codeql-perf-test/master-thesis-codeql-perf-test/target-repo/src/RestSharp.Serializers.Xml/RestSharp.Serializers.Xml.csproj (in 12 ms).
  Restored /home/runner/work/master-thesis-codeql-perf-test/master-thesis-codeql-perf-test/target-repo/src/RestSharp.Serializers.CsvHelper/RestSharp.Serializers.CsvHelper.csproj (in 25 ms).
  Restored /home/runner/work/master-thesis-codeql-perf-test/master-thesis-codeql-perf-test/target-repo/gen/SourceGenerator/SourceGenerator.csproj (in 16 ms).
  Restored /home/runner/work/master-thesis-codeql-perf-test/master-thesis-codeql-perf-test/target-repo/test/RestSharp.Tests.Integrated/RestSharp.Tests.Integrated.csproj (in 2.01 sec).
  Restored /home/runner/work/master-thesis-codeql-perf-test/master-thesis-codeql-perf-test/target-repo/test/RestSharp.InteractiveTests/RestSharp.InteractiveTests.csproj (in 10.08 sec).
  Restored /home/runner/work/master-thesis-codeql-perf-test/master-thesis-codeql-perf-test/target-repo/test/RestSharp.Tests.Serializers.Csv/RestSharp.Tests.Serializers.Csv.csproj (in 10.1 sec).
  Restored /home/runner/work/master-thesis-codeql-perf-test/master-thesis-codeql-perf-test/target-repo/test/RestSharp.Tests.Shared/RestSharp.Tests.Shared.csproj (in 282 ms).
  Restored /home/runner/work/master-thesis-codeql-perf-test/master-thesis-codeql-perf-test/target-repo/test/RestSharp.Tests.Serializers.Json/RestSharp.Tests.Serializers.Json.csproj (in 207 ms).
  Restored /home/runner/work/master-thesis-codeql-perf-test/master-thesis-codeql-perf-test/target-repo/test/RestSharp.Tests.Serializers.Xml/RestSharp.Tests.Serializers.Xml.csproj (in 303 ms).
  Restored /home/runner/work/master-thesis-codeql-perf-test/master-thesis-codeql-perf-test/target-repo/test/RestSharp.Tests/RestSharp.Tests.csproj (in 692 ms).
-> Schritt 0: dotnet restore gestartet bei +1 ms, Dauer: 15050 ms

Schritt 1: dotnet build
  Determining projects to restore...
/usr/share/dotnet/sdk/9.0.203/Sdks/Microsoft.NET.Sdk/targets/Microsoft.NET.EolTargetFrameworks.targets(32,5): warning NETSDK1138: The target framework 'net7.0' is out of support and will not receive security updates in the future. Please refer to https://aka.ms/dotnet-core-support for more information about the support policy. [/home/runner/work/master-thesis-codeql-perf-test/master-thesis-codeql-perf-test/target-repo/benchmarks/RestSharp.Benchmarks/RestSharp.Benchmarks.csproj]
/usr/share/dotnet/sdk/9.0.203/Sdks/Microsoft.NET.Sdk/targets/Microsoft.NET.EolTargetFrameworks.targets(32,5): warning NETSDK1138: The target framework 'net7.0' is out of support and will not receive security updates in the future. Please refer to https://aka.ms/dotnet-core-support for more information about the support policy. [/home/runner/work/master-thesis-codeql-perf-test/master-thesis-codeql-perf-test/target-repo/test/RestSharp.InteractiveTests/RestSharp.InteractiveTests.csproj::TargetFramework=net7.0]
/home/runner/work/master-thesis-codeql-perf-test/master-thesis-codeql-perf-test/target-repo/src/RestSharp/RestSharp.csproj : warning NU1903: Package 'System.Text.Json' 8.0.4 has a known high severity vulnerability, https://github.com/advisories/GHSA-8g4q-xg66-9fp4 [/home/runner/work/master-thesis-codeql-perf-test/master-thesis-codeql-perf-test/target-repo/RestSharp.sln]
  All projects are up-to-date for restore.
/home/runner/work/master-thesis-codeql-perf-test/master-thesis-codeql-perf-test/target-repo/src/RestSharp/RestSharp.csproj : warning NU1903: Package 'System.Text.Json' 8.0.4 has a known high severity vulnerability, https://github.com/advisories/GHSA-8g4q-xg66-9fp4 [TargetFramework=netstandard2.0]
/home/runner/work/master-thesis-codeql-perf-test/master-thesis-codeql-perf-test/target-repo/src/RestSharp/RestSharp.csproj : warning NU1903: Package 'System.Text.Json' 8.0.4 has a known high severity vulnerability, https://github.com/advisories/GHSA-8g4q-xg66-9fp4 [TargetFramework=net48]
/home/runner/work/master-thesis-codeql-perf-test/master-thesis-codeql-perf-test/target-repo/src/RestSharp/RestSharp.csproj : warning NU1903: Package 'System.Text.Json' 8.0.4 has a known high severity vulnerability, https://github.com/advisories/GHSA-8g4q-xg66-9fp4 [TargetFramework=net6.0]
/home/runner/work/master-thesis-codeql-perf-test/master-thesis-codeql-perf-test/target-repo/src/RestSharp/RestSharp.csproj : warning NU1903: Package 'System.Text.Json' 8.0.4 has a known high severity vulnerability, https://github.com/advisories/GHSA-8g4q-xg66-9fp4 [TargetFramework=net471]
/home/runner/work/master-thesis-codeql-perf-test/master-thesis-codeql-perf-test/target-repo/src/RestSharp/RestSharp.csproj : warning NU1903: Package 'System.Text.Json' 8.0.4 has a known high severity vulnerability, https://github.com/advisories/GHSA-8g4q-xg66-9fp4 [TargetFramework=net7.0]
/home/runner/work/master-thesis-codeql-perf-test/master-thesis-codeql-perf-test/target-repo/src/RestSharp/RestSharp.csproj : warning NU1903: Package 'System.Text.Json' 8.0.4 has a known high severity vulnerability, https://github.com/advisories/GHSA-8g4q-xg66-9fp4 [TargetFramework=net8.0]
/usr/share/dotnet/sdk/9.0.203/Sdks/Microsoft.NET.Sdk/targets/Microsoft.NET.EolTargetFrameworks.targets(32,5): warning NETSDK1138: The target framework 'net7.0' is out of support and will not receive security updates in the future. Please refer to https://aka.ms/dotnet-core-support for more information about the support policy. [/home/runner/work/master-thesis-codeql-perf-test/master-thesis-codeql-perf-test/target-repo/benchmarks/RestSharp.Benchmarks/RestSharp.Benchmarks.csproj]
  SourceGenerator -> /home/runner/work/master-thesis-codeql-perf-test/master-thesis-codeql-perf-test/target-repo/gen/SourceGenerator/bin/Debug/netstandard2.0/SourceGenerator.dll
/home/runner/work/master-thesis-codeql-perf-test/master-thesis-codeql-perf-test/target-repo/src/RestSharp/obj/Debug/netstandard2.0/generated/SourceGenerator/SourceGenerator.ImmutableGenerator/ReadOnlyRestClientOptions.cs(32,22): warning CS0618: 'RestClientOptions.MaxTimeout' is obsolete: 'Use Timeout instead.' [/home/runner/work/master-thesis-codeql-perf-test/master-thesis-codeql-perf-test/target-repo/src/RestSharp/RestSharp.csproj::TargetFramework=netstandard2.0]
/home/runner/work/master-thesis-codeql-perf-test/master-thesis-codeql-perf-test/target-repo/src/RestSharp/obj/Debug/net471/generated/SourceGenerator/SourceGenerator.ImmutableGenerator/ReadOnlyRestClientOptions.cs(32,22): warning CS0618: 'RestClientOptions.MaxTimeout' is obsolete: 'Use Timeout instead.' [/home/runner/work/master-thesis-codeql-perf-test/master-thesis-codeql-perf-test/target-repo/src/RestSharp/RestSharp.csproj::TargetFramework=net471]
  RestSharp -> /home/runner/work/master-thesis-codeql-perf-test/master-thesis-codeql-perf-test/target-repo/src/RestSharp/bin/Debug/netstandard2.0/RestSharp.dll
/home/runner/work/master-thesis-codeql-perf-test/master-thesis-codeql-perf-test/target-repo/src/RestSharp/obj/Debug/net48/generated/SourceGenerator/SourceGenerator.ImmutableGenerator/ReadOnlyRestClientOptions.cs(32,22): warning CS0618: 'RestClientOptions.MaxTimeout' is obsolete: 'Use Timeout instead.' [/home/runner/work/master-thesis-codeql-perf-test/master-thesis-codeql-perf-test/target-repo/src/RestSharp/RestSharp.csproj::TargetFramework=net48]
  RestSharp -> /home/runner/work/master-thesis-codeql-perf-test/master-thesis-codeql-perf-test/target-repo/src/RestSharp/bin/Debug/net471/RestSharp.dll
/home/runner/work/master-thesis-codeql-perf-test/master-thesis-codeql-perf-test/target-repo/src/RestSharp/obj/Debug/net8.0/generated/SourceGenerator/SourceGenerator.ImmutableGenerator/ReadOnlyRestClientOptions.cs(33,22): warning CS0618: 'RestClientOptions.MaxTimeout' is obsolete: 'Use Timeout instead.' [/home/runner/work/master-thesis-codeql-perf-test/master-thesis-codeql-perf-test/target-repo/src/RestSharp/RestSharp.csproj::TargetFramework=net8.0]
  RestSharp -> /home/runner/work/master-thesis-codeql-perf-test/master-thesis-codeql-perf-test/target-repo/src/RestSharp/bin/Debug/net8.0/RestSharp.dll
/home/runner/work/master-thesis-codeql-perf-test/master-thesis-codeql-perf-test/target-repo/src/RestSharp/obj/Debug/net7.0/generated/SourceGenerator/SourceGenerator.ImmutableGenerator/ReadOnlyRestClientOptions.cs(33,22): warning CS0618: 'RestClientOptions.MaxTimeout' is obsolete: 'Use Timeout instead.' [/home/runner/work/master-thesis-codeql-perf-test/master-thesis-codeql-perf-test/target-repo/src/RestSharp/RestSharp.csproj::TargetFramework=net7.0]
  RestSharp -> /home/runner/work/master-thesis-codeql-perf-test/master-thesis-codeql-perf-test/target-repo/src/RestSharp/bin/Debug/net7.0/RestSharp.dll
  RestSharp -> /home/runner/work/master-thesis-codeql-perf-test/master-thesis-codeql-perf-test/target-repo/src/RestSharp/bin/Debug/net48/RestSharp.dll
/home/runner/work/master-thesis-codeql-perf-test/master-thesis-codeql-perf-test/target-repo/src/RestSharp/obj/Debug/net6.0/generated/SourceGenerator/SourceGenerator.ImmutableGenerator/ReadOnlyRestClientOptions.cs(33,22): warning CS0618: 'RestClientOptions.MaxTimeout' is obsolete: 'Use Timeout instead.' [/home/runner/work/master-thesis-codeql-perf-test/master-thesis-codeql-perf-test/target-repo/src/RestSharp/RestSharp.csproj::TargetFramework=net6.0]
  RestSharp -> /home/runner/work/master-thesis-codeql-perf-test/master-thesis-codeql-perf-test/target-repo/src/RestSharp/bin/Debug/net6.0/RestSharp.dll
  RestSharp.Serializers.CsvHelper -> /home/runner/work/master-thesis-codeql-perf-test/master-thesis-codeql-perf-test/target-repo/src/RestSharp.Serializers.CsvHelper/bin/Debug/netstandard2.0/RestSharp.Serializers.CsvHelper.dll
  RestSharp.Serializers.Xml -> /home/runner/work/master-thesis-codeql-perf-test/master-thesis-codeql-perf-test/target-repo/src/RestSharp.Serializers.Xml/bin/Debug/netstandard2.0/RestSharp.Serializers.Xml.dll
  RestSharp.Serializers.NewtonsoftJson -> /home/runner/work/master-thesis-codeql-perf-test/master-thesis-codeql-perf-test/target-repo/src/RestSharp.Serializers.NewtonsoftJson/bin/Debug/net6.0/RestSharp.Serializers.NewtonsoftJson.dll
  RestSharp.Serializers.NewtonsoftJson -> /home/runner/work/master-thesis-codeql-perf-test/master-thesis-codeql-perf-test/target-repo/src/RestSharp.Serializers.NewtonsoftJson/bin/Debug/netstandard2.0/RestSharp.Serializers.NewtonsoftJson.dll
  RestSharp.Serializers.CsvHelper -> /home/runner/work/master-thesis-codeql-perf-test/master-thesis-codeql-perf-test/target-repo/src/RestSharp.Serializers.CsvHelper/bin/Debug/net6.0/RestSharp.Serializers.CsvHelper.dll
  RestSharp.Serializers.Xml -> /home/runner/work/master-thesis-codeql-perf-test/master-thesis-codeql-perf-test/target-repo/src/RestSharp.Serializers.Xml/bin/Debug/net6.0/RestSharp.Serializers.Xml.dll
  RestSharp.Serializers.Xml -> /home/runner/work/master-thesis-codeql-perf-test/master-thesis-codeql-perf-test/target-repo/src/RestSharp.Serializers.Xml/bin/Debug/net8.0/RestSharp.Serializers.Xml.dll
  RestSharp.Serializers.CsvHelper -> /home/runner/work/master-thesis-codeql-perf-test/master-thesis-codeql-perf-test/target-repo/src/RestSharp.Serializers.CsvHelper/bin/Debug/net8.0/RestSharp.Serializers.CsvHelper.dll
  RestSharp.Serializers.NewtonsoftJson -> /home/runner/work/master-thesis-codeql-perf-test/master-thesis-codeql-perf-test/target-repo/src/RestSharp.Serializers.NewtonsoftJson/bin/Debug/net8.0/RestSharp.Serializers.NewtonsoftJson.dll
  RestSharp.Tests.Shared -> /home/runner/work/master-thesis-codeql-perf-test/master-thesis-codeql-perf-test/target-repo/test/RestSharp.Tests.Shared/bin/Debug/net8.0/RestSharp.Tests.Shared.dll
  RestSharp.Serializers.CsvHelper -> /home/runner/work/master-thesis-codeql-perf-test/master-thesis-codeql-perf-test/target-repo/src/RestSharp.Serializers.CsvHelper/bin/Debug/net471/RestSharp.Serializers.CsvHelper.dll
  RestSharp.Serializers.NewtonsoftJson -> /home/runner/work/master-thesis-codeql-perf-test/master-thesis-codeql-perf-test/target-repo/src/RestSharp.Serializers.NewtonsoftJson/bin/Debug/net471/RestSharp.Serializers.NewtonsoftJson.dll
  RestSharp.Serializers.Xml -> /home/runner/work/master-thesis-codeql-perf-test/master-thesis-codeql-perf-test/target-repo/src/RestSharp.Serializers.Xml/bin/Debug/net471/RestSharp.Serializers.Xml.dll
  RestSharp.Tests.Shared -> /home/runner/work/master-thesis-codeql-perf-test/master-thesis-codeql-perf-test/target-repo/test/RestSharp.Tests.Shared/bin/Debug/net6.0/RestSharp.Tests.Shared.dll
  RestSharp.Serializers.Xml -> /home/runner/work/master-thesis-codeql-perf-test/master-thesis-codeql-perf-test/target-repo/src/RestSharp.Serializers.Xml/bin/Debug/net48/RestSharp.Serializers.Xml.dll
  RestSharp.Tests.Shared -> /home/runner/work/master-thesis-codeql-perf-test/master-thesis-codeql-perf-test/target-repo/test/RestSharp.Tests.Shared/bin/Debug/net48/RestSharp.Tests.Shared.dll
  RestSharp.Tests.Serializers.Xml -> /home/runner/work/master-thesis-codeql-perf-test/master-thesis-codeql-perf-test/target-repo/test/RestSharp.Tests.Serializers.Xml/bin/Debug/net6.0/RestSharp.Tests.Serializers.Xml.dll
  RestSharp.Serializers.NewtonsoftJson -> /home/runner/work/master-thesis-codeql-perf-test/master-thesis-codeql-perf-test/target-repo/src/RestSharp.Serializers.NewtonsoftJson/bin/Debug/net48/RestSharp.Serializers.NewtonsoftJson.dll
  RestSharp.Tests -> /home/runner/work/master-thesis-codeql-perf-test/master-thesis-codeql-perf-test/target-repo/test/RestSharp.Tests/bin/Debug/net48/RestSharp.Tests.dll
  RestSharp.Serializers.NewtonsoftJson -> /home/runner/work/master-thesis-codeql-perf-test/master-thesis-codeql-perf-test/target-repo/src/RestSharp.Serializers.NewtonsoftJson/bin/Debug/net7.0/RestSharp.Serializers.NewtonsoftJson.dll
  RestSharp.Tests -> /home/runner/work/master-thesis-codeql-perf-test/master-thesis-codeql-perf-test/target-repo/test/RestSharp.Tests/bin/Debug/net6.0/RestSharp.Tests.dll
CSC : warning CS8002: Referenced assembly 'HttpTracer, Version=1.0.0.0, Culture=neutral, PublicKeyToken=null' does not have a strong name. [/home/runner/work/master-thesis-codeql-perf-test/master-thesis-codeql-perf-test/target-repo/test/RestSharp.Tests.Integrated/RestSharp.Tests.Integrated.csproj::TargetFramework=net48]
  RestSharp.Tests.Serializers.Csv -> /home/runner/work/master-thesis-codeql-perf-test/master-thesis-codeql-perf-test/target-repo/test/RestSharp.Tests.Serializers.Csv/bin/Debug/net6.0/RestSharp.Tests.Serializers.Csv.dll
  RestSharp.Serializers.CsvHelper -> /home/runner/work/master-thesis-codeql-perf-test/master-thesis-codeql-perf-test/target-repo/src/RestSharp.Serializers.CsvHelper/bin/Debug/net48/RestSharp.Serializers.CsvHelper.dll
  RestSharp.Serializers.Xml -> /home/runner/work/master-thesis-codeql-perf-test/master-thesis-codeql-perf-test/target-repo/src/RestSharp.Serializers.Xml/bin/Debug/net7.0/RestSharp.Serializers.Xml.dll
  RestSharp.Tests.Serializers.Csv -> /home/runner/work/master-thesis-codeql-perf-test/master-thesis-codeql-perf-test/target-repo/test/RestSharp.Tests.Serializers.Csv/bin/Debug/net8.0/RestSharp.Tests.Serializers.Csv.dll
  RestSharp.Tests.Serializers.Xml -> /home/runner/work/master-thesis-codeql-perf-test/master-thesis-codeql-perf-test/target-repo/test/RestSharp.Tests.Serializers.Xml/bin/Debug/net48/RestSharp.Tests.Serializers.Xml.dll
  RestSharp.Tests.Serializers.Json -> /home/runner/work/master-thesis-codeql-perf-test/master-thesis-codeql-perf-test/target-repo/test/RestSharp.Tests.Serializers.Json/bin/Debug/net48/RestSharp.Tests.Serializers.Json.dll
  RestSharp.Tests.Serializers.Csv -> /home/runner/work/master-thesis-codeql-perf-test/master-thesis-codeql-perf-test/target-repo/test/RestSharp.Tests.Serializers.Csv/bin/Debug/net48/RestSharp.Tests.Serializers.Csv.dll
  RestSharp.Tests.Serializers.Xml -> /home/runner/work/master-thesis-codeql-perf-test/master-thesis-codeql-perf-test/target-repo/test/RestSharp.Tests.Serializers.Xml/bin/Debug/net7.0/RestSharp.Tests.Serializers.Xml.dll
CSC : warning CS8002: Referenced assembly 'HttpTracer, Version=1.0.0.0, Culture=neutral, PublicKeyToken=null' does not have a strong name. [/home/runner/work/master-thesis-codeql-perf-test/master-thesis-codeql-perf-test/target-repo/test/RestSharp.Tests.Integrated/RestSharp.Tests.Integrated.csproj::TargetFramework=net8.0]
  RestSharp.Tests.Integrated -> /home/runner/work/master-thesis-codeql-perf-test/master-thesis-codeql-perf-test/target-repo/test/RestSharp.Tests.Integrated/bin/Debug/net8.0/RestSharp.Tests.Integrated.dll
  RestSharp.Tests.Serializers.Xml -> /home/runner/work/master-thesis-codeql-perf-test/master-thesis-codeql-perf-test/target-repo/test/RestSharp.Tests.Serializers.Xml/bin/Debug/net8.0/RestSharp.Tests.Serializers.Xml.dll
  RestSharp.Tests.Integrated -> /home/runner/work/master-thesis-codeql-perf-test/master-thesis-codeql-perf-test/target-repo/test/RestSharp.Tests.Integrated/bin/Debug/net48/RestSharp.Tests.Integrated.dll
  RestSharp.Tests -> /home/runner/work/master-thesis-codeql-perf-test/master-thesis-codeql-perf-test/target-repo/test/RestSharp.Tests/bin/Debug/net8.0/RestSharp.Tests.dll
  RestSharp.Serializers.CsvHelper -> /home/runner/work/master-thesis-codeql-perf-test/master-thesis-codeql-perf-test/target-repo/src/RestSharp.Serializers.CsvHelper/bin/Debug/net7.0/RestSharp.Serializers.CsvHelper.dll
  RestSharp.Tests.Shared -> /home/runner/work/master-thesis-codeql-perf-test/master-thesis-codeql-perf-test/target-repo/test/RestSharp.Tests.Shared/bin/Debug/net7.0/RestSharp.Tests.Shared.dll
  RestSharp.InteractiveTests -> /home/runner/work/master-thesis-codeql-perf-test/master-thesis-codeql-perf-test/target-repo/test/RestSharp.InteractiveTests/bin/Debug/net6.0/RestSharp.InteractiveTests.dll
  RestSharp.Tests.Serializers.Json -> /home/runner/work/master-thesis-codeql-perf-test/master-thesis-codeql-perf-test/target-repo/test/RestSharp.Tests.Serializers.Json/bin/Debug/net6.0/RestSharp.Tests.Serializers.Json.dll
CSC : warning CS8002: Referenced assembly 'HttpTracer, Version=1.0.0.0, Culture=neutral, PublicKeyToken=null' does not have a strong name. [/home/runner/work/master-thesis-codeql-perf-test/master-thesis-codeql-perf-test/target-repo/test/RestSharp.Tests.Integrated/RestSharp.Tests.Integrated.csproj::TargetFramework=net6.0]
  RestSharp.Tests.Integrated -> /home/runner/work/master-thesis-codeql-perf-test/master-thesis-codeql-perf-test/target-repo/test/RestSharp.Tests.Integrated/bin/Debug/net6.0/RestSharp.Tests.Integrated.dll
  RestSharp.Benchmarks -> /home/runner/work/master-thesis-codeql-perf-test/master-thesis-codeql-perf-test/target-repo/benchmarks/RestSharp.Benchmarks/bin/Debug/net7.0/RestSharp.Benchmarks.dll
  RestSharp.Tests.Serializers.Json -> /home/runner/work/master-thesis-codeql-perf-test/master-thesis-codeql-perf-test/target-repo/test/RestSharp.Tests.Serializers.Json/bin/Debug/net8.0/RestSharp.Tests.Serializers.Json.dll
  RestSharp.Tests -> /home/runner/work/master-thesis-codeql-perf-test/master-thesis-codeql-perf-test/target-repo/test/RestSharp.Tests/bin/Debug/net7.0/RestSharp.Tests.dll
  RestSharp.Tests.Serializers.Json -> /home/runner/work/master-thesis-codeql-perf-test/master-thesis-codeql-perf-test/target-repo/test/RestSharp.Tests.Serializers.Json/bin/Debug/net7.0/RestSharp.Tests.Serializers.Json.dll
CSC : warning CS8002: Referenced assembly 'HttpTracer, Version=1.0.0.0, Culture=neutral, PublicKeyToken=null' does not have a strong name. [/home/runner/work/master-thesis-codeql-perf-test/master-thesis-codeql-perf-test/target-repo/test/RestSharp.Tests.Integrated/RestSharp.Tests.Integrated.csproj::TargetFramework=net7.0]
  RestSharp.Tests.Integrated -> /home/runner/work/master-thesis-codeql-perf-test/master-thesis-codeql-perf-test/target-repo/test/RestSharp.Tests.Integrated/bin/Debug/net7.0/RestSharp.Tests.Integrated.dll
  RestSharp.Tests.Serializers.Csv -> /home/runner/work/master-thesis-codeql-perf-test/master-thesis-codeql-perf-test/target-repo/test/RestSharp.Tests.Serializers.Csv/bin/Debug/net7.0/RestSharp.Tests.Serializers.Csv.dll

Build succeeded.

/usr/share/dotnet/sdk/9.0.203/Sdks/Microsoft.NET.Sdk/targets/Microsoft.NET.EolTargetFrameworks.targets(32,5): warning NETSDK1138: The target framework 'net7.0' is out of support and will not receive security updates in the future. Please refer to https://aka.ms/dotnet-core-support for more information about the support policy. [/home/runner/work/master-thesis-codeql-perf-test/master-thesis-codeql-perf-test/target-repo/benchmarks/RestSharp.Benchmarks/RestSharp.Benchmarks.csproj]
/usr/share/dotnet/sdk/9.0.203/Sdks/Microsoft.NET.Sdk/targets/Microsoft.NET.EolTargetFrameworks.targets(32,5): warning NETSDK1138: The target framework 'net7.0' is out of support and will not receive security updates in the future. Please refer to https://aka.ms/dotnet-core-support for more information about the support policy. [/home/runner/work/master-thesis-codeql-perf-test/master-thesis-codeql-perf-test/target-repo/test/RestSharp.InteractiveTests/RestSharp.InteractiveTests.csproj::TargetFramework=net7.0]
/home/runner/work/master-thesis-codeql-perf-test/master-thesis-codeql-perf-test/target-repo/src/RestSharp/RestSharp.csproj : warning NU1903: Package 'System.Text.Json' 8.0.4 has a known high severity vulnerability, https://github.com/advisories/GHSA-8g4q-xg66-9fp4 [/home/runner/work/master-thesis-codeql-perf-test/master-thesis-codeql-perf-test/target-repo/RestSharp.sln]
/home/runner/work/master-thesis-codeql-perf-test/master-thesis-codeql-perf-test/target-repo/src/RestSharp/RestSharp.csproj : warning NU1903: Package 'System.Text.Json' 8.0.4 has a known high severity vulnerability, https://github.com/advisories/GHSA-8g4q-xg66-9fp4 [TargetFramework=netstandard2.0]
/home/runner/work/master-thesis-codeql-perf-test/master-thesis-codeql-perf-test/target-repo/src/RestSharp/RestSharp.csproj : warning NU1903: Package 'System.Text.Json' 8.0.4 has a known high severity vulnerability, https://github.com/advisories/GHSA-8g4q-xg66-9fp4 [TargetFramework=net48]
/home/runner/work/master-thesis-codeql-perf-test/master-thesis-codeql-perf-test/target-repo/src/RestSharp/RestSharp.csproj : warning NU1903: Package 'System.Text.Json' 8.0.4 has a known high severity vulnerability, https://github.com/advisories/GHSA-8g4q-xg66-9fp4 [TargetFramework=net6.0]
/home/runner/work/master-thesis-codeql-perf-test/master-thesis-codeql-perf-test/target-repo/src/RestSharp/RestSharp.csproj : warning NU1903: Package 'System.Text.Json' 8.0.4 has a known high severity vulnerability, https://github.com/advisories/GHSA-8g4q-xg66-9fp4 [TargetFramework=net471]
/home/runner/work/master-thesis-codeql-perf-test/master-thesis-codeql-perf-test/target-repo/src/RestSharp/RestSharp.csproj : warning NU1903: Package 'System.Text.Json' 8.0.4 has a known high severity vulnerability, https://github.com/advisories/GHSA-8g4q-xg66-9fp4 [TargetFramework=net7.0]
/home/runner/work/master-thesis-codeql-perf-test/master-thesis-codeql-perf-test/target-repo/src/RestSharp/RestSharp.csproj : warning NU1903: Package 'System.Text.Json' 8.0.4 has a known high severity vulnerability, https://github.com/advisories/GHSA-8g4q-xg66-9fp4 [TargetFramework=net8.0]
/usr/share/dotnet/sdk/9.0.203/Sdks/Microsoft.NET.Sdk/targets/Microsoft.NET.EolTargetFrameworks.targets(32,5): warning NETSDK1138: The target framework 'net7.0' is out of support and will not receive security updates in the future. Please refer to https://aka.ms/dotnet-core-support for more information about the support policy. [/home/runner/work/master-thesis-codeql-perf-test/master-thesis-codeql-perf-test/target-repo/benchmarks/RestSharp.Benchmarks/RestSharp.Benchmarks.csproj]
/home/runner/work/master-thesis-codeql-perf-test/master-thesis-codeql-perf-test/target-repo/src/RestSharp/obj/Debug/netstandard2.0/generated/SourceGenerator/SourceGenerator.ImmutableGenerator/ReadOnlyRestClientOptions.cs(32,22): warning CS0618: 'RestClientOptions.MaxTimeout' is obsolete: 'Use Timeout instead.' [/home/runner/work/master-thesis-codeql-perf-test/master-thesis-codeql-perf-test/target-repo/src/RestSharp/RestSharp.csproj::TargetFramework=netstandard2.0]
/home/runner/work/master-thesis-codeql-perf-test/master-thesis-codeql-perf-test/target-repo/src/RestSharp/obj/Debug/net471/generated/SourceGenerator/SourceGenerator.ImmutableGenerator/ReadOnlyRestClientOptions.cs(32,22): warning CS0618: 'RestClientOptions.MaxTimeout' is obsolete: 'Use Timeout instead.' [/home/runner/work/master-thesis-codeql-perf-test/master-thesis-codeql-perf-test/target-repo/src/RestSharp/RestSharp.csproj::TargetFramework=net471]
/home/runner/work/master-thesis-codeql-perf-test/master-thesis-codeql-perf-test/target-repo/src/RestSharp/obj/Debug/net48/generated/SourceGenerator/SourceGenerator.ImmutableGenerator/ReadOnlyRestClientOptions.cs(32,22): warning CS0618: 'RestClientOptions.MaxTimeout' is obsolete: 'Use Timeout instead.' [/home/runner/work/master-thesis-codeql-perf-test/master-thesis-codeql-perf-test/target-repo/src/RestSharp/RestSharp.csproj::TargetFramework=net48]
/home/runner/work/master-thesis-codeql-perf-test/master-thesis-codeql-perf-test/target-repo/src/RestSharp/obj/Debug/net8.0/generated/SourceGenerator/SourceGenerator.ImmutableGenerator/ReadOnlyRestClientOptions.cs(33,22): warning CS0618: 'RestClientOptions.MaxTimeout' is obsolete: 'Use Timeout instead.' [/home/runner/work/master-thesis-codeql-perf-test/master-thesis-codeql-perf-test/target-repo/src/RestSharp/RestSharp.csproj::TargetFramework=net8.0]
/home/runner/work/master-thesis-codeql-perf-test/master-thesis-codeql-perf-test/target-repo/src/RestSharp/obj/Debug/net7.0/generated/SourceGenerator/SourceGenerator.ImmutableGenerator/ReadOnlyRestClientOptions.cs(33,22): warning CS0618: 'RestClientOptions.MaxTimeout' is obsolete: 'Use Timeout instead.' [/home/runner/work/master-thesis-codeql-perf-test/master-thesis-codeql-perf-test/target-repo/src/RestSharp/RestSharp.csproj::TargetFramework=net7.0]
/home/runner/work/master-thesis-codeql-perf-test/master-thesis-codeql-perf-test/target-repo/src/RestSharp/obj/Debug/net6.0/generated/SourceGenerator/SourceGenerator.ImmutableGenerator/ReadOnlyRestClientOptions.cs(33,22): warning CS0618: 'RestClientOptions.MaxTimeout' is obsolete: 'Use Timeout instead.' [/home/runner/work/master-thesis-codeql-perf-test/master-thesis-codeql-perf-test/target-repo/src/RestSharp/RestSharp.csproj::TargetFramework=net6.0]
CSC : warning CS8002: Referenced assembly 'HttpTracer, Version=1.0.0.0, Culture=neutral, PublicKeyToken=null' does not have a strong name. [/home/runner/work/master-thesis-codeql-perf-test/master-thesis-codeql-perf-test/target-repo/test/RestSharp.Tests.Integrated/RestSharp.Tests.Integrated.csproj::TargetFramework=net48]
CSC : warning CS8002: Referenced assembly 'HttpTracer, Version=1.0.0.0, Culture=neutral, PublicKeyToken=null' does not have a strong name. [/home/runner/work/master-thesis-codeql-perf-test/master-thesis-codeql-perf-test/target-repo/test/RestSharp.Tests.Integrated/RestSharp.Tests.Integrated.csproj::TargetFramework=net8.0]
CSC : warning CS8002: Referenced assembly 'HttpTracer, Version=1.0.0.0, Culture=neutral, PublicKeyToken=null' does not have a strong name. [/home/runner/work/master-thesis-codeql-perf-test/master-thesis-codeql-perf-test/target-repo/test/RestSharp.Tests.Integrated/RestSharp.Tests.Integrated.csproj::TargetFramework=net6.0]
CSC : warning CS8002: Referenced assembly 'HttpTracer, Version=1.0.0.0, Culture=neutral, PublicKeyToken=null' does not have a strong name. [/home/runner/work/master-thesis-codeql-perf-test/master-thesis-codeql-perf-test/target-repo/test/RestSharp.Tests.Integrated/RestSharp.Tests.Integrated.csproj::TargetFramework=net7.0]
    20 Warning(s)
    0 Error(s)

Time Elapsed 00:00:39.47
-> Schritt 1: dotnet build gestartet bei +15053 ms, Dauer: 39832 ms

-> Gesamtskript gestartet bei +0 ms, Dauer: 54886 ms

Starting up command './run-analysis-build.sh -s target-repo/.' and attaching to process
Process finished (54.88 seconds)
