Schritt 0: dotnet restore
  Determining projects to restore...
  Restored /home/runner/work/master-thesis-codeql-perf-test/master-thesis-codeql-perf-test/target-repo/src/NATS.Client.KeyValueStore/NATS.Client.KeyValueStore.csproj (in 4.93 sec).
  Restored /home/runner/work/master-thesis-codeql-perf-test/master-thesis-codeql-perf-test/target-repo/tests/NATS.Client.CoreUnit.Tests/NATS.Client.CoreUnit.Tests.csproj (in 5 sec).
  Restored /home/runner/work/master-thesis-codeql-perf-test/master-thesis-codeql-perf-test/target-repo/tests/NATS.Client.Core2.Tests/NATS.Client.Core2.Tests.csproj (in 5 sec).
  Restored /home/runner/work/master-thesis-codeql-perf-test/master-thesis-codeql-perf-test/target-repo/tests/NATS.Client.Core.Tests/NATS.Client.Core.Tests.csproj (in 53 ms).
  Restored /home/runner/work/master-thesis-codeql-perf-test/master-thesis-codeql-perf-test/target-repo/tests/NATS.Client.JetStream.Tests/NATS.Client.JetStream.Tests.csproj (in 5.01 sec).
  Restored /home/runner/work/master-thesis-codeql-perf-test/master-thesis-codeql-perf-test/target-repo/src/NATS.Client.Simplified/NATS.Client.Simplified.csproj (in 9 ms).
  Restored /home/runner/work/master-thesis-codeql-perf-test/master-thesis-codeql-perf-test/target-repo/src/NATS.Client.Services/NATS.Client.Services.csproj (in 8 ms).
  Restored /home/runner/work/master-thesis-codeql-perf-test/master-thesis-codeql-perf-test/target-repo/src/NATS.Client.Serializers.Json/NATS.Client.Serializers.Json.csproj (in 6 ms).
  Restored /home/runner/work/master-thesis-codeql-perf-test/master-thesis-codeql-perf-test/target-repo/src/NATS.Client.ObjectStore/NATS.Client.ObjectStore.csproj (in 9 ms).
  Restored /home/runner/work/master-thesis-codeql-perf-test/master-thesis-codeql-perf-test/target-repo/src/NATS.Extensions.Microsoft.DependencyInjection/NATS.Extensions.Microsoft.DependencyInjection.csproj (in 661 ms).
  Restored /home/runner/work/master-thesis-codeql-perf-test/master-thesis-codeql-perf-test/target-repo/src/NATS.Net/NATS.Net.csproj (in 662 ms).
  Restored /home/runner/work/master-thesis-codeql-perf-test/master-thesis-codeql-perf-test/target-repo/src/NATS.Client.Hosting/NATS.Client.Hosting.csproj (in 27 ms).
  Restored /home/runner/work/master-thesis-codeql-perf-test/master-thesis-codeql-perf-test/target-repo/src/NATS.Client.JetStream/NATS.Client.JetStream.csproj (in 34 ms).
  Restored /home/runner/work/master-thesis-codeql-perf-test/master-thesis-codeql-perf-test/target-repo/sandbox/MinimumWebApp/MinimumWebApp.csproj (in 8 ms).
  Restored /home/runner/work/master-thesis-codeql-perf-test/master-thesis-codeql-perf-test/target-repo/src/NATS.Client.Core/NATS.Client.Core.csproj (in 660 ms).
  Restored /home/runner/work/master-thesis-codeql-perf-test/master-thesis-codeql-perf-test/target-repo/sandbox/ConsoleApp/ConsoleApp.csproj (in 1.24 sec).
  Restored /home/runner/work/master-thesis-codeql-perf-test/master-thesis-codeql-perf-test/target-repo/examples/Example.TlsFirst/Example.TlsFirst.csproj (in 3 ms).
  Restored /home/runner/work/master-thesis-codeql-perf-test/master-thesis-codeql-perf-test/target-repo/examples/Example.Services/Example.Services.csproj (in 517 ms).
  Restored /home/runner/work/master-thesis-codeql-perf-test/master-thesis-codeql-perf-test/target-repo/sandbox/MicroBenchmark/MicroBenchmark.csproj (in 2.73 sec).
  Restored /home/runner/work/master-thesis-codeql-perf-test/master-thesis-codeql-perf-test/target-repo/examples/Example.KeyValueStore.Watcher/Example.KeyValueStore.Watcher.csproj (in 4 ms).
  Restored /home/runner/work/master-thesis-codeql-perf-test/master-thesis-codeql-perf-test/target-repo/examples/Example.JetStream.PullConsumer/Example.JetStream.PullConsumer.csproj (in 4 ms).
  Restored /home/runner/work/master-thesis-codeql-perf-test/master-thesis-codeql-perf-test/target-repo/examples/Example.Core.SubscribeRaw/Example.Core.SubscribeRaw.csproj (in 4 ms).
  Restored /home/runner/work/master-thesis-codeql-perf-test/master-thesis-codeql-perf-test/target-repo/examples/Example.Core.SubscribeQueueGroup/Example.Core.SubscribeQueueGroup.csproj (in 5 ms).
  Restored /home/runner/work/master-thesis-codeql-perf-test/master-thesis-codeql-perf-test/target-repo/examples/Example.Core.SubscribeModel/Example.Core.SubscribeModel.csproj (in 5 ms).
  Restored /home/runner/work/master-thesis-codeql-perf-test/master-thesis-codeql-perf-test/target-repo/examples/Example.Core.SubscribeHeaders/Example.Core.SubscribeHeaders.csproj (in 4 ms).
  Restored /home/runner/work/master-thesis-codeql-perf-test/master-thesis-codeql-perf-test/target-repo/examples/BlazorWasm/Client/BlazorWasm.Client.csproj (in 3.48 sec).
  Restored /home/runner/work/master-thesis-codeql-perf-test/master-thesis-codeql-perf-test/target-repo/examples/Example.Core.PublishModel/Example.Core.PublishModel.csproj (in 6 ms).
  Restored /home/runner/work/master-thesis-codeql-perf-test/master-thesis-codeql-perf-test/target-repo/examples/Example.Core.PublishHeaders/Example.Core.PublishHeaders.csproj (in 4 ms).
  Restored /home/runner/work/master-thesis-codeql-perf-test/master-thesis-codeql-perf-test/target-repo/examples/BlazorWasm/Shared/BlazorWasm.Shared.csproj (in 2 ms).
  Restored /home/runner/work/master-thesis-codeql-perf-test/master-thesis-codeql-perf-test/target-repo/examples/Example.Client/Example.Client.csproj (in 8 ms).
  Restored /home/runner/work/master-thesis-codeql-perf-test/master-thesis-codeql-perf-test/target-repo/tests/NATS.Client.CheckNativeAot/NATS.Client.CheckNativeAot.csproj (in 3.83 sec).
  Restored /home/runner/work/master-thesis-codeql-perf-test/master-thesis-codeql-perf-test/target-repo/tests/Nats.Client.Compat/Nats.Client.Compat.csproj (in 4 ms).
  Restored /home/runner/work/master-thesis-codeql-perf-test/master-thesis-codeql-perf-test/target-repo/tests/NATS.Slow.Tests/NATS.Slow.Tests.csproj (in 16 ms).
  Restored /home/runner/work/master-thesis-codeql-perf-test/master-thesis-codeql-perf-test/target-repo/tests/NATS.Net.OpenTelemetry.Tests/NATS.Net.OpenTelemetry.Tests.csproj (in 26 ms).
  Restored /home/runner/work/master-thesis-codeql-perf-test/master-thesis-codeql-perf-test/target-repo/tests/NATS.Net.DocsExamples/NATS.Net.DocsExamples.csproj (in 13 ms).
  Restored /home/runner/work/master-thesis-codeql-perf-test/master-thesis-codeql-perf-test/target-repo/examples/BlazorWasm/Server/BlazorWasm.Server.csproj (in 394 ms).
  Restored /home/runner/work/master-thesis-codeql-perf-test/master-thesis-codeql-perf-test/target-repo/tests/NATS.Extensions.Microsoft.DependencyInjection.Tests/NATS.Extensions.Microsoft.DependencyInjection.Tests.csproj (in 26 ms).
  Restored /home/runner/work/master-thesis-codeql-perf-test/master-thesis-codeql-perf-test/target-repo/tests/NATS.Client.Simplified.Tests/NATS.Client.Simplified.Tests.csproj (in 16 ms).
  Restored /home/runner/work/master-thesis-codeql-perf-test/master-thesis-codeql-perf-test/target-repo/tests/NATS.Client.Services.Tests/NATS.Client.Services.Tests.csproj (in 15 ms).
  Restored /home/runner/work/master-thesis-codeql-perf-test/master-thesis-codeql-perf-test/target-repo/examples/Example.ProtoBufMessages/Example.ProtoBufMessages.csproj (in 971 ms).
  Restored /home/runner/work/master-thesis-codeql-perf-test/master-thesis-codeql-perf-test/target-repo/tests/NATS.Client.Perf/NATS.Client.Perf.csproj (in 25 ms).
  Restored /home/runner/work/master-thesis-codeql-perf-test/master-thesis-codeql-perf-test/target-repo/tests/NATS.Client.ObjectStore.Tests/NATS.Client.ObjectStore.Tests.csproj (in 19 ms).
  Restored /home/runner/work/master-thesis-codeql-perf-test/master-thesis-codeql-perf-test/target-repo/tests/NATS.Client.KeyValueStore.Tests/NATS.Client.KeyValueStore.Tests.csproj (in 26 ms).
  Restored /home/runner/work/master-thesis-codeql-perf-test/master-thesis-codeql-perf-test/target-repo/tests/NATS.Client.TestUtilities/NATS.Client.TestUtilities.csproj (in 380 ms).
  Restored /home/runner/work/master-thesis-codeql-perf-test/master-thesis-codeql-perf-test/target-repo/examples/Example.ObjectStore/Example.ObjectStore.csproj (in 5 ms).
  Restored /home/runner/work/master-thesis-codeql-perf-test/master-thesis-codeql-perf-test/target-repo/tools/Schema.Generation/Schema.Generation.csproj (in 802 ms).
  Restored /home/runner/work/master-thesis-codeql-perf-test/master-thesis-codeql-perf-test/target-repo/examples/Example.NativeAot/Example.NativeAot.csproj (in 9 ms).
  Restored /home/runner/work/master-thesis-codeql-perf-test/master-thesis-codeql-perf-test/target-repo/examples/Example.OpenTelemetry/Example.OpenTelemetry.csproj (in 914 ms).
  Restored /home/runner/work/master-thesis-codeql-perf-test/master-thesis-codeql-perf-test/target-repo/tests/NATS.Client.Platform.Windows.Tests/NATS.Client.Platform.Windows.Tests.csproj (in 3.05 sec).
-> Schritt 0: dotnet restore gestartet bei +1 ms, Dauer: 17355 ms

Schritt 1: dotnet build
  Determining projects to restore...
  All projects are up-to-date for restore.
  NATS.Client.Core -> /home/runner/work/master-thesis-codeql-perf-test/master-thesis-codeql-perf-test/target-repo/src/NATS.Client.Core/bin/Debug/netstandard2.1/NATS.Client.Core.dll
  NATS.Client.Core -> /home/runner/work/master-thesis-codeql-perf-test/master-thesis-codeql-perf-test/target-repo/src/NATS.Client.Core/bin/Debug/netstandard2.0/NATS.Client.Core.dll
  NATS.Client.Core -> /home/runner/work/master-thesis-codeql-perf-test/master-thesis-codeql-perf-test/target-repo/src/NATS.Client.Core/bin/Debug/net6.0/NATS.Client.Core.dll
  Schema.Generation -> /home/runner/work/master-thesis-codeql-perf-test/master-thesis-codeql-perf-test/target-repo/tools/Schema.Generation/bin/Debug/net8.0/Schema.Generation.dll
  BlazorWasm.Shared -> /home/runner/work/master-thesis-codeql-perf-test/master-thesis-codeql-perf-test/target-repo/examples/BlazorWasm/Shared/bin/Debug/net8.0/BlazorWasm.Shared.dll
  NATS.Client.Core -> /home/runner/work/master-thesis-codeql-perf-test/master-thesis-codeql-perf-test/target-repo/src/NATS.Client.Core/bin/Debug/net8.0/NATS.Client.Core.dll
  Example.ProtoBufMessages -> /home/runner/work/master-thesis-codeql-perf-test/master-thesis-codeql-perf-test/target-repo/examples/Example.ProtoBufMessages/bin/Debug/net8.0/Example.ProtoBufMessages.dll
  NATS.Client.Serializers.Json -> /home/runner/work/master-thesis-codeql-perf-test/master-thesis-codeql-perf-test/target-repo/src/NATS.Client.Serializers.Json/bin/Debug/net6.0/NATS.Client.Serializers.Json.dll
  NATS.Client.Serializers.Json -> /home/runner/work/master-thesis-codeql-perf-test/master-thesis-codeql-perf-test/target-repo/src/NATS.Client.Serializers.Json/bin/Debug/netstandard2.0/NATS.Client.Serializers.Json.dll
  NATS.Client.Hosting -> /home/runner/work/master-thesis-codeql-perf-test/master-thesis-codeql-perf-test/target-repo/src/NATS.Client.Hosting/bin/Debug/netstandard2.0/NATS.Client.Hosting.dll
  NATS.Client.Services -> /home/runner/work/master-thesis-codeql-perf-test/master-thesis-codeql-perf-test/target-repo/src/NATS.Client.Services/bin/Debug/net6.0/NATS.Client.Services.dll
  NATS.Client.TestUtilities -> /home/runner/work/master-thesis-codeql-perf-test/master-thesis-codeql-perf-test/target-repo/tests/NATS.Client.TestUtilities/bin/Debug/netstandard2.0/NATS.Client.TestUtilities.dll
  NATS.Client.JetStream -> /home/runner/work/master-thesis-codeql-perf-test/master-thesis-codeql-perf-test/target-repo/src/NATS.Client.JetStream/bin/Debug/net8.0/NATS.Client.JetStream.dll
  NATS.Client.Hosting -> /home/runner/work/master-thesis-codeql-perf-test/master-thesis-codeql-perf-test/target-repo/src/NATS.Client.Hosting/bin/Debug/net8.0/NATS.Client.Hosting.dll
  NATS.Client.KeyValueStore -> /home/runner/work/master-thesis-codeql-perf-test/master-thesis-codeql-perf-test/target-repo/src/NATS.Client.KeyValueStore/bin/Debug/net8.0/NATS.Client.KeyValueStore.dll
  Example.Core.SubscribeRaw -> /home/runner/work/master-thesis-codeql-perf-test/master-thesis-codeql-perf-test/target-repo/examples/Example.Core.SubscribeRaw/bin/Debug/net8.0/Example.Core.SubscribeRaw.dll
  NATS.Client.JetStream -> /home/runner/work/master-thesis-codeql-perf-test/master-thesis-codeql-perf-test/target-repo/src/NATS.Client.JetStream/bin/Debug/netstandard2.0/NATS.Client.JetStream.dll
  Example.KeyValueStore.Watcher -> /home/runner/work/master-thesis-codeql-perf-test/master-thesis-codeql-perf-test/target-repo/examples/Example.KeyValueStore.Watcher/bin/Debug/net8.0/Example.KeyValueStore.Watcher.dll
  NATS.Client.Serializers.Json -> /home/runner/work/master-thesis-codeql-perf-test/master-thesis-codeql-perf-test/target-repo/src/NATS.Client.Serializers.Json/bin/Debug/net8.0/NATS.Client.Serializers.Json.dll
  Example.TlsFirst -> /home/runner/work/master-thesis-codeql-perf-test/master-thesis-codeql-perf-test/target-repo/examples/Example.TlsFirst/bin/Debug/net8.0/Example.TlsFirst.dll
  Example.OpenTelemetry -> /home/runner/work/master-thesis-codeql-perf-test/master-thesis-codeql-perf-test/target-repo/examples/Example.OpenTelemetry/bin/Debug/net8.0/Example.OpenTelemetry.dll
  Example.Core.SubscribeQueueGroup -> /home/runner/work/master-thesis-codeql-perf-test/master-thesis-codeql-perf-test/target-repo/examples/Example.Core.SubscribeQueueGroup/bin/Debug/net8.0/Example.Core.SubscribeQueueGroup.dll
  NATS.Client.Services -> /home/runner/work/master-thesis-codeql-perf-test/master-thesis-codeql-perf-test/target-repo/src/NATS.Client.Services/bin/Debug/net8.0/NATS.Client.Services.dll
  ConsoleApp -> /home/runner/work/master-thesis-codeql-perf-test/master-thesis-codeql-perf-test/target-repo/sandbox/ConsoleApp/bin/Debug/net8.0/ConsoleApp.dll
  NATS.Client.Simplified -> /home/runner/work/master-thesis-codeql-perf-test/master-thesis-codeql-perf-test/target-repo/src/NATS.Client.Simplified/bin/Debug/netstandard2.0/NATS.Client.Simplified.dll
  NATS.Client.Simplified -> /home/runner/work/master-thesis-codeql-perf-test/master-thesis-codeql-perf-test/target-repo/src/NATS.Client.Simplified/bin/Debug/net6.0/NATS.Client.Simplified.dll
  Example.JetStream.PullConsumer -> /home/runner/work/master-thesis-codeql-perf-test/master-thesis-codeql-perf-test/target-repo/examples/Example.JetStream.PullConsumer/bin/Debug/net8.0/Example.JetStream.PullConsumer.dll
  NATS.Client.Services -> /home/runner/work/master-thesis-codeql-perf-test/master-thesis-codeql-perf-test/target-repo/src/NATS.Client.Services/bin/Debug/netstandard2.0/NATS.Client.Services.dll
  NATS.Client.ObjectStore -> /home/runner/work/master-thesis-codeql-perf-test/master-thesis-codeql-perf-test/target-repo/src/NATS.Client.ObjectStore/bin/Debug/net8.0/NATS.Client.ObjectStore.dll
  NATS.Client.Hosting -> /home/runner/work/master-thesis-codeql-perf-test/master-thesis-codeql-perf-test/target-repo/src/NATS.Client.Hosting/bin/Debug/net6.0/NATS.Client.Hosting.dll
  NATS.Client.TestUtilities -> /home/runner/work/master-thesis-codeql-perf-test/master-thesis-codeql-perf-test/target-repo/tests/NATS.Client.TestUtilities/bin/Debug/net8.0/NATS.Client.TestUtilities.dll
  NATS.Client.JetStream -> /home/runner/work/master-thesis-codeql-perf-test/master-thesis-codeql-perf-test/target-repo/src/NATS.Client.JetStream/bin/Debug/net6.0/NATS.Client.JetStream.dll
  MicroBenchmark -> /home/runner/work/master-thesis-codeql-perf-test/master-thesis-codeql-perf-test/target-repo/sandbox/MicroBenchmark/bin/Debug/net8.0/MicroBenchmark.dll
  NATS.Client.ObjectStore -> /home/runner/work/master-thesis-codeql-perf-test/master-thesis-codeql-perf-test/target-repo/src/NATS.Client.ObjectStore/bin/Debug/net6.0/NATS.Client.ObjectStore.dll
  Example.ObjectStore -> /home/runner/work/master-thesis-codeql-perf-test/master-thesis-codeql-perf-test/target-repo/examples/Example.ObjectStore/bin/Debug/net8.0/Example.ObjectStore.dll
  NATS.Client.KeyValueStore -> /home/runner/work/master-thesis-codeql-perf-test/master-thesis-codeql-perf-test/target-repo/src/NATS.Client.KeyValueStore/bin/Debug/net6.0/NATS.Client.KeyValueStore.dll
  Example.Core.SubscribeHeaders -> /home/runner/work/master-thesis-codeql-perf-test/master-thesis-codeql-perf-test/target-repo/examples/Example.Core.SubscribeHeaders/bin/Debug/net8.0/Example.Core.SubscribeHeaders.dll
  NATS.Client.Simplified -> /home/runner/work/master-thesis-codeql-perf-test/master-thesis-codeql-perf-test/target-repo/src/NATS.Client.Simplified/bin/Debug/net8.0/NATS.Client.Simplified.dll
  Example.Core.PublishHeaders -> /home/runner/work/master-thesis-codeql-perf-test/master-thesis-codeql-perf-test/target-repo/examples/Example.Core.PublishHeaders/bin/Debug/net8.0/Example.Core.PublishHeaders.dll
  NATS.Client.Serializers.Json -> /home/runner/work/master-thesis-codeql-perf-test/master-thesis-codeql-perf-test/target-repo/src/NATS.Client.Serializers.Json/bin/Debug/netstandard2.1/NATS.Client.Serializers.Json.dll
  NATS.Client.Services -> /home/runner/work/master-thesis-codeql-perf-test/master-thesis-codeql-perf-test/target-repo/src/NATS.Client.Services/bin/Debug/netstandard2.1/NATS.Client.Services.dll
  NATS.Client.Hosting -> /home/runner/work/master-thesis-codeql-perf-test/master-thesis-codeql-perf-test/target-repo/src/NATS.Client.Hosting/bin/Debug/netstandard2.1/NATS.Client.Hosting.dll
  NATS.Client.Simplified -> /home/runner/work/master-thesis-codeql-perf-test/master-thesis-codeql-perf-test/target-repo/src/NATS.Client.Simplified/bin/Debug/netstandard2.1/NATS.Client.Simplified.dll
  Nats.Client.Compat -> /home/runner/work/master-thesis-codeql-perf-test/master-thesis-codeql-perf-test/target-repo/tests/Nats.Client.Compat/bin/Debug/net8.0/Nats.Client.Compat.dll
  NATS.Client.ObjectStore -> /home/runner/work/master-thesis-codeql-perf-test/master-thesis-codeql-perf-test/target-repo/src/NATS.Client.ObjectStore/bin/Debug/netstandard2.0/NATS.Client.ObjectStore.dll
  NATS.Client.Perf -> /home/runner/work/master-thesis-codeql-perf-test/master-thesis-codeql-perf-test/target-repo/tests/NATS.Client.Perf/bin/Debug/net8.0/NATS.Client.Perf.dll
  NATS.Client.CheckNativeAot -> /home/runner/work/master-thesis-codeql-perf-test/master-thesis-codeql-perf-test/target-repo/tests/NATS.Client.CheckNativeAot/bin/Debug/net8.0/NATS.Client.CheckNativeAot.dll
  Example.Services -> /home/runner/work/master-thesis-codeql-perf-test/master-thesis-codeql-perf-test/target-repo/examples/Example.Services/bin/Debug/net8.0/Example.Services.dll
  NATS.Client.Services.Tests -> /home/runner/work/master-thesis-codeql-perf-test/master-thesis-codeql-perf-test/target-repo/tests/NATS.Client.Services.Tests/bin/Debug/net8.0/NATS.Client.Services.Tests.dll
  NATS.Client.CoreUnit.Tests -> /home/runner/work/master-thesis-codeql-perf-test/master-thesis-codeql-perf-test/target-repo/tests/NATS.Client.CoreUnit.Tests/bin/Debug/net8.0/NATS.Client.CoreUnit.Tests.dll
  NATS.Net -> /home/runner/work/master-thesis-codeql-perf-test/master-thesis-codeql-perf-test/target-repo/src/NATS.Net/bin/Debug/net6.0/NATS.Net.dll
  NATS.Extensions.Microsoft.DependencyInjection -> /home/runner/work/master-thesis-codeql-perf-test/master-thesis-codeql-perf-test/target-repo/src/NATS.Extensions.Microsoft.DependencyInjection/bin/Debug/net6.0/NATS.Extensions.Microsoft.DependencyInjection.dll
  NATS.Client.Core2.Tests -> /home/runner/work/master-thesis-codeql-perf-test/master-thesis-codeql-perf-test/target-repo/tests/NATS.Client.Core2.Tests/bin/Debug/net8.0/NATS.Client.Core2.Tests.dll
  Example.Core.PublishModel -> /home/runner/work/master-thesis-codeql-perf-test/master-thesis-codeql-perf-test/target-repo/examples/Example.Core.PublishModel/bin/Debug/net8.0/Example.Core.PublishModel.dll
  Example.Core.SubscribeModel -> /home/runner/work/master-thesis-codeql-perf-test/master-thesis-codeql-perf-test/target-repo/examples/Example.Core.SubscribeModel/bin/Debug/net8.0/Example.Core.SubscribeModel.dll
  NATS.Client.JetStream -> /home/runner/work/master-thesis-codeql-perf-test/master-thesis-codeql-perf-test/target-repo/src/NATS.Client.JetStream/bin/Debug/netstandard2.1/NATS.Client.JetStream.dll
  NATS.Client.KeyValueStore -> /home/runner/work/master-thesis-codeql-perf-test/master-thesis-codeql-perf-test/target-repo/src/NATS.Client.KeyValueStore/bin/Debug/netstandard2.0/NATS.Client.KeyValueStore.dll
  NATS.Net -> /home/runner/work/master-thesis-codeql-perf-test/master-thesis-codeql-perf-test/target-repo/src/NATS.Net/bin/Debug/net8.0/NATS.Net.dll
  Example.Client -> /home/runner/work/master-thesis-codeql-perf-test/master-thesis-codeql-perf-test/target-repo/examples/Example.Client/bin/Debug/net8.0/Example.Client.dll
  NATS.Client.Core.Tests -> /home/runner/work/master-thesis-codeql-perf-test/master-thesis-codeql-perf-test/target-repo/tests/NATS.Client.Core.Tests/bin/Debug/net8.0/NATS.Client.Core.Tests.dll
  NATS.Net.DocsExamples -> /home/runner/work/master-thesis-codeql-perf-test/master-thesis-codeql-perf-test/target-repo/tests/NATS.Net.DocsExamples/bin/Debug/net8.0/NATS.Net.DocsExamples.dll
  NATS.Net -> /home/runner/work/master-thesis-codeql-perf-test/master-thesis-codeql-perf-test/target-repo/src/NATS.Net/bin/Debug/netstandard2.0/NATS.Net.dll
  NATS.Client.KeyValueStore -> /home/runner/work/master-thesis-codeql-perf-test/master-thesis-codeql-perf-test/target-repo/src/NATS.Client.KeyValueStore/bin/Debug/netstandard2.1/NATS.Client.KeyValueStore.dll
  NATS.Slow.Tests -> /home/runner/work/master-thesis-codeql-perf-test/master-thesis-codeql-perf-test/target-repo/tests/NATS.Slow.Tests/bin/Debug/net8.0/NATS.Slow.Tests.dll
  NATS.Client.ObjectStore.Tests -> /home/runner/work/master-thesis-codeql-perf-test/master-thesis-codeql-perf-test/target-repo/tests/NATS.Client.ObjectStore.Tests/bin/Debug/net8.0/NATS.Client.ObjectStore.Tests.dll
  NATS.Net.OpenTelemetry.Tests -> /home/runner/work/master-thesis-codeql-perf-test/master-thesis-codeql-perf-test/target-repo/tests/NATS.Net.OpenTelemetry.Tests/bin/Debug/net8.0/NATS.Net.OpenTelemetry.Tests.dll
  Example.NativeAot -> /home/runner/work/master-thesis-codeql-perf-test/master-thesis-codeql-perf-test/target-repo/examples/Example.NativeAot/bin/Debug/net8.0/Example.NativeAot.dll
  NATS.Client.ObjectStore -> /home/runner/work/master-thesis-codeql-perf-test/master-thesis-codeql-perf-test/target-repo/src/NATS.Client.ObjectStore/bin/Debug/netstandard2.1/NATS.Client.ObjectStore.dll
  NATS.Extensions.Microsoft.DependencyInjection -> /home/runner/work/master-thesis-codeql-perf-test/master-thesis-codeql-perf-test/target-repo/src/NATS.Extensions.Microsoft.DependencyInjection/bin/Debug/net8.0/NATS.Extensions.Microsoft.DependencyInjection.dll
  MinimumWebApp -> /home/runner/work/master-thesis-codeql-perf-test/master-thesis-codeql-perf-test/target-repo/sandbox/MinimumWebApp/bin/Debug/net8.0/MinimumWebApp.dll
  NATS.Net -> /home/runner/work/master-thesis-codeql-perf-test/master-thesis-codeql-perf-test/target-repo/src/NATS.Net/bin/Debug/netstandard2.1/NATS.Net.dll
  BlazorWasm.Client -> /home/runner/work/master-thesis-codeql-perf-test/master-thesis-codeql-perf-test/target-repo/examples/BlazorWasm/Client/bin/Debug/net8.0/BlazorWasm.Client.dll
  BlazorWasm.Client (Blazor output) -> /home/runner/work/master-thesis-codeql-perf-test/master-thesis-codeql-perf-test/target-repo/examples/BlazorWasm/Client/bin/Debug/net8.0/wwwroot
  NATS.Extensions.Microsoft.DependencyInjection -> /home/runner/work/master-thesis-codeql-perf-test/master-thesis-codeql-perf-test/target-repo/src/NATS.Extensions.Microsoft.DependencyInjection/bin/Debug/netstandard2.1/NATS.Extensions.Microsoft.DependencyInjection.dll
  NATS.Extensions.Microsoft.DependencyInjection -> /home/runner/work/master-thesis-codeql-perf-test/master-thesis-codeql-perf-test/target-repo/src/NATS.Extensions.Microsoft.DependencyInjection/bin/Debug/netstandard2.0/NATS.Extensions.Microsoft.DependencyInjection.dll
  NATS.Client.Simplified.Tests -> /home/runner/work/master-thesis-codeql-perf-test/master-thesis-codeql-perf-test/target-repo/tests/NATS.Client.Simplified.Tests/bin/Debug/net8.0/NATS.Client.Simplified.Tests.dll
  NATS.Client.Platform.Windows.Tests -> /home/runner/work/master-thesis-codeql-perf-test/master-thesis-codeql-perf-test/target-repo/tests/NATS.Client.Platform.Windows.Tests/bin/Debug/net481/NATS.Client.Platform.Windows.Tests.exe
  NATS.Client.KeyValueStore.Tests -> /home/runner/work/master-thesis-codeql-perf-test/master-thesis-codeql-perf-test/target-repo/tests/NATS.Client.KeyValueStore.Tests/bin/Debug/net8.0/NATS.Client.KeyValueStore.Tests.dll
  NATS.Client.JetStream.Tests -> /home/runner/work/master-thesis-codeql-perf-test/master-thesis-codeql-perf-test/target-repo/tests/NATS.Client.JetStream.Tests/bin/Debug/net8.0/NATS.Client.JetStream.Tests.dll
  NATS.Client.Platform.Windows.Tests -> /home/runner/work/master-thesis-codeql-perf-test/master-thesis-codeql-perf-test/target-repo/tests/NATS.Client.Platform.Windows.Tests/bin/Debug/net8.0/NATS.Client.Platform.Windows.Tests.dll
  NATS.Extensions.Microsoft.DependencyInjection.Tests -> /home/runner/work/master-thesis-codeql-perf-test/master-thesis-codeql-perf-test/target-repo/tests/NATS.Extensions.Microsoft.DependencyInjection.Tests/bin/Debug/net8.0/NATS.Extensions.Microsoft.DependencyInjection.Tests.dll
  BlazorWasm.Server -> /home/runner/work/master-thesis-codeql-perf-test/master-thesis-codeql-perf-test/target-repo/examples/BlazorWasm/Server/bin/Debug/net8.0/BlazorWasm.Server.dll

Build succeeded.
    0 Warning(s)
    0 Error(s)

Time Elapsed 00:01:05.56
-> Schritt 1: dotnet build gestartet bei +17357 ms, Dauer: 65937 ms

-> Gesamtskript gestartet bei +0 ms, Dauer: 83296 ms

Starting up command './run-analysis-build.sh -s target-repo/.' and attaching to process
Process finished (83.29 seconds)
