Schritt 0: dotnet restore
  Determining projects to restore...
/usr/share/dotnet/sdk/9.0.203/Sdks/Microsoft.NET.Sdk/targets/Microsoft.NET.EolTargetFrameworks.targets(32,5): warning NETSDK1138: The target framework 'net7.0' is out of support and will not receive security updates in the future. Please refer to https://aka.ms/dotnet-core-support for more information about the support policy. [/home/runner/work/master-thesis-codeql-perf-test/master-thesis-codeql-perf-test/target-repo/benchmarks/RestSharp.Benchmarks/RestSharp.Benchmarks.csproj]
/usr/share/dotnet/sdk/9.0.203/Sdks/Microsoft.NET.Sdk/targets/Microsoft.NET.EolTargetFrameworks.targets(32,5): warning NETSDK1138: The target framework 'net7.0' is out of support and will not receive security updates in the future. Please refer to https://aka.ms/dotnet-core-support for more information about the support policy. [/home/runner/work/master-thesis-codeql-perf-test/master-thesis-codeql-perf-test/target-repo/test/RestSharp.InteractiveTests/RestSharp.InteractiveTests.csproj::TargetFramework=net7.0]
  Restored /home/runner/work/master-thesis-codeql-perf-test/master-thesis-codeql-perf-test/target-repo/src/RestSharp.Serializers.NewtonsoftJson/RestSharp.Serializers.NewtonsoftJson.csproj (in 5.14 sec).
  Restored /home/runner/work/master-thesis-codeql-perf-test/master-thesis-codeql-perf-test/target-repo/test/RestSharp.Tests.Shared/RestSharp.Tests.Shared.csproj (in 3.52 sec).
  Restored /home/runner/work/master-thesis-codeql-perf-test/master-thesis-codeql-perf-test/target-repo/test/RestSharp.Tests/RestSharp.Tests.csproj (in 8.84 sec).
  Restored /home/runner/work/master-thesis-codeql-perf-test/master-thesis-codeql-perf-test/target-repo/test/RestSharp.InteractiveTests/RestSharp.InteractiveTests.csproj (in 8.84 sec).
  Restored /home/runner/work/master-thesis-codeql-perf-test/master-thesis-codeql-perf-test/target-repo/test/RestSharp.Tests.Serializers.Json/RestSharp.Tests.Serializers.Json.csproj (in 8.83 sec).
/home/runner/work/master-thesis-codeql-perf-test/master-thesis-codeql-perf-test/target-repo/src/RestSharp/RestSharp.csproj : warning NU1903: Package 'System.Text.Json' 8.0.4 has a known high severity vulnerability, https://github.com/advisories/GHSA-8g4q-xg66-9fp4 [/home/runner/work/master-thesis-codeql-perf-test/master-thesis-codeql-perf-test/target-repo/RestSharp.sln]
  Restored /home/runner/work/master-thesis-codeql-perf-test/master-thesis-codeql-perf-test/target-repo/test/RestSharp.Tests.Serializers.Xml/RestSharp.Tests.Serializers.Xml.csproj (in 209 ms).
  Restored /home/runner/work/master-thesis-codeql-perf-test/master-thesis-codeql-perf-test/target-repo/src/RestSharp/RestSharp.csproj (in 154 ms).
  Restored /home/runner/work/master-thesis-codeql-perf-test/master-thesis-codeql-perf-test/target-repo/src/RestSharp.Serializers.Xml/RestSharp.Serializers.Xml.csproj (in 20 ms).
  Restored /home/runner/work/master-thesis-codeql-perf-test/master-thesis-codeql-perf-test/target-repo/src/RestSharp.Serializers.CsvHelper/RestSharp.Serializers.CsvHelper.csproj (in 222 ms).
  Restored /home/runner/work/master-thesis-codeql-perf-test/master-thesis-codeql-perf-test/target-repo/test/RestSharp.Tests.Serializers.Csv/RestSharp.Tests.Serializers.Csv.csproj (in 506 ms).
  Restored /home/runner/work/master-thesis-codeql-perf-test/master-thesis-codeql-perf-test/target-repo/test/RestSharp.Tests.Integrated/RestSharp.Tests.Integrated.csproj (in 591 ms).
  Restored /home/runner/work/master-thesis-codeql-perf-test/master-thesis-codeql-perf-test/target-repo/gen/SourceGenerator/SourceGenerator.csproj (in 1.03 sec).
  Restored /home/runner/work/master-thesis-codeql-perf-test/master-thesis-codeql-perf-test/target-repo/benchmarks/RestSharp.Benchmarks/RestSharp.Benchmarks.csproj (in 1.09 sec).
-> Schritt 0: dotnet restore gestartet bei +2 ms, Dauer: 14817 ms

Schritt 1: Erstelle CodeQL-Datenbank
Initializing database at /home/runner/work/master-thesis-codeql-perf-test/master-thesis-codeql-perf-test/db.
Running build command: [/home/runner/work/master-thesis-codeql-perf-test/master-thesis-codeql-perf-test/codeql/csharp/tools/autobuild.sh]
Running command in /home/runner/work/master-thesis-codeql-perf-test/master-thesis-codeql-perf-test/target-repo: [/home/runner/work/master-thesis-codeql-perf-test/master-thesis-codeql-perf-test/codeql/csharp/tools/autobuild.sh]
[2025-05-03 11:52:58] [build-stdout] CodeQL C# autobuilder
[2025-05-03 11:52:58] [build-stdout] Working directory: /home/runner/work/master-thesis-codeql-perf-test/master-thesis-codeql-perf-test/target-repo
[2025-05-03 11:52:58] [build-stdout] Attempting to build using .NET Core
[2025-05-03 11:52:58] [build-stdout] Running dotnet --info
[2025-05-03 11:52:58] [build-stdout] .NET SDK:
[2025-05-03 11:52:58] [build-stdout]  Version:           9.0.203
[2025-05-03 11:52:58] [build-stdout]  Commit:            dc7acfa194
[2025-05-03 11:52:58] [build-stdout]  Workload version:  9.0.200-manifests.9df47798
[2025-05-03 11:52:58] [build-stdout]  MSBuild version:   17.13.20+a4ef1e90f
[2025-05-03 11:52:58] [build-stdout] Runtime Environment:
[2025-05-03 11:52:58] [build-stdout]  OS Name:     ubuntu
[2025-05-03 11:52:58] [build-stdout]  OS Version:  24.04
[2025-05-03 11:52:58] [build-stdout]  OS Platform: Linux
[2025-05-03 11:52:58] [build-stdout]  RID:         linux-x64
[2025-05-03 11:52:58] [build-stdout]  Base Path:   /usr/share/dotnet/sdk/9.0.203/
[2025-05-03 11:52:58] [build-stdout] .NET workloads installed:
[2025-05-03 11:52:58] [build-stdout] There are no installed workloads to display.
[2025-05-03 11:52:58] [build-stdout] Configured to use loose manifests when installing new manifests.
[2025-05-03 11:52:58] [build-stdout] Host:
[2025-05-03 11:52:58] [build-stdout]   Version:      9.0.4
[2025-05-03 11:52:58] [build-stdout]   Architecture: x64
[2025-05-03 11:52:58] [build-stdout]   Commit:       f57e6dc747
[2025-05-03 11:52:58] [build-stdout] .NET SDKs installed:
[2025-05-03 11:52:58] [build-stdout]   8.0.408 [/usr/share/dotnet/sdk]
[2025-05-03 11:52:58] [build-stdout]   9.0.203 [/usr/share/dotnet/sdk]
[2025-05-03 11:52:58] [build-stdout] .NET runtimes installed:
[2025-05-03 11:52:58] [build-stdout]   Microsoft.AspNetCore.App 8.0.15 [/usr/share/dotnet/shared/Microsoft.AspNetCore.App]
[2025-05-03 11:52:58] [build-stdout]   Microsoft.AspNetCore.App 9.0.4 [/usr/share/dotnet/shared/Microsoft.AspNetCore.App]
[2025-05-03 11:52:58] [build-stdout]   Microsoft.NETCore.App 8.0.15 [/usr/share/dotnet/shared/Microsoft.NETCore.App]
[2025-05-03 11:52:58] [build-stdout]   Microsoft.NETCore.App 9.0.4 [/usr/share/dotnet/shared/Microsoft.NETCore.App]
[2025-05-03 11:52:58] [build-stdout] Other architectures found:
[2025-05-03 11:52:58] [build-stdout]   None
[2025-05-03 11:52:58] [build-stdout] Environment variables:
[2025-05-03 11:52:58] [build-stdout]   DOTNET_ROOT       [/usr/share/dotnet]
[2025-05-03 11:52:58] [build-stdout] global.json file:
[2025-05-03 11:52:58] [build-stdout]   Not found
[2025-05-03 11:52:58] [build-stdout] Learn more:
[2025-05-03 11:52:58] [build-stdout]   https://aka.ms/dotnet/info
[2025-05-03 11:52:58] [build-stdout] Download .NET:
[2025-05-03 11:52:58] [build-stdout]   https://aka.ms/dotnet/download
[2025-05-03 11:52:58] [build-stdout] Exit code 0
[2025-05-03 11:52:58] [build-stdout] Running dotnet clean /home/runner/work/master-thesis-codeql-perf-test/master-thesis-codeql-perf-test/target-repo/RestSharp.sln
[2025-05-03 11:52:58] [build-stdout] Build started 05/03/2025 11:52:58.
[2025-05-03 11:52:59] [build-stdout]      1>Project "/home/runner/work/master-thesis-codeql-perf-test/master-thesis-codeql-perf-test/target-repo/RestSharp.sln" on node 1 (Clean target(s)).
[2025-05-03 11:52:59] [build-stdout]      1>ValidateSolutionConfiguration:
[2025-05-03 11:52:59] [build-stdout]          Building solution configuration "Debug|Mixed Platforms".
[2025-05-03 11:52:59] [build-stdout]      1>Project "/home/runner/work/master-thesis-codeql-perf-test/master-thesis-codeql-perf-test/target-repo/RestSharp.sln" (1) is building "/home/runner/work/master-thesis-codeql-perf-test/master-thesis-codeql-perf-test/target-repo/gen/SourceGenerator/SourceGenerator.csproj" (2) on node 1 (Clean target(s)).
[2025-05-03 11:52:59] [build-stdout]      2>CoreClean:
[2025-05-03 11:52:59] [build-stdout]          Creating directory "obj/Debug/netstandard2.0/".
[2025-05-03 11:52:59] [build-stdout]      2>Done Building Project "/home/runner/work/master-thesis-codeql-perf-test/master-thesis-codeql-perf-test/target-repo/gen/SourceGenerator/SourceGenerator.csproj" (Clean target(s)).
[2025-05-03 11:53:00] [build-stdout]      1>Project "/home/runner/work/master-thesis-codeql-perf-test/master-thesis-codeql-perf-test/target-repo/RestSharp.sln" (1) is building "/home/runner/work/master-thesis-codeql-perf-test/master-thesis-codeql-perf-test/target-repo/test/RestSharp.Tests.Serializers.Csv/RestSharp.Tests.Serializers.Csv.csproj" (5) on node 4 (Clean target(s)).
[2025-05-03 11:53:00] [build-stdout]      5>Project "/home/runner/work/master-thesis-codeql-perf-test/master-thesis-codeql-perf-test/target-repo/test/RestSharp.Tests.Serializers.Csv/RestSharp.Tests.Serializers.Csv.csproj" (5) is building "/home/runner/work/master-thesis-codeql-perf-test/master-thesis-codeql-perf-test/target-repo/test/RestSharp.Tests.Serializers.Csv/RestSharp.Tests.Serializers.Csv.csproj" (5:2) on node 1 (Clean target(s)).
[2025-05-03 11:53:00] [build-stdout]      5>CoreClean:
[2025-05-03 11:53:00] [build-stdout]          Creating directory "obj/Debug/net6.0/".
[2025-05-03 11:53:00] [build-stdout]      1>Project "/home/runner/work/master-thesis-codeql-perf-test/master-thesis-codeql-perf-test/target-repo/RestSharp.sln" (1) is building "/home/runner/work/master-thesis-codeql-perf-test/master-thesis-codeql-perf-test/target-repo/src/RestSharp.Serializers.CsvHelper/RestSharp.Serializers.CsvHelper.csproj" (3) on node 3 (Clean target(s)).
[2025-05-03 11:53:00] [build-stdout]      3>Project "/home/runner/work/master-thesis-codeql-perf-test/master-thesis-codeql-perf-test/target-repo/src/RestSharp.Serializers.CsvHelper/RestSharp.Serializers.CsvHelper.csproj" (3) is building "/home/runner/work/master-thesis-codeql-perf-test/master-thesis-codeql-perf-test/target-repo/src/RestSharp.Serializers.CsvHelper/RestSharp.Serializers.CsvHelper.csproj" (3:2) on node 3 (Clean target(s)).
[2025-05-03 11:53:00] [build-stdout]      3>CoreClean:
[2025-05-03 11:53:00] [build-stdout]          Creating directory "obj/Debug/netstandard2.0/".
[2025-05-03 11:53:00] [build-stdout]      1>Project "/home/runner/work/master-thesis-codeql-perf-test/master-thesis-codeql-perf-test/target-repo/RestSharp.sln" (1) is building "/home/runner/work/master-thesis-codeql-perf-test/master-thesis-codeql-perf-test/target-repo/src/RestSharp.Serializers.Xml/RestSharp.Serializers.Xml.csproj" (4) on node 2 (Clean target(s)).
[2025-05-03 11:53:00] [build-stdout]      4>Project "/home/runner/work/master-thesis-codeql-perf-test/master-thesis-codeql-perf-test/target-repo/src/RestSharp.Serializers.Xml/RestSharp.Serializers.Xml.csproj" (4) is building "/home/runner/work/master-thesis-codeql-perf-test/master-thesis-codeql-perf-test/target-repo/src/RestSharp.Serializers.Xml/RestSharp.Serializers.Xml.csproj" (4:2) on node 2 (Clean target(s)).
[2025-05-03 11:53:00] [build-stdout]      4>CoreClean:
[2025-05-03 11:53:00] [build-stdout]          Creating directory "obj/Debug/netstandard2.0/".
[2025-05-03 11:53:00] [build-stdout]      5>Project "/home/runner/work/master-thesis-codeql-perf-test/master-thesis-codeql-perf-test/target-repo/test/RestSharp.Tests.Serializers.Csv/RestSharp.Tests.Serializers.Csv.csproj" (5) is building "/home/runner/work/master-thesis-codeql-perf-test/master-thesis-codeql-perf-test/target-repo/test/RestSharp.Tests.Serializers.Csv/RestSharp.Tests.Serializers.Csv.csproj" (5:3) on node 4 (Clean target(s)).
[2025-05-03 11:53:00] [build-stdout]      5>CoreClean:
[2025-05-03 11:53:00] [build-stdout]          Creating directory "obj/Debug/net48/".
[2025-05-03 11:53:00] [build-stdout]      3>Project "/home/runner/work/master-thesis-codeql-perf-test/master-thesis-codeql-perf-test/target-repo/src/RestSharp.Serializers.CsvHelper/RestSharp.Serializers.CsvHelper.csproj" (3) is building "/home/runner/work/master-thesis-codeql-perf-test/master-thesis-codeql-perf-test/target-repo/src/RestSharp.Serializers.CsvHelper/RestSharp.Serializers.CsvHelper.csproj" (3:10) on node 1 (Clean target(s)).
[2025-05-03 11:53:00] [build-stdout]      3>CoreClean:
[2025-05-03 11:53:00] [build-stdout]          Creating directory "obj/Debug/net48/".
[2025-05-03 11:53:00] [build-stdout]      5>Project "/home/runner/work/master-thesis-codeql-perf-test/master-thesis-codeql-perf-test/target-repo/test/RestSharp.Tests.Serializers.Csv/RestSharp.Tests.Serializers.Csv.csproj" (5) is building "/home/runner/work/master-thesis-codeql-perf-test/master-thesis-codeql-perf-test/target-repo/test/RestSharp.Tests.Serializers.Csv/RestSharp.Tests.Serializers.Csv.csproj" (5:4) on node 2 (Clean target(s)).
[2025-05-03 11:53:00] [build-stdout]      5>CoreClean:
[2025-05-03 11:53:00] [build-stdout]          Creating directory "obj/Debug/net8.0/".
[2025-05-03 11:53:00] [build-stdout]      5>Project "/home/runner/work/master-thesis-codeql-perf-test/master-thesis-codeql-perf-test/target-repo/test/RestSharp.Tests.Serializers.Csv/RestSharp.Tests.Serializers.Csv.csproj" (5) is building "/home/runner/work/master-thesis-codeql-perf-test/master-thesis-codeql-perf-test/target-repo/test/RestSharp.Tests.Serializers.Csv/RestSharp.Tests.Serializers.Csv.csproj" (5:5) on node 4 (Clean target(s)).
[2025-05-03 11:53:00] [build-stdout]      5>CoreClean:
[2025-05-03 11:53:00] [build-stdout]          Creating directory "obj/Debug/net7.0/".
[2025-05-03 11:53:00] [build-stdout]    3:2>Project "/home/runner/work/master-thesis-codeql-perf-test/master-thesis-codeql-perf-test/target-repo/src/RestSharp.Serializers.CsvHelper/RestSharp.Serializers.CsvHelper.csproj" (3:2) is building "/home/runner/work/master-thesis-codeql-perf-test/master-thesis-codeql-perf-test/target-repo/src/RestSharp/RestSharp.csproj" (7:12) on node 3 (Clean target(s)).
[2025-05-03 11:53:00] [build-stdout]      7>CoreClean:
[2025-05-03 11:53:00] [build-stdout]          Creating directory "obj/Debug/netstandard2.0/".
[2025-05-03 11:53:00] [build-stdout]    5:2>Project "/home/runner/work/master-thesis-codeql-perf-test/master-thesis-codeql-perf-test/target-repo/test/RestSharp.Tests.Serializers.Csv/RestSharp.Tests.Serializers.Csv.csproj" (5:2) is building "/home/runner/work/master-thesis-codeql-perf-test/master-thesis-codeql-perf-test/target-repo/test/RestSharp.Tests.Shared/RestSharp.Tests.Shared.csproj" (6:8) on node 1 (Clean target(s)).
[2025-05-03 11:53:00] [build-stdout]      6>CoreClean:
[2025-05-03 11:53:00] [build-stdout]          Creating directory "obj/Debug/net6.0/".
[2025-05-03 11:53:01] [build-stdout]    5:2>Project "/home/runner/work/master-thesis-codeql-perf-test/master-thesis-codeql-perf-test/target-repo/test/RestSharp.Tests.Serializers.Csv/RestSharp.Tests.Serializers.Csv.csproj" (5:2) is building "/home/runner/work/master-thesis-codeql-perf-test/master-thesis-codeql-perf-test/target-repo/src/RestSharp/RestSharp.csproj" (7:15) on node 3 (Clean target(s)).
[2025-05-03 11:53:01] [build-stdout]      7>CoreClean:
[2025-05-03 11:53:01] [build-stdout]          Creating directory "obj/Debug/net6.0/".
[2025-05-03 11:53:01] [build-stdout]      3>Project "/home/runner/work/master-thesis-codeql-perf-test/master-thesis-codeql-perf-test/target-repo/src/RestSharp.Serializers.CsvHelper/RestSharp.Serializers.CsvHelper.csproj" (3) is building "/home/runner/work/master-thesis-codeql-perf-test/master-thesis-codeql-perf-test/target-repo/src/RestSharp.Serializers.CsvHelper/RestSharp.Serializers.CsvHelper.csproj" (3:14) on node 1 (Clean target(s)).
[2025-05-03 11:53:01] [build-stdout]      3>CoreClean:
[2025-05-03 11:53:01] [build-stdout]          Creating directory "obj/Debug/net8.0/".
[2025-05-03 11:53:01] [build-stdout]      7>Done Building Project "/home/runner/work/master-thesis-codeql-perf-test/master-thesis-codeql-perf-test/target-repo/src/RestSharp/RestSharp.csproj" (Clean target(s)).
[2025-05-03 11:53:01] [build-stdout]    5:5>Project "/home/runner/work/master-thesis-codeql-perf-test/master-thesis-codeql-perf-test/target-repo/test/RestSharp.Tests.Serializers.Csv/RestSharp.Tests.Serializers.Csv.csproj" (5:5) is building "/home/runner/work/master-thesis-codeql-perf-test/master-thesis-codeql-perf-test/target-repo/src/RestSharp/RestSharp.csproj" (7:17) on node 4 (Clean target(s)).
[2025-05-03 11:53:01] [build-stdout]      7>CoreClean:
[2025-05-03 11:53:01] [build-stdout]          Creating directory "obj/Debug/net7.0/".
[2025-05-03 11:53:01] [build-stdout]      7>Done Building Project "/home/runner/work/master-thesis-codeql-perf-test/master-thesis-codeql-perf-test/target-repo/src/RestSharp/RestSharp.csproj" (Clean target(s)).
[2025-05-03 11:53:01] [build-stdout]      3>Done Building Project "/home/runner/work/master-thesis-codeql-perf-test/master-thesis-codeql-perf-test/target-repo/src/RestSharp.Serializers.CsvHelper/RestSharp.Serializers.CsvHelper.csproj" (Clean target(s)).
[2025-05-03 11:53:01] [build-stdout]   3:14>Project "/home/runner/work/master-thesis-codeql-perf-test/master-thesis-codeql-perf-test/target-repo/src/RestSharp.Serializers.CsvHelper/RestSharp.Serializers.CsvHelper.csproj" (3:14) is building "/home/runner/work/master-thesis-codeql-perf-test/master-thesis-codeql-perf-test/target-repo/src/RestSharp/RestSharp.csproj" (7:20) on node 1 (Clean target(s)).
[2025-05-03 11:53:01] [build-stdout]      7>CoreClean:
[2025-05-03 11:53:01] [build-stdout]          Creating directory "obj/Debug/net8.0/".
[2025-05-03 11:53:01] [build-stdout]    5:3>Project "/home/runner/work/master-thesis-codeql-perf-test/master-thesis-codeql-perf-test/target-repo/test/RestSharp.Tests.Serializers.Csv/RestSharp.Tests.Serializers.Csv.csproj" (5:3) is building "/home/runner/work/master-thesis-codeql-perf-test/master-thesis-codeql-perf-test/target-repo/src/RestSharp/RestSharp.csproj" (7:19) on node 2 (Clean target(s)).
[2025-05-03 11:53:01] [build-stdout]      7>CoreClean:
[2025-05-03 11:53:01] [build-stdout]          Creating directory "obj/Debug/net48/".
[2025-05-03 11:53:01] [build-stdout]    5:5>Project "/home/runner/work/master-thesis-codeql-perf-test/master-thesis-codeql-perf-test/target-repo/test/RestSharp.Tests.Serializers.Csv/RestSharp.Tests.Serializers.Csv.csproj" (5:5) is building "/home/runner/work/master-thesis-codeql-perf-test/master-thesis-codeql-perf-test/target-repo/src/RestSharp.Serializers.CsvHelper/RestSharp.Serializers.CsvHelper.csproj" (3:15) on node 3 (Clean target(s)).
[2025-05-03 11:53:01] [build-stdout]      3>CoreClean:
[2025-05-03 11:53:01] [build-stdout]          Creating directory "obj/Debug/net7.0/".
[2025-05-03 11:53:01] [build-stdout]      7>Done Building Project "/home/runner/work/master-thesis-codeql-perf-test/master-thesis-codeql-perf-test/target-repo/src/RestSharp/RestSharp.csproj" (Clean target(s)).
[2025-05-03 11:53:01] [build-stdout]      4>Done Building Project "/home/runner/work/master-thesis-codeql-perf-test/master-thesis-codeql-perf-test/target-repo/src/RestSharp.Serializers.Xml/RestSharp.Serializers.Xml.csproj" (Clean target(s)).
[2025-05-03 11:53:01] [build-stdout]      7>Done Building Project "/home/runner/work/master-thesis-codeql-perf-test/master-thesis-codeql-perf-test/target-repo/src/RestSharp/RestSharp.csproj" (Clean target(s)).
[2025-05-03 11:53:01] [build-stdout]      6>Done Building Project "/home/runner/work/master-thesis-codeql-perf-test/master-thesis-codeql-perf-test/target-repo/test/RestSharp.Tests.Shared/RestSharp.Tests.Shared.csproj" (Clean target(s)).
[2025-05-03 11:53:01] [build-stdout]      3>Done Building Project "/home/runner/work/master-thesis-codeql-perf-test/master-thesis-codeql-perf-test/target-repo/src/RestSharp.Serializers.CsvHelper/RestSharp.Serializers.CsvHelper.csproj" (Clean target(s)).
[2025-05-03 11:53:01] [build-stdout]      3>Done Building Project "/home/runner/work/master-thesis-codeql-perf-test/master-thesis-codeql-perf-test/target-repo/src/RestSharp.Serializers.CsvHelper/RestSharp.Serializers.CsvHelper.csproj" (Clean target(s)).
[2025-05-03 11:53:01] [build-stdout]      7>Done Building Project "/home/runner/work/master-thesis-codeql-perf-test/master-thesis-codeql-perf-test/target-repo/src/RestSharp/RestSharp.csproj" (Clean target(s)).
[2025-05-03 11:53:01] [build-stdout]      3>Done Building Project "/home/runner/work/master-thesis-codeql-perf-test/master-thesis-codeql-perf-test/target-repo/src/RestSharp.Serializers.CsvHelper/RestSharp.Serializers.CsvHelper.csproj" (Clean target(s)).
[2025-05-03 11:53:01] [build-stdout]    5:4>Project "/home/runner/work/master-thesis-codeql-perf-test/master-thesis-codeql-perf-test/target-repo/test/RestSharp.Tests.Serializers.Csv/RestSharp.Tests.Serializers.Csv.csproj" (5:4) is building "/home/runner/work/master-thesis-codeql-perf-test/master-thesis-codeql-perf-test/target-repo/test/RestSharp.Tests.Shared/RestSharp.Tests.Shared.csproj" (6:11) on node 1 (Clean target(s)).
[2025-05-03 11:53:01] [build-stdout]      6>CoreClean:
[2025-05-03 11:53:01] [build-stdout]          Creating directory "obj/Debug/net8.0/".
[2025-05-03 11:53:01] [build-stdout]      3>Project "/home/runner/work/master-thesis-codeql-perf-test/master-thesis-codeql-perf-test/target-repo/src/RestSharp.Serializers.CsvHelper/RestSharp.Serializers.CsvHelper.csproj" (3) is building "/home/runner/work/master-thesis-codeql-perf-test/master-thesis-codeql-perf-test/target-repo/src/RestSharp.Serializers.CsvHelper/RestSharp.Serializers.CsvHelper.csproj" (3:19) on node 3 (Clean target(s)).
[2025-05-03 11:53:01] [build-stdout]      3>CoreClean:
[2025-05-03 11:53:01] [build-stdout]          Creating directory "obj/Debug/net471/".
[2025-05-03 11:53:01] [build-stdout]      6>Done Building Project "/home/runner/work/master-thesis-codeql-perf-test/master-thesis-codeql-perf-test/target-repo/test/RestSharp.Tests.Shared/RestSharp.Tests.Shared.csproj" (Clean target(s)).
[2025-05-03 11:53:01] [build-stdout]    5:5>Project "/home/runner/work/master-thesis-codeql-perf-test/master-thesis-codeql-perf-test/target-repo/test/RestSharp.Tests.Serializers.Csv/RestSharp.Tests.Serializers.Csv.csproj" (5:5) is building "/home/runner/work/master-thesis-codeql-perf-test/master-thesis-codeql-perf-test/target-repo/test/RestSharp.Tests.Shared/RestSharp.Tests.Shared.csproj" (6:10) on node 2 (Clean target(s)).
[2025-05-03 11:53:01] [build-stdout]      6>CoreClean:
[2025-05-03 11:53:01] [build-stdout]          Creating directory "obj/Debug/net7.0/".
[2025-05-03 11:53:01] [build-stdout]    5:3>Project "/home/runner/work/master-thesis-codeql-perf-test/master-thesis-codeql-perf-test/target-repo/test/RestSharp.Tests.Serializers.Csv/RestSharp.Tests.Serializers.Csv.csproj" (5:3) is building "/home/runner/work/master-thesis-codeql-perf-test/master-thesis-codeql-perf-test/target-repo/test/RestSharp.Tests.Shared/RestSharp.Tests.Shared.csproj" (6:12) on node 1 (Clean target(s)).
[2025-05-03 11:53:01] [build-stdout]      6>CoreClean:
[2025-05-03 11:53:01] [build-stdout]          Creating directory "obj/Debug/net48/".
[2025-05-03 11:53:01] [build-stdout]      4>Project "/home/runner/work/master-thesis-codeql-perf-test/master-thesis-codeql-perf-test/target-repo/src/RestSharp.Serializers.Xml/RestSharp.Serializers.Xml.csproj" (4) is building "/home/runner/work/master-thesis-codeql-perf-test/master-thesis-codeql-perf-test/target-repo/src/RestSharp.Serializers.Xml/RestSharp.Serializers.Xml.csproj" (4:3) on node 4 (Clean target(s)).
[2025-05-03 11:53:01] [build-stdout]      4>CoreClean:
[2025-05-03 11:53:01] [build-stdout]          Creating directory "obj/Debug/net471/".
[2025-05-03 11:53:01] [build-stdout]      4>Project "/home/runner/work/master-thesis-codeql-perf-test/master-thesis-codeql-perf-test/target-repo/src/RestSharp.Serializers.Xml/RestSharp.Serializers.Xml.csproj" (4) is building "/home/runner/work/master-thesis-codeql-perf-test/master-thesis-codeql-perf-test/target-repo/src/RestSharp.Serializers.Xml/RestSharp.Serializers.Xml.csproj" (4:4) on node 3 (Clean target(s)).
[2025-05-03 11:53:01] [build-stdout]      4>CoreClean:
[2025-05-03 11:53:01] [build-stdout]          Creating directory "obj/Debug/net48/".
[2025-05-03 11:53:01] [build-stdout]      6>Done Building Project "/home/runner/work/master-thesis-codeql-perf-test/master-thesis-codeql-perf-test/target-repo/test/RestSharp.Tests.Shared/RestSharp.Tests.Shared.csproj" (Clean target(s)).
[2025-05-03 11:53:01] [build-stdout]      6>Done Building Project "/home/runner/work/master-thesis-codeql-perf-test/master-thesis-codeql-perf-test/target-repo/test/RestSharp.Tests.Shared/RestSharp.Tests.Shared.csproj" (Clean target(s)).
[2025-05-03 11:53:01] [build-stdout]      5>Done Building Project "/home/runner/work/master-thesis-codeql-perf-test/master-thesis-codeql-perf-test/target-repo/test/RestSharp.Tests.Serializers.Csv/RestSharp.Tests.Serializers.Csv.csproj" (Clean target(s)).
[2025-05-03 11:53:01] [build-stdout]    4:3>Project "/home/runner/work/master-thesis-codeql-perf-test/master-thesis-codeql-perf-test/target-repo/src/RestSharp.Serializers.Xml/RestSharp.Serializers.Xml.csproj" (4:3) is building "/home/runner/work/master-thesis-codeql-perf-test/master-thesis-codeql-perf-test/target-repo/src/RestSharp/RestSharp.csproj" (7:34) on node 1 (Clean target(s)).
[2025-05-03 11:53:01] [build-stdout]      7>CoreClean:
[2025-05-03 11:53:01] [build-stdout]          Creating directory "obj/Debug/net471/".
[2025-05-03 11:53:01] [build-stdout]      4>Done Building Project "/home/runner/work/master-thesis-codeql-perf-test/master-thesis-codeql-perf-test/target-repo/src/RestSharp.Serializers.Xml/RestSharp.Serializers.Xml.csproj" (Clean target(s)).
[2025-05-03 11:53:01] [build-stdout]    5:2>Project "/home/runner/work/master-thesis-codeql-perf-test/master-thesis-codeql-perf-test/target-repo/test/RestSharp.Tests.Serializers.Csv/RestSharp.Tests.Serializers.Csv.csproj" (5:2) is building "/home/runner/work/master-thesis-codeql-perf-test/master-thesis-codeql-perf-test/target-repo/src/RestSharp.Serializers.CsvHelper/RestSharp.Serializers.CsvHelper.csproj" (3:20) on node 2 (Clean target(s)).
[2025-05-03 11:53:01] [build-stdout]      3>CoreClean:
[2025-05-03 11:53:01] [build-stdout]          Creating directory "obj/Debug/net6.0/".
[2025-05-03 11:53:01] [build-stdout]      7>Done Building Project "/home/runner/work/master-thesis-codeql-perf-test/master-thesis-codeql-perf-test/target-repo/src/RestSharp/RestSharp.csproj" (Clean target(s)).
[2025-05-03 11:53:01] [build-stdout]      4>Project "/home/runner/work/master-thesis-codeql-perf-test/master-thesis-codeql-perf-test/target-repo/src/RestSharp.Serializers.Xml/RestSharp.Serializers.Xml.csproj" (4) is building "/home/runner/work/master-thesis-codeql-perf-test/master-thesis-codeql-perf-test/target-repo/src/RestSharp.Serializers.Xml/RestSharp.Serializers.Xml.csproj" (4:5) on node 4 (Clean target(s)).
[2025-05-03 11:53:01] [build-stdout]      4>CoreClean:
[2025-05-03 11:53:01] [build-stdout]          Creating directory "obj/Debug/net6.0/".
[2025-05-03 11:53:01] [build-stdout]      3>Done Building Project "/home/runner/work/master-thesis-codeql-perf-test/master-thesis-codeql-perf-test/target-repo/src/RestSharp.Serializers.CsvHelper/RestSharp.Serializers.CsvHelper.csproj" (Clean target(s)).
[2025-05-03 11:53:01] [build-stdout]      4>Done Building Project "/home/runner/work/master-thesis-codeql-perf-test/master-thesis-codeql-perf-test/target-repo/src/RestSharp.Serializers.Xml/RestSharp.Serializers.Xml.csproj" (Clean target(s)).
[2025-05-03 11:53:01] [build-stdout]      4>Project "/home/runner/work/master-thesis-codeql-perf-test/master-thesis-codeql-perf-test/target-repo/src/RestSharp.Serializers.Xml/RestSharp.Serializers.Xml.csproj" (4) is building "/home/runner/work/master-thesis-codeql-perf-test/master-thesis-codeql-perf-test/target-repo/src/RestSharp.Serializers.Xml/RestSharp.Serializers.Xml.csproj" (4:7) on node 3 (Clean target(s)).
[2025-05-03 11:53:01] [build-stdout]      4>CoreClean:
[2025-05-03 11:53:01] [build-stdout]          Creating directory "obj/Debug/net7.0/".
[2025-05-03 11:53:01] [build-stdout]      4>Project "/home/runner/work/master-thesis-codeql-perf-test/master-thesis-codeql-perf-test/target-repo/src/RestSharp.Serializers.Xml/RestSharp.Serializers.Xml.csproj" (4) is building "/home/runner/work/master-thesis-codeql-perf-test/master-thesis-codeql-perf-test/target-repo/src/RestSharp.Serializers.Xml/RestSharp.Serializers.Xml.csproj" (4:6) on node 1 (Clean target(s)).
[2025-05-03 11:53:01] [build-stdout]      4>CoreClean:
[2025-05-03 11:53:01] [build-stdout]          Creating directory "obj/Debug/net8.0/".
[2025-05-03 11:53:01] [build-stdout]      5>Done Building Project "/home/runner/work/master-thesis-codeql-perf-test/master-thesis-codeql-perf-test/target-repo/test/RestSharp.Tests.Serializers.Csv/RestSharp.Tests.Serializers.Csv.csproj" (Clean target(s)).
[2025-05-03 11:53:01] [build-stdout]      4>Done Building Project "/home/runner/work/master-thesis-codeql-perf-test/master-thesis-codeql-perf-test/target-repo/src/RestSharp.Serializers.Xml/RestSharp.Serializers.Xml.csproj" (Clean target(s)).
[2025-05-03 11:53:01] [build-stdout]      5>Done Building Project "/home/runner/work/master-thesis-codeql-perf-test/master-thesis-codeql-perf-test/target-repo/test/RestSharp.Tests.Serializers.Csv/RestSharp.Tests.Serializers.Csv.csproj" (Clean target(s)).
[2025-05-03 11:53:01] [build-stdout]      3>Done Building Project "/home/runner/work/master-thesis-codeql-perf-test/master-thesis-codeql-perf-test/target-repo/src/RestSharp.Serializers.CsvHelper/RestSharp.Serializers.CsvHelper.csproj" (Clean target(s)).
[2025-05-03 11:53:01] [build-stdout]      4>Done Building Project "/home/runner/work/master-thesis-codeql-perf-test/master-thesis-codeql-perf-test/target-repo/src/RestSharp.Serializers.Xml/RestSharp.Serializers.Xml.csproj" (Clean target(s)).
[2025-05-03 11:53:01] [build-stdout]      3>Done Building Project "/home/runner/work/master-thesis-codeql-perf-test/master-thesis-codeql-perf-test/target-repo/src/RestSharp.Serializers.CsvHelper/RestSharp.Serializers.CsvHelper.csproj" (Clean target(s)).
[2025-05-03 11:53:01] [build-stdout]      4>Done Building Project "/home/runner/work/master-thesis-codeql-perf-test/master-thesis-codeql-perf-test/target-repo/src/RestSharp.Serializers.Xml/RestSharp.Serializers.Xml.csproj" (Clean target(s)).
[2025-05-03 11:53:01] [build-stdout]      5>Done Building Project "/home/runner/work/master-thesis-codeql-perf-test/master-thesis-codeql-perf-test/target-repo/test/RestSharp.Tests.Serializers.Csv/RestSharp.Tests.Serializers.Csv.csproj" (Clean target(s)).
[2025-05-03 11:53:01] [build-stdout]      4>Done Building Project "/home/runner/work/master-thesis-codeql-perf-test/master-thesis-codeql-perf-test/target-repo/src/RestSharp.Serializers.Xml/RestSharp.Serializers.Xml.csproj" (Clean target(s)).
[2025-05-03 11:53:01] [build-stdout]      1>Project "/home/runner/work/master-thesis-codeql-perf-test/master-thesis-codeql-perf-test/target-repo/RestSharp.sln" (1) is building "/home/runner/work/master-thesis-codeql-perf-test/master-thesis-codeql-perf-test/target-repo/benchmarks/RestSharp.Benchmarks/RestSharp.Benchmarks.csproj" (10) on node 3 (Clean target(s)).
[2025-05-03 11:53:01] [build-stdout]     10>/usr/share/dotnet/sdk/9.0.203/Sdks/Microsoft.NET.Sdk/targets/Microsoft.NET.EolTargetFrameworks.targets(32,5): warning NETSDK1138: The target framework 'net7.0' is out of support and will not receive security updates in the future. Please refer to https://aka.ms/dotnet-core-support for more information about the support policy. [/home/runner/work/master-thesis-codeql-perf-test/master-thesis-codeql-perf-test/target-repo/benchmarks/RestSharp.Benchmarks/RestSharp.Benchmarks.csproj]
[2025-05-03 11:53:01] [build-stdout]     10>CoreClean:
[2025-05-03 11:53:01] [build-stdout]          Creating directory "obj/Debug/net7.0/".
[2025-05-03 11:53:01] [build-stdout]      1>Project "/home/runner/work/master-thesis-codeql-perf-test/master-thesis-codeql-perf-test/target-repo/RestSharp.sln" (1) is building "/home/runner/work/master-thesis-codeql-perf-test/master-thesis-codeql-perf-test/target-repo/test/RestSharp.InteractiveTests/RestSharp.InteractiveTests.csproj" (11) on node 4 (Clean target(s)).
[2025-05-03 11:53:01] [build-stdout]     11>CoreClean:
[2025-05-03 11:53:01] [build-stdout]          Creating directory "obj/Debug/net6.0/".
[2025-05-03 11:53:01] [build-stdout]      1>Project "/home/runner/work/master-thesis-codeql-perf-test/master-thesis-codeql-perf-test/target-repo/RestSharp.sln" (1) is building "/home/runner/work/master-thesis-codeql-perf-test/master-thesis-codeql-perf-test/target-repo/test/RestSharp.Tests.Serializers.Xml/RestSharp.Tests.Serializers.Xml.csproj" (8) on node 2 (Clean target(s)).
[2025-05-03 11:53:01] [build-stdout]      8>Project "/home/runner/work/master-thesis-codeql-perf-test/master-thesis-codeql-perf-test/target-repo/test/RestSharp.Tests.Serializers.Xml/RestSharp.Tests.Serializers.Xml.csproj" (8) is building "/home/runner/work/master-thesis-codeql-perf-test/master-thesis-codeql-perf-test/target-repo/test/RestSharp.Tests.Serializers.Xml/RestSharp.Tests.Serializers.Xml.csproj" (8:2) on node 2 (Clean target(s)).
[2025-05-03 11:53:01] [build-stdout]      8>CoreClean:
[2025-05-03 11:53:01] [build-stdout]          Creating directory "obj/Debug/net48/".
[2025-05-03 11:53:01] [build-stdout]      1>Project "/home/runner/work/master-thesis-codeql-perf-test/master-thesis-codeql-perf-test/target-repo/RestSharp.sln" (1) is building "/home/runner/work/master-thesis-codeql-perf-test/master-thesis-codeql-perf-test/target-repo/test/RestSharp.Tests.Serializers.Json/RestSharp.Tests.Serializers.Json.csproj" (9) on node 1 (Clean target(s)).
[2025-05-03 11:53:01] [build-stdout]      9>Project "/home/runner/work/master-thesis-codeql-perf-test/master-thesis-codeql-perf-test/target-repo/test/RestSharp.Tests.Serializers.Json/RestSharp.Tests.Serializers.Json.csproj" (9) is building "/home/runner/work/master-thesis-codeql-perf-test/master-thesis-codeql-perf-test/target-repo/test/RestSharp.Tests.Serializers.Json/RestSharp.Tests.Serializers.Json.csproj" (9:2) on node 1 (Clean target(s)).
[2025-05-03 11:53:01] [build-stdout]      9>CoreClean:
[2025-05-03 11:53:01] [build-stdout]          Creating directory "obj/Debug/net48/".
[2025-05-03 11:53:01] [build-stdout]     11>Done Building Project "/home/runner/work/master-thesis-codeql-perf-test/master-thesis-codeql-perf-test/target-repo/test/RestSharp.InteractiveTests/RestSharp.InteractiveTests.csproj" (Clean target(s)).
[2025-05-03 11:53:01] [build-stdout]      5>Done Building Project "/home/runner/work/master-thesis-codeql-perf-test/master-thesis-codeql-perf-test/target-repo/test/RestSharp.Tests.Serializers.Csv/RestSharp.Tests.Serializers.Csv.csproj" (Clean target(s)).
[2025-05-03 11:53:01] [build-stdout]      9>Project "/home/runner/work/master-thesis-codeql-perf-test/master-thesis-codeql-perf-test/target-repo/test/RestSharp.Tests.Serializers.Json/RestSharp.Tests.Serializers.Json.csproj" (9) is building "/home/runner/work/master-thesis-codeql-perf-test/master-thesis-codeql-perf-test/target-repo/test/RestSharp.Tests.Serializers.Json/RestSharp.Tests.Serializers.Json.csproj" (9:3) on node 4 (Clean target(s)).
[2025-05-03 11:53:01] [build-stdout]      9>CoreClean:
[2025-05-03 11:53:01] [build-stdout]          Creating directory "obj/Debug/net6.0/".
[2025-05-03 11:53:01] [build-stdout]      9>Project "/home/runner/work/master-thesis-codeql-perf-test/master-thesis-codeql-perf-test/target-repo/test/RestSharp.Tests.Serializers.Json/RestSharp.Tests.Serializers.Json.csproj" (9) is building "/home/runner/work/master-thesis-codeql-perf-test/master-thesis-codeql-perf-test/target-repo/test/RestSharp.Tests.Serializers.Json/RestSharp.Tests.Serializers.Json.csproj" (9:4) on node 2 (Clean target(s)).
[2025-05-03 11:53:01] [build-stdout]      9>CoreClean:
[2025-05-03 11:53:01] [build-stdout]          Creating directory "obj/Debug/net7.0/".
[2025-05-03 11:53:01] [build-stdout]      9>Project "/home/runner/work/master-thesis-codeql-perf-test/master-thesis-codeql-perf-test/target-repo/test/RestSharp.Tests.Serializers.Json/RestSharp.Tests.Serializers.Json.csproj" (9) is building "/home/runner/work/master-thesis-codeql-perf-test/master-thesis-codeql-perf-test/target-repo/test/RestSharp.Tests.Serializers.Json/RestSharp.Tests.Serializers.Json.csproj" (9:5) on node 1 (Clean target(s)).
[2025-05-03 11:53:01] [build-stdout]      9>CoreClean:
[2025-05-03 11:53:01] [build-stdout]          Creating directory "obj/Debug/net8.0/".
[2025-05-03 11:53:02] [build-stdout]      8>Project "/home/runner/work/master-thesis-codeql-perf-test/master-thesis-codeql-perf-test/target-repo/test/RestSharp.Tests.Serializers.Xml/RestSharp.Tests.Serializers.Xml.csproj" (8) is building "/home/runner/work/master-thesis-codeql-perf-test/master-thesis-codeql-perf-test/target-repo/test/RestSharp.Tests.Serializers.Xml/RestSharp.Tests.Serializers.Xml.csproj" (8:4) on node 4 (Clean target(s)).
[2025-05-03 11:53:02] [build-stdout]      8>CoreClean:
[2025-05-03 11:53:02] [build-stdout]          Creating directory "obj/Debug/net7.0/".
[2025-05-03 11:53:02] [build-stdout]      8>Project "/home/runner/work/master-thesis-codeql-perf-test/master-thesis-codeql-perf-test/target-repo/test/RestSharp.Tests.Serializers.Xml/RestSharp.Tests.Serializers.Xml.csproj" (8) is building "/home/runner/work/master-thesis-codeql-perf-test/master-thesis-codeql-perf-test/target-repo/test/RestSharp.Tests.Serializers.Xml/RestSharp.Tests.Serializers.Xml.csproj" (8:3) on node 1 (Clean target(s)).
[2025-05-03 11:53:02] [build-stdout]      8>CoreClean:
[2025-05-03 11:53:02] [build-stdout]          Creating directory "obj/Debug/net6.0/".
[2025-05-03 11:53:02] [build-stdout]      8>Done Building Project "/home/runner/work/master-thesis-codeql-perf-test/master-thesis-codeql-perf-test/target-repo/test/RestSharp.Tests.Serializers.Xml/RestSharp.Tests.Serializers.Xml.csproj" (Clean target(s)).
[2025-05-03 11:53:02] [build-stdout]      8>Done Building Project "/home/runner/work/master-thesis-codeql-perf-test/master-thesis-codeql-perf-test/target-repo/test/RestSharp.Tests.Serializers.Xml/RestSharp.Tests.Serializers.Xml.csproj" (Clean target(s)).
[2025-05-03 11:53:02] [build-stdout]      8>Done Building Project "/home/runner/work/master-thesis-codeql-perf-test/master-thesis-codeql-perf-test/target-repo/test/RestSharp.Tests.Serializers.Xml/RestSharp.Tests.Serializers.Xml.csproj" (Clean target(s)).
[2025-05-03 11:53:02] [build-stdout]      8>Project "/home/runner/work/master-thesis-codeql-perf-test/master-thesis-codeql-perf-test/target-repo/test/RestSharp.Tests.Serializers.Xml/RestSharp.Tests.Serializers.Xml.csproj" (8) is building "/home/runner/work/master-thesis-codeql-perf-test/master-thesis-codeql-perf-test/target-repo/test/RestSharp.Tests.Serializers.Xml/RestSharp.Tests.Serializers.Xml.csproj" (8:5) on node 3 (Clean target(s)).
[2025-05-03 11:53:02] [build-stdout]      8>CoreClean:
[2025-05-03 11:53:02] [build-stdout]          Creating directory "obj/Debug/net8.0/".
[2025-05-03 11:53:02] [build-stdout]      1>Project "/home/runner/work/master-thesis-codeql-perf-test/master-thesis-codeql-perf-test/target-repo/RestSharp.sln" (1) is building "/home/runner/work/master-thesis-codeql-perf-test/master-thesis-codeql-perf-test/target-repo/test/RestSharp.Tests.Integrated/RestSharp.Tests.Integrated.csproj" (13) on node 2 (Clean target(s)).
[2025-05-03 11:53:02] [build-stdout]     13>Project "/home/runner/work/master-thesis-codeql-perf-test/master-thesis-codeql-perf-test/target-repo/test/RestSharp.Tests.Integrated/RestSharp.Tests.Integrated.csproj" (13) is building "/home/runner/work/master-thesis-codeql-perf-test/master-thesis-codeql-perf-test/target-repo/test/RestSharp.Tests.Integrated/RestSharp.Tests.Integrated.csproj" (13:2) on node 2 (Clean target(s)).
[2025-05-03 11:53:02] [build-stdout]     13>CoreClean:
[2025-05-03 11:53:02] [build-stdout]          Creating directory "obj/Debug/net48/".
[2025-05-03 11:53:02] [build-stdout]      1>Project "/home/runner/work/master-thesis-codeql-perf-test/master-thesis-codeql-perf-test/target-repo/RestSharp.sln" (1) is building "/home/runner/work/master-thesis-codeql-perf-test/master-thesis-codeql-perf-test/target-repo/test/RestSharp.Tests/RestSharp.Tests.csproj" (14) on node 1 (Clean target(s)).
[2025-05-03 11:53:02] [build-stdout]     14>Project "/home/runner/work/master-thesis-codeql-perf-test/master-thesis-codeql-perf-test/target-repo/test/RestSharp.Tests/RestSharp.Tests.csproj" (14) is building "/home/runner/work/master-thesis-codeql-perf-test/master-thesis-codeql-perf-test/target-repo/test/RestSharp.Tests/RestSharp.Tests.csproj" (14:2) on node 1 (Clean target(s)).
[2025-05-03 11:53:02] [build-stdout]     14>CoreClean:
[2025-05-03 11:53:02] [build-stdout]          Creating directory "obj/Debug/net48/".
[2025-05-03 11:53:02] [build-stdout]      8>Done Building Project "/home/runner/work/master-thesis-codeql-perf-test/master-thesis-codeql-perf-test/target-repo/test/RestSharp.Tests.Serializers.Xml/RestSharp.Tests.Serializers.Xml.csproj" (Clean target(s)).
[2025-05-03 11:53:02] [build-stdout]     13>Project "/home/runner/work/master-thesis-codeql-perf-test/master-thesis-codeql-perf-test/target-repo/test/RestSharp.Tests.Integrated/RestSharp.Tests.Integrated.csproj" (13) is building "/home/runner/work/master-thesis-codeql-perf-test/master-thesis-codeql-perf-test/target-repo/test/RestSharp.Tests.Integrated/RestSharp.Tests.Integrated.csproj" (13:3) on node 4 (Clean target(s)).
[2025-05-03 11:53:02] [build-stdout]     13>CoreClean:
[2025-05-03 11:53:02] [build-stdout]          Creating directory "obj/Debug/net6.0/".
[2025-05-03 11:53:02] [build-stdout]     13>Done Building Project "/home/runner/work/master-thesis-codeql-perf-test/master-thesis-codeql-perf-test/target-repo/test/RestSharp.Tests.Integrated/RestSharp.Tests.Integrated.csproj" (Clean target(s)).
[2025-05-03 11:53:02] [build-stdout]      8>Done Building Project "/home/runner/work/master-thesis-codeql-perf-test/master-thesis-codeql-perf-test/target-repo/test/RestSharp.Tests.Serializers.Xml/RestSharp.Tests.Serializers.Xml.csproj" (Clean target(s)).
[2025-05-03 11:53:02] [build-stdout]     14>Done Building Project "/home/runner/work/master-thesis-codeql-perf-test/master-thesis-codeql-perf-test/target-repo/test/RestSharp.Tests/RestSharp.Tests.csproj" (Clean target(s)).
[2025-05-03 11:53:02] [build-stdout]    9:2>Project "/home/runner/work/master-thesis-codeql-perf-test/master-thesis-codeql-perf-test/target-repo/test/RestSharp.Tests.Serializers.Json/RestSharp.Tests.Serializers.Json.csproj" (9:2) is building "/home/runner/work/master-thesis-codeql-perf-test/master-thesis-codeql-perf-test/target-repo/src/RestSharp.Serializers.NewtonsoftJson/RestSharp.Serializers.NewtonsoftJson.csproj" (12:12) on node 1 (Clean target(s)).
[2025-05-03 11:53:02] [build-stdout]     12>CoreClean:
[2025-05-03 11:53:02] [build-stdout]          Creating directory "obj/Debug/net48/".
[2025-05-03 11:53:02] [build-stdout]     14>Project "/home/runner/work/master-thesis-codeql-perf-test/master-thesis-codeql-perf-test/target-repo/test/RestSharp.Tests/RestSharp.Tests.csproj" (14) is building "/home/runner/work/master-thesis-codeql-perf-test/master-thesis-codeql-perf-test/target-repo/test/RestSharp.Tests/RestSharp.Tests.csproj" (14:3) on node 3 (Clean target(s)).
[2025-05-03 11:53:02] [build-stdout]     14>CoreClean:
[2025-05-03 11:53:02] [build-stdout]          Creating directory "obj/Debug/net6.0/".
[2025-05-03 11:53:02] [build-stdout]     13>Done Building Project "/home/runner/work/master-thesis-codeql-perf-test/master-thesis-codeql-perf-test/target-repo/test/RestSharp.Tests.Integrated/RestSharp.Tests.Integrated.csproj" (Clean target(s)).
[2025-05-03 11:53:02] [build-stdout]     12>Done Building Project "/home/runner/work/master-thesis-codeql-perf-test/master-thesis-codeql-perf-test/target-repo/src/RestSharp.Serializers.NewtonsoftJson/RestSharp.Serializers.NewtonsoftJson.csproj" (Clean target(s)).
[2025-05-03 11:53:02] [build-stdout]      9>Done Building Project "/home/runner/work/master-thesis-codeql-perf-test/master-thesis-codeql-perf-test/target-repo/test/RestSharp.Tests.Serializers.Json/RestSharp.Tests.Serializers.Json.csproj" (Clean target(s)).
[2025-05-03 11:53:02] [build-stdout]     14>Project "/home/runner/work/master-thesis-codeql-perf-test/master-thesis-codeql-perf-test/target-repo/test/RestSharp.Tests/RestSharp.Tests.csproj" (14) is building "/home/runner/work/master-thesis-codeql-perf-test/master-thesis-codeql-perf-test/target-repo/test/RestSharp.Tests/RestSharp.Tests.csproj" (14:4) on node 2 (Clean target(s)).
[2025-05-03 11:53:02] [build-stdout]     14>CoreClean:
[2025-05-03 11:53:02] [build-stdout]          Creating directory "obj/Debug/net7.0/".
[2025-05-03 11:53:02] [build-stdout]    9:4>Project "/home/runner/work/master-thesis-codeql-perf-test/master-thesis-codeql-perf-test/target-repo/test/RestSharp.Tests.Serializers.Json/RestSharp.Tests.Serializers.Json.csproj" (9:4) is building "/home/runner/work/master-thesis-codeql-perf-test/master-thesis-codeql-perf-test/target-repo/src/RestSharp.Serializers.NewtonsoftJson/RestSharp.Serializers.NewtonsoftJson.csproj" (12:13) on node 4 (Clean target(s)).
[2025-05-03 11:53:02] [build-stdout]     12>CoreClean:
[2025-05-03 11:53:02] [build-stdout]          Creating directory "obj/Debug/net7.0/".
[2025-05-03 11:53:02] [build-stdout]     12>Done Building Project "/home/runner/work/master-thesis-codeql-perf-test/master-thesis-codeql-perf-test/target-repo/src/RestSharp.Serializers.NewtonsoftJson/RestSharp.Serializers.NewtonsoftJson.csproj" (Clean target(s)).
[2025-05-03 11:53:02] [build-stdout]     14>Done Building Project "/home/runner/work/master-thesis-codeql-perf-test/master-thesis-codeql-perf-test/target-repo/test/RestSharp.Tests/RestSharp.Tests.csproj" (Clean target(s)).
[2025-05-03 11:53:02] [build-stdout]     14>Done Building Project "/home/runner/work/master-thesis-codeql-perf-test/master-thesis-codeql-perf-test/target-repo/test/RestSharp.Tests/RestSharp.Tests.csproj" (Clean target(s)).
[2025-05-03 11:53:02] [build-stdout]      9>Done Building Project "/home/runner/work/master-thesis-codeql-perf-test/master-thesis-codeql-perf-test/target-repo/test/RestSharp.Tests.Serializers.Json/RestSharp.Tests.Serializers.Json.csproj" (Clean target(s)).
[2025-05-03 11:53:02] [build-stdout]     10>Done Building Project "/home/runner/work/master-thesis-codeql-perf-test/master-thesis-codeql-perf-test/target-repo/benchmarks/RestSharp.Benchmarks/RestSharp.Benchmarks.csproj" (Clean target(s)).
[2025-05-03 11:53:02] [build-stdout]    9:5>Project "/home/runner/work/master-thesis-codeql-perf-test/master-thesis-codeql-perf-test/target-repo/test/RestSharp.Tests.Serializers.Json/RestSharp.Tests.Serializers.Json.csproj" (9:5) is building "/home/runner/work/master-thesis-codeql-perf-test/master-thesis-codeql-perf-test/target-repo/src/RestSharp.Serializers.NewtonsoftJson/RestSharp.Serializers.NewtonsoftJson.csproj" (12:15) on node 2 (Clean target(s)).
[2025-05-03 11:53:02] [build-stdout]     12>CoreClean:
[2025-05-03 11:53:02] [build-stdout]          Creating directory "obj/Debug/net8.0/".
[2025-05-03 11:53:02] [build-stdout]    9:3>Project "/home/runner/work/master-thesis-codeql-perf-test/master-thesis-codeql-perf-test/target-repo/test/RestSharp.Tests.Serializers.Json/RestSharp.Tests.Serializers.Json.csproj" (9:3) is building "/home/runner/work/master-thesis-codeql-perf-test/master-thesis-codeql-perf-test/target-repo/src/RestSharp.Serializers.NewtonsoftJson/RestSharp.Serializers.NewtonsoftJson.csproj" (12:16) on node 3 (Clean target(s)).
[2025-05-03 11:53:02] [build-stdout]     12>CoreClean:
[2025-05-03 11:53:02] [build-stdout]          Creating directory "obj/Debug/net6.0/".
[2025-05-03 11:53:02] [build-stdout]     14>Project "/home/runner/work/master-thesis-codeql-perf-test/master-thesis-codeql-perf-test/target-repo/test/RestSharp.Tests/RestSharp.Tests.csproj" (14) is building "/home/runner/work/master-thesis-codeql-perf-test/master-thesis-codeql-perf-test/target-repo/test/RestSharp.Tests/RestSharp.Tests.csproj" (14:5) on node 1 (Clean target(s)).
[2025-05-03 11:53:02] [build-stdout]     14>CoreClean:
[2025-05-03 11:53:02] [build-stdout]          Creating directory "obj/Debug/net8.0/".
[2025-05-03 11:53:02] [build-stdout]     12>Done Building Project "/home/runner/work/master-thesis-codeql-perf-test/master-thesis-codeql-perf-test/target-repo/src/RestSharp.Serializers.NewtonsoftJson/RestSharp.Serializers.NewtonsoftJson.csproj" (Clean target(s)).
[2025-05-03 11:53:02] [build-stdout]     12>Done Building Project "/home/runner/work/master-thesis-codeql-perf-test/master-thesis-codeql-perf-test/target-repo/src/RestSharp.Serializers.NewtonsoftJson/RestSharp.Serializers.NewtonsoftJson.csproj" (Clean target(s)).
[2025-05-03 11:53:02] [build-stdout]      1>Project "/home/runner/work/master-thesis-codeql-perf-test/master-thesis-codeql-perf-test/target-repo/RestSharp.sln" (1) is building "/home/runner/work/master-thesis-codeql-perf-test/master-thesis-codeql-perf-test/target-repo/src/RestSharp.Serializers.NewtonsoftJson/RestSharp.Serializers.NewtonsoftJson.csproj" (12:17) on node 3 (Clean target(s)).
[2025-05-03 11:53:02] [build-stdout]  12:17>Project "/home/runner/work/master-thesis-codeql-perf-test/master-thesis-codeql-perf-test/target-repo/src/RestSharp.Serializers.NewtonsoftJson/RestSharp.Serializers.NewtonsoftJson.csproj" (12:17) is building "/home/runner/work/master-thesis-codeql-perf-test/master-thesis-codeql-perf-test/target-repo/src/RestSharp.Serializers.NewtonsoftJson/RestSharp.Serializers.NewtonsoftJson.csproj" (12:22) on node 3 (Clean target(s)).
[2025-05-03 11:53:02] [build-stdout]     12>CoreClean:
[2025-05-03 11:53:02] [build-stdout]          Creating directory "obj/Debug/netstandard2.0/".
[2025-05-03 11:53:02] [build-stdout]     14>Done Building Project "/home/runner/work/master-thesis-codeql-perf-test/master-thesis-codeql-perf-test/target-repo/test/RestSharp.Tests/RestSharp.Tests.csproj" (Clean target(s)).
[2025-05-03 11:53:02] [build-stdout]     14>Done Building Project "/home/runner/work/master-thesis-codeql-perf-test/master-thesis-codeql-perf-test/target-repo/test/RestSharp.Tests/RestSharp.Tests.csproj" (Clean target(s)).
[2025-05-03 11:53:02] [build-stdout]      9>Done Building Project "/home/runner/work/master-thesis-codeql-perf-test/master-thesis-codeql-perf-test/target-repo/test/RestSharp.Tests.Serializers.Json/RestSharp.Tests.Serializers.Json.csproj" (Clean target(s)).
[2025-05-03 11:53:02] [build-stdout]     12>Done Building Project "/home/runner/work/master-thesis-codeql-perf-test/master-thesis-codeql-perf-test/target-repo/src/RestSharp.Serializers.NewtonsoftJson/RestSharp.Serializers.NewtonsoftJson.csproj" (Clean target(s)).
[2025-05-03 11:53:02] [build-stdout]     13>Project "/home/runner/work/master-thesis-codeql-perf-test/master-thesis-codeql-perf-test/target-repo/test/RestSharp.Tests.Integrated/RestSharp.Tests.Integrated.csproj" (13) is building "/home/runner/work/master-thesis-codeql-perf-test/master-thesis-codeql-perf-test/target-repo/test/RestSharp.Tests.Integrated/RestSharp.Tests.Integrated.csproj" (13:4) on node 4 (Clean target(s)).
[2025-05-03 11:53:02] [build-stdout]     13>CoreClean:
[2025-05-03 11:53:02] [build-stdout]          Creating directory "obj/Debug/net7.0/".
[2025-05-03 11:53:03] [build-stdout]     13>Project "/home/runner/work/master-thesis-codeql-perf-test/master-thesis-codeql-perf-test/target-repo/test/RestSharp.Tests.Integrated/RestSharp.Tests.Integrated.csproj" (13) is building "/home/runner/work/master-thesis-codeql-perf-test/master-thesis-codeql-perf-test/target-repo/test/RestSharp.Tests.Integrated/RestSharp.Tests.Integrated.csproj" (13:5) on node 2 (Clean target(s)).
[2025-05-03 11:53:03] [build-stdout]     13>CoreClean:
[2025-05-03 11:53:03] [build-stdout]          Creating directory "obj/Debug/net8.0/".
[2025-05-03 11:53:03] [build-stdout]     13>Done Building Project "/home/runner/work/master-thesis-codeql-perf-test/master-thesis-codeql-perf-test/target-repo/test/RestSharp.Tests.Integrated/RestSharp.Tests.Integrated.csproj" (Clean target(s)).
[2025-05-03 11:53:03] [build-stdout]      9>Done Building Project "/home/runner/work/master-thesis-codeql-perf-test/master-thesis-codeql-perf-test/target-repo/test/RestSharp.Tests.Serializers.Json/RestSharp.Tests.Serializers.Json.csproj" (Clean target(s)).
[2025-05-03 11:53:03] [build-stdout]      9>Done Building Project "/home/runner/work/master-thesis-codeql-perf-test/master-thesis-codeql-perf-test/target-repo/test/RestSharp.Tests.Serializers.Json/RestSharp.Tests.Serializers.Json.csproj" (Clean target(s)).
[2025-05-03 11:53:03] [build-stdout]     13>Done Building Project "/home/runner/work/master-thesis-codeql-perf-test/master-thesis-codeql-perf-test/target-repo/test/RestSharp.Tests.Integrated/RestSharp.Tests.Integrated.csproj" (Clean target(s)).
[2025-05-03 11:53:03] [build-stdout]     13>Done Building Project "/home/runner/work/master-thesis-codeql-perf-test/master-thesis-codeql-perf-test/target-repo/test/RestSharp.Tests.Integrated/RestSharp.Tests.Integrated.csproj" (Clean target(s)).
[2025-05-03 11:53:03] [build-stdout]  12:17>Project "/home/runner/work/master-thesis-codeql-perf-test/master-thesis-codeql-perf-test/target-repo/src/RestSharp.Serializers.NewtonsoftJson/RestSharp.Serializers.NewtonsoftJson.csproj" (12:17) is building "/home/runner/work/master-thesis-codeql-perf-test/master-thesis-codeql-perf-test/target-repo/src/RestSharp.Serializers.NewtonsoftJson/RestSharp.Serializers.NewtonsoftJson.csproj" (12:23) on node 2 (Clean target(s)).
[2025-05-03 11:53:03] [build-stdout]     12>CoreClean:
[2025-05-03 11:53:03] [build-stdout]          Creating directory "obj/Debug/net471/".
[2025-05-03 11:53:03] [build-stdout]     12>Done Building Project "/home/runner/work/master-thesis-codeql-perf-test/master-thesis-codeql-perf-test/target-repo/src/RestSharp.Serializers.NewtonsoftJson/RestSharp.Serializers.NewtonsoftJson.csproj" (Clean target(s)).
[2025-05-03 11:53:03] [build-stdout]     12>Done Building Project "/home/runner/work/master-thesis-codeql-perf-test/master-thesis-codeql-perf-test/target-repo/src/RestSharp.Serializers.NewtonsoftJson/RestSharp.Serializers.NewtonsoftJson.csproj" (Clean target(s)).
[2025-05-03 11:53:03] [build-stdout]      1>Done Building Project "/home/runner/work/master-thesis-codeql-perf-test/master-thesis-codeql-perf-test/target-repo/RestSharp.sln" (Clean target(s)).
[2025-05-03 11:53:03] [build-stdout] Build succeeded.
[2025-05-03 11:53:03] [build-stdout]        "/home/runner/work/master-thesis-codeql-perf-test/master-thesis-codeql-perf-test/target-repo/RestSharp.sln" (Clean target) (1) ->
[2025-05-03 11:53:03] [build-stdout]        "/home/runner/work/master-thesis-codeql-perf-test/master-thesis-codeql-perf-test/target-repo/benchmarks/RestSharp.Benchmarks/RestSharp.Benchmarks.csproj" (Clean target) (10) ->
[2025-05-03 11:53:03] [build-stdout]        (_CheckForEolTargetFrameworks target) -> 
[2025-05-03 11:53:03] [build-stdout]          /usr/share/dotnet/sdk/9.0.203/Sdks/Microsoft.NET.Sdk/targets/Microsoft.NET.EolTargetFrameworks.targets(32,5): warning NETSDK1138: The target framework 'net7.0' is out of support and will not receive security updates in the future. Please refer to https://aka.ms/dotnet-core-support for more information about the support policy. [/home/runner/work/master-thesis-codeql-perf-test/master-thesis-codeql-perf-test/target-repo/benchmarks/RestSharp.Benchmarks/RestSharp.Benchmarks.csproj]
[2025-05-03 11:53:03] [build-stdout]     1 Warning(s)
[2025-05-03 11:53:03] [build-stdout]     0 Error(s)
[2025-05-03 11:53:03] [build-stdout] Time Elapsed 00:00:04.19
[2025-05-03 11:53:03] [build-stdout] Exit code 0
[2025-05-03 11:53:03] [build-stdout] Running dotnet restore /home/runner/work/master-thesis-codeql-perf-test/master-thesis-codeql-perf-test/target-repo/RestSharp.sln
[2025-05-03 11:53:04] [build-stdout]   Determining projects to restore...
[2025-05-03 11:53:05] [build-stdout] /usr/share/dotnet/sdk/9.0.203/Sdks/Microsoft.NET.Sdk/targets/Microsoft.NET.EolTargetFrameworks.targets(32,5): warning NETSDK1138: The target framework 'net7.0' is out of support and will not receive security updates in the future. Please refer to https://aka.ms/dotnet-core-support for more information about the support policy. [/home/runner/work/master-thesis-codeql-perf-test/master-thesis-codeql-perf-test/target-repo/benchmarks/RestSharp.Benchmarks/RestSharp.Benchmarks.csproj]
[2025-05-03 11:53:06] [build-stdout] /usr/share/dotnet/sdk/9.0.203/Sdks/Microsoft.NET.Sdk/targets/Microsoft.NET.EolTargetFrameworks.targets(32,5): warning NETSDK1138: The target framework 'net7.0' is out of support and will not receive security updates in the future. Please refer to https://aka.ms/dotnet-core-support for more information about the support policy. [/home/runner/work/master-thesis-codeql-perf-test/master-thesis-codeql-perf-test/target-repo/test/RestSharp.InteractiveTests/RestSharp.InteractiveTests.csproj::TargetFramework=net7.0]
[2025-05-03 11:53:07] [build-stdout] /home/runner/work/master-thesis-codeql-perf-test/master-thesis-codeql-perf-test/target-repo/src/RestSharp/RestSharp.csproj : warning NU1903: Package 'System.Text.Json' 8.0.4 has a known high severity vulnerability, https://github.com/advisories/GHSA-8g4q-xg66-9fp4 [/home/runner/work/master-thesis-codeql-perf-test/master-thesis-codeql-perf-test/target-repo/RestSharp.sln]
[2025-05-03 11:53:07] [build-stdout]   All projects are up-to-date for restore.
[2025-05-03 11:53:07] [build-stdout] Exit code 0
[2025-05-03 11:53:07] [build-stdout] Running dotnet build --no-incremental /home/runner/work/master-thesis-codeql-perf-test/master-thesis-codeql-perf-test/target-repo/RestSharp.sln
[2025-05-03 11:53:08] [build-stdout]   Determining projects to restore...
[2025-05-03 11:53:10] [build-stdout] /usr/share/dotnet/sdk/9.0.203/Sdks/Microsoft.NET.Sdk/targets/Microsoft.NET.EolTargetFrameworks.targets(32,5): warning NETSDK1138: The target framework 'net7.0' is out of support and will not receive security updates in the future. Please refer to https://aka.ms/dotnet-core-support for more information about the support policy. [/home/runner/work/master-thesis-codeql-perf-test/master-thesis-codeql-perf-test/target-repo/benchmarks/RestSharp.Benchmarks/RestSharp.Benchmarks.csproj]
[2025-05-03 11:53:10] [build-stdout] /usr/share/dotnet/sdk/9.0.203/Sdks/Microsoft.NET.Sdk/targets/Microsoft.NET.EolTargetFrameworks.targets(32,5): warning NETSDK1138: The target framework 'net7.0' is out of support and will not receive security updates in the future. Please refer to https://aka.ms/dotnet-core-support for more information about the support policy. [/home/runner/work/master-thesis-codeql-perf-test/master-thesis-codeql-perf-test/target-repo/test/RestSharp.InteractiveTests/RestSharp.InteractiveTests.csproj::TargetFramework=net7.0]
[2025-05-03 11:53:11] [build-stdout] /home/runner/work/master-thesis-codeql-perf-test/master-thesis-codeql-perf-test/target-repo/src/RestSharp/RestSharp.csproj : warning NU1903: Package 'System.Text.Json' 8.0.4 has a known high severity vulnerability, https://github.com/advisories/GHSA-8g4q-xg66-9fp4 [/home/runner/work/master-thesis-codeql-perf-test/master-thesis-codeql-perf-test/target-repo/RestSharp.sln]
[2025-05-03 11:53:11] [build-stdout]   All projects are up-to-date for restore.
[2025-05-03 11:53:13] [build-stdout] /usr/share/dotnet/sdk/9.0.203/Sdks/Microsoft.NET.Sdk/targets/Microsoft.NET.EolTargetFrameworks.targets(32,5): warning NETSDK1138: The target framework 'net7.0' is out of support and will not receive security updates in the future. Please refer to https://aka.ms/dotnet-core-support for more information about the support policy. [/home/runner/work/master-thesis-codeql-perf-test/master-thesis-codeql-perf-test/target-repo/benchmarks/RestSharp.Benchmarks/RestSharp.Benchmarks.csproj]
[2025-05-03 11:53:24] [build-stdout]   SourceGenerator -> /home/runner/work/master-thesis-codeql-perf-test/master-thesis-codeql-perf-test/target-repo/gen/SourceGenerator/bin/Debug/netstandard2.0/SourceGenerator.dll
[2025-05-03 11:53:29] [build-stdout] /home/runner/work/master-thesis-codeql-perf-test/master-thesis-codeql-perf-test/target-repo/src/RestSharp/obj/Debug/net48/generated/SourceGenerator/SourceGenerator.ImmutableGenerator/ReadOnlyRestClientOptions.cs(32,22): warning CS0618: 'RestClientOptions.MaxTimeout' is obsolete: 'Use Timeout instead.' [/home/runner/work/master-thesis-codeql-perf-test/master-thesis-codeql-perf-test/target-repo/src/RestSharp/RestSharp.csproj::TargetFramework=net48]
[2025-05-03 11:53:29] [build-stdout] /home/runner/work/master-thesis-codeql-perf-test/master-thesis-codeql-perf-test/target-repo/src/RestSharp/obj/Debug/netstandard2.0/generated/SourceGenerator/SourceGenerator.ImmutableGenerator/ReadOnlyRestClientOptions.cs(32,22): warning CS0618: 'RestClientOptions.MaxTimeout' is obsolete: 'Use Timeout instead.' [/home/runner/work/master-thesis-codeql-perf-test/master-thesis-codeql-perf-test/target-repo/src/RestSharp/RestSharp.csproj::TargetFramework=netstandard2.0]
[2025-05-03 11:53:31] [build-stdout] /home/runner/work/master-thesis-codeql-perf-test/master-thesis-codeql-perf-test/target-repo/src/RestSharp/obj/Debug/net6.0/generated/SourceGenerator/SourceGenerator.ImmutableGenerator/ReadOnlyRestClientOptions.cs(33,22): warning CS0618: 'RestClientOptions.MaxTimeout' is obsolete: 'Use Timeout instead.' [/home/runner/work/master-thesis-codeql-perf-test/master-thesis-codeql-perf-test/target-repo/src/RestSharp/RestSharp.csproj::TargetFramework=net6.0]
[2025-05-03 11:53:33] [build-stdout] /home/runner/work/master-thesis-codeql-perf-test/master-thesis-codeql-perf-test/target-repo/src/RestSharp/obj/Debug/net7.0/generated/SourceGenerator/SourceGenerator.ImmutableGenerator/ReadOnlyRestClientOptions.cs(33,22): warning CS0618: 'RestClientOptions.MaxTimeout' is obsolete: 'Use Timeout instead.' [/home/runner/work/master-thesis-codeql-perf-test/master-thesis-codeql-perf-test/target-repo/src/RestSharp/RestSharp.csproj::TargetFramework=net7.0]
[2025-05-03 11:53:42] [build-stdout]   RestSharp -> /home/runner/work/master-thesis-codeql-perf-test/master-thesis-codeql-perf-test/target-repo/src/RestSharp/bin/Debug/netstandard2.0/RestSharp.dll
[2025-05-03 11:53:55] [build-stdout] /home/runner/work/master-thesis-codeql-perf-test/master-thesis-codeql-perf-test/target-repo/src/RestSharp/obj/Debug/net8.0/generated/SourceGenerator/SourceGenerator.ImmutableGenerator/ReadOnlyRestClientOptions.cs(33,22): warning CS0618: 'RestClientOptions.MaxTimeout' is obsolete: 'Use Timeout instead.' [/home/runner/work/master-thesis-codeql-perf-test/master-thesis-codeql-perf-test/target-repo/src/RestSharp/RestSharp.csproj::TargetFramework=net8.0]
[2025-05-03 11:54:07] [build-stdout]   RestSharp -> /home/runner/work/master-thesis-codeql-perf-test/master-thesis-codeql-perf-test/target-repo/src/RestSharp/bin/Debug/net8.0/RestSharp.dll
[2025-05-03 11:54:07] [build-stdout]   RestSharp -> /home/runner/work/master-thesis-codeql-perf-test/master-thesis-codeql-perf-test/target-repo/src/RestSharp/bin/Debug/net48/RestSharp.dll
[2025-05-03 11:54:07] [build-stdout]   RestSharp -> /home/runner/work/master-thesis-codeql-perf-test/master-thesis-codeql-perf-test/target-repo/src/RestSharp/bin/Debug/net7.0/RestSharp.dll
[2025-05-03 11:54:07] [build-stdout]   RestSharp -> /home/runner/work/master-thesis-codeql-perf-test/master-thesis-codeql-perf-test/target-repo/src/RestSharp/bin/Debug/net6.0/RestSharp.dll
[2025-05-03 11:54:11] [build-stdout] /home/runner/work/master-thesis-codeql-perf-test/master-thesis-codeql-perf-test/target-repo/src/RestSharp/obj/Debug/net471/generated/SourceGenerator/SourceGenerator.ImmutableGenerator/ReadOnlyRestClientOptions.cs(32,22): warning CS0618: 'RestClientOptions.MaxTimeout' is obsolete: 'Use Timeout instead.' [/home/runner/work/master-thesis-codeql-perf-test/master-thesis-codeql-perf-test/target-repo/src/RestSharp/RestSharp.csproj::TargetFramework=net471]
[2025-05-03 11:54:13] [build-stdout]   RestSharp.Serializers.CsvHelper -> /home/runner/work/master-thesis-codeql-perf-test/master-thesis-codeql-perf-test/target-repo/src/RestSharp.Serializers.CsvHelper/bin/Debug/net48/RestSharp.Serializers.CsvHelper.dll
[2025-05-03 11:54:30] [build-stdout]   RestSharp.Tests.Shared -> /home/runner/work/master-thesis-codeql-perf-test/master-thesis-codeql-perf-test/target-repo/test/RestSharp.Tests.Shared/bin/Debug/net48/RestSharp.Tests.Shared.dll
[2025-05-03 11:54:30] [build-stdout]   RestSharp -> /home/runner/work/master-thesis-codeql-perf-test/master-thesis-codeql-perf-test/target-repo/src/RestSharp/bin/Debug/net471/RestSharp.dll
[2025-05-03 11:54:40] [build-stdout]   RestSharp.Serializers.Xml -> /home/runner/work/master-thesis-codeql-perf-test/master-thesis-codeql-perf-test/target-repo/src/RestSharp.Serializers.Xml/bin/Debug/net8.0/RestSharp.Serializers.Xml.dll
[2025-05-03 11:54:42] [build-stdout]   RestSharp.Tests -> /home/runner/work/master-thesis-codeql-perf-test/master-thesis-codeql-perf-test/target-repo/test/RestSharp.Tests/bin/Debug/net48/RestSharp.Tests.dll
[2025-05-03 11:54:46] [build-stdout]   RestSharp.Tests.Shared -> /home/runner/work/master-thesis-codeql-perf-test/master-thesis-codeql-perf-test/target-repo/test/RestSharp.Tests.Shared/bin/Debug/net8.0/RestSharp.Tests.Shared.dll
[2025-05-03 11:54:46] [build-stdout]   RestSharp.Serializers.CsvHelper -> /home/runner/work/master-thesis-codeql-perf-test/master-thesis-codeql-perf-test/target-repo/src/RestSharp.Serializers.CsvHelper/bin/Debug/netstandard2.0/RestSharp.Serializers.CsvHelper.dll
[2025-05-03 11:54:48] [build-stdout]   RestSharp.Serializers.CsvHelper -> /home/runner/work/master-thesis-codeql-perf-test/master-thesis-codeql-perf-test/target-repo/src/RestSharp.Serializers.CsvHelper/bin/Debug/net8.0/RestSharp.Serializers.CsvHelper.dll
[2025-05-03 11:54:48] [build-stdout]   RestSharp.Serializers.Xml -> /home/runner/work/master-thesis-codeql-perf-test/master-thesis-codeql-perf-test/target-repo/src/RestSharp.Serializers.Xml/bin/Debug/netstandard2.0/RestSharp.Serializers.Xml.dll
[2025-05-03 11:54:49] [build-stdout]   RestSharp.Serializers.NewtonsoftJson -> /home/runner/work/master-thesis-codeql-perf-test/master-thesis-codeql-perf-test/target-repo/src/RestSharp.Serializers.NewtonsoftJson/bin/Debug/net7.0/RestSharp.Serializers.NewtonsoftJson.dll
[2025-05-03 11:54:49] [build-stdout]   RestSharp.Serializers.Xml -> /home/runner/work/master-thesis-codeql-perf-test/master-thesis-codeql-perf-test/target-repo/src/RestSharp.Serializers.Xml/bin/Debug/net471/RestSharp.Serializers.Xml.dll
[2025-05-03 11:54:54] [build-stdout]   RestSharp.Serializers.CsvHelper -> /home/runner/work/master-thesis-codeql-perf-test/master-thesis-codeql-perf-test/target-repo/src/RestSharp.Serializers.CsvHelper/bin/Debug/net7.0/RestSharp.Serializers.CsvHelper.dll
[2025-05-03 11:54:56] [build-stdout]   RestSharp.Tests.Shared -> /home/runner/work/master-thesis-codeql-perf-test/master-thesis-codeql-perf-test/target-repo/test/RestSharp.Tests.Shared/bin/Debug/net7.0/RestSharp.Tests.Shared.dll
[2025-05-03 11:54:56] [build-stdout]   RestSharp.Serializers.NewtonsoftJson -> /home/runner/work/master-thesis-codeql-perf-test/master-thesis-codeql-perf-test/target-repo/src/RestSharp.Serializers.NewtonsoftJson/bin/Debug/net8.0/RestSharp.Serializers.NewtonsoftJson.dll
[2025-05-03 11:54:59] [build-stdout]   RestSharp.Serializers.NewtonsoftJson -> /home/runner/work/master-thesis-codeql-perf-test/master-thesis-codeql-perf-test/target-repo/src/RestSharp.Serializers.NewtonsoftJson/bin/Debug/net471/RestSharp.Serializers.NewtonsoftJson.dll
[2025-05-03 11:54:59] [build-stdout]   RestSharp.Serializers.CsvHelper -> /home/runner/work/master-thesis-codeql-perf-test/master-thesis-codeql-perf-test/target-repo/src/RestSharp.Serializers.CsvHelper/bin/Debug/net471/RestSharp.Serializers.CsvHelper.dll
[2025-05-03 11:54:59] [build-stdout]   RestSharp.Serializers.NewtonsoftJson -> /home/runner/work/master-thesis-codeql-perf-test/master-thesis-codeql-perf-test/target-repo/src/RestSharp.Serializers.NewtonsoftJson/bin/Debug/netstandard2.0/RestSharp.Serializers.NewtonsoftJson.dll
[2025-05-03 11:55:04] [build-stdout]   RestSharp.Tests.Serializers.Csv -> /home/runner/work/master-thesis-codeql-perf-test/master-thesis-codeql-perf-test/target-repo/test/RestSharp.Tests.Serializers.Csv/bin/Debug/net48/RestSharp.Tests.Serializers.Csv.dll
[2025-05-03 11:55:04] [build-stdout]   RestSharp.Serializers.NewtonsoftJson -> /home/runner/work/master-thesis-codeql-perf-test/master-thesis-codeql-perf-test/target-repo/src/RestSharp.Serializers.NewtonsoftJson/bin/Debug/net6.0/RestSharp.Serializers.NewtonsoftJson.dll
[2025-05-03 11:55:12] [build-stdout]   RestSharp.Serializers.Xml -> /home/runner/work/master-thesis-codeql-perf-test/master-thesis-codeql-perf-test/target-repo/src/RestSharp.Serializers.Xml/bin/Debug/net6.0/RestSharp.Serializers.Xml.dll
[2025-05-03 11:55:13] [build-stdout]   RestSharp.Tests.Shared -> /home/runner/work/master-thesis-codeql-perf-test/master-thesis-codeql-perf-test/target-repo/test/RestSharp.Tests.Shared/bin/Debug/net6.0/RestSharp.Tests.Shared.dll
[2025-05-03 11:55:13] [build-stdout]   RestSharp.Serializers.NewtonsoftJson -> /home/runner/work/master-thesis-codeql-perf-test/master-thesis-codeql-perf-test/target-repo/src/RestSharp.Serializers.NewtonsoftJson/bin/Debug/net48/RestSharp.Serializers.NewtonsoftJson.dll
[2025-05-03 11:55:19] [build-stdout]   RestSharp.Tests -> /home/runner/work/master-thesis-codeql-perf-test/master-thesis-codeql-perf-test/target-repo/test/RestSharp.Tests/bin/Debug/net8.0/RestSharp.Tests.dll
[2025-05-03 11:55:20] [build-stdout] CSC : warning CS8002: Referenced assembly 'HttpTracer, Version=1.0.0.0, Culture=neutral, PublicKeyToken=null' does not have a strong name. [/home/runner/work/master-thesis-codeql-perf-test/master-thesis-codeql-perf-test/target-repo/test/RestSharp.Tests.Integrated/RestSharp.Tests.Integrated.csproj::TargetFramework=net8.0]
[2025-05-03 11:55:25] [build-stdout]   RestSharp.Tests.Serializers.Xml -> /home/runner/work/master-thesis-codeql-perf-test/master-thesis-codeql-perf-test/target-repo/test/RestSharp.Tests.Serializers.Xml/bin/Debug/net8.0/RestSharp.Tests.Serializers.Xml.dll
[2025-05-03 11:55:27] [build-stdout]   RestSharp.Tests.Integrated -> /home/runner/work/master-thesis-codeql-perf-test/master-thesis-codeql-perf-test/target-repo/test/RestSharp.Tests.Integrated/bin/Debug/net8.0/RestSharp.Tests.Integrated.dll
[2025-05-03 11:55:27] [build-stdout]   RestSharp.Tests.Serializers.Json -> /home/runner/work/master-thesis-codeql-perf-test/master-thesis-codeql-perf-test/target-repo/test/RestSharp.Tests.Serializers.Json/bin/Debug/net8.0/RestSharp.Tests.Serializers.Json.dll
[2025-05-03 11:55:33] [build-stdout]   RestSharp.Serializers.Xml -> /home/runner/work/master-thesis-codeql-perf-test/master-thesis-codeql-perf-test/target-repo/src/RestSharp.Serializers.Xml/bin/Debug/net7.0/RestSharp.Serializers.Xml.dll
[2025-05-03 11:55:38] [build-stdout]   RestSharp.Serializers.Xml -> /home/runner/work/master-thesis-codeql-perf-test/master-thesis-codeql-perf-test/target-repo/src/RestSharp.Serializers.Xml/bin/Debug/net48/RestSharp.Serializers.Xml.dll
[2025-05-03 11:55:38] [build-stdout]   RestSharp.Benchmarks -> /home/runner/work/master-thesis-codeql-perf-test/master-thesis-codeql-perf-test/target-repo/benchmarks/RestSharp.Benchmarks/bin/Debug/net7.0/RestSharp.Benchmarks.dll
[2025-05-03 11:55:44] [build-stdout]   RestSharp.Tests.Serializers.Csv -> /home/runner/work/master-thesis-codeql-perf-test/master-thesis-codeql-perf-test/target-repo/test/RestSharp.Tests.Serializers.Csv/bin/Debug/net7.0/RestSharp.Tests.Serializers.Csv.dll
[2025-05-03 11:55:46] [build-stdout]   RestSharp.Tests.Serializers.Xml -> /home/runner/work/master-thesis-codeql-perf-test/master-thesis-codeql-perf-test/target-repo/test/RestSharp.Tests.Serializers.Xml/bin/Debug/net6.0/RestSharp.Tests.Serializers.Xml.dll
[2025-05-03 11:55:49] [build-stdout]   RestSharp.Tests.Serializers.Xml -> /home/runner/work/master-thesis-codeql-perf-test/master-thesis-codeql-perf-test/target-repo/test/RestSharp.Tests.Serializers.Xml/bin/Debug/net48/RestSharp.Tests.Serializers.Xml.dll
[2025-05-03 11:55:55] [build-stdout]   RestSharp.Tests.Serializers.Xml -> /home/runner/work/master-thesis-codeql-perf-test/master-thesis-codeql-perf-test/target-repo/test/RestSharp.Tests.Serializers.Xml/bin/Debug/net7.0/RestSharp.Tests.Serializers.Xml.dll
[2025-05-03 11:55:56] [build-stdout] CSC : warning CS8002: Referenced assembly 'HttpTracer, Version=1.0.0.0, Culture=neutral, PublicKeyToken=null' does not have a strong name. [/home/runner/work/master-thesis-codeql-perf-test/master-thesis-codeql-perf-test/target-repo/test/RestSharp.Tests.Integrated/RestSharp.Tests.Integrated.csproj::TargetFramework=net48]
[2025-05-03 11:56:03] [build-stdout]   RestSharp.Serializers.CsvHelper -> /home/runner/work/master-thesis-codeql-perf-test/master-thesis-codeql-perf-test/target-repo/src/RestSharp.Serializers.CsvHelper/bin/Debug/net6.0/RestSharp.Serializers.CsvHelper.dll
[2025-05-03 11:56:03] [build-stdout]   RestSharp.Tests.Integrated -> /home/runner/work/master-thesis-codeql-perf-test/master-thesis-codeql-perf-test/target-repo/test/RestSharp.Tests.Integrated/bin/Debug/net48/RestSharp.Tests.Integrated.dll
[2025-05-03 11:56:11] [build-stdout]   RestSharp.Tests -> /home/runner/work/master-thesis-codeql-perf-test/master-thesis-codeql-perf-test/target-repo/test/RestSharp.Tests/bin/Debug/net6.0/RestSharp.Tests.dll
[2025-05-03 11:56:13] [build-stdout] CSC : warning CS8002: Referenced assembly 'HttpTracer, Version=1.0.0.0, Culture=neutral, PublicKeyToken=null' does not have a strong name. [/home/runner/work/master-thesis-codeql-perf-test/master-thesis-codeql-perf-test/target-repo/test/RestSharp.Tests.Integrated/RestSharp.Tests.Integrated.csproj::TargetFramework=net6.0]
[2025-05-03 11:56:17] [build-stdout]   RestSharp.Tests.Integrated -> /home/runner/work/master-thesis-codeql-perf-test/master-thesis-codeql-perf-test/target-repo/test/RestSharp.Tests.Integrated/bin/Debug/net6.0/RestSharp.Tests.Integrated.dll
[2025-05-03 11:56:24] [build-stdout]   RestSharp.Tests.Serializers.Json -> /home/runner/work/master-thesis-codeql-perf-test/master-thesis-codeql-perf-test/target-repo/test/RestSharp.Tests.Serializers.Json/bin/Debug/net6.0/RestSharp.Tests.Serializers.Json.dll
[2025-05-03 11:56:24] [build-stdout]   RestSharp.Tests.Serializers.Csv -> /home/runner/work/master-thesis-codeql-perf-test/master-thesis-codeql-perf-test/target-repo/test/RestSharp.Tests.Serializers.Csv/bin/Debug/net6.0/RestSharp.Tests.Serializers.Csv.dll
[2025-05-03 11:56:28] [build-stdout]   RestSharp.Tests -> /home/runner/work/master-thesis-codeql-perf-test/master-thesis-codeql-perf-test/target-repo/test/RestSharp.Tests/bin/Debug/net7.0/RestSharp.Tests.dll
[2025-05-03 11:56:29] [build-stdout]   RestSharp.Tests.Serializers.Json -> /home/runner/work/master-thesis-codeql-perf-test/master-thesis-codeql-perf-test/target-repo/test/RestSharp.Tests.Serializers.Json/bin/Debug/net48/RestSharp.Tests.Serializers.Json.dll
[2025-05-03 11:56:30] [build-stdout]   RestSharp.Tests.Serializers.Json -> /home/runner/work/master-thesis-codeql-perf-test/master-thesis-codeql-perf-test/target-repo/test/RestSharp.Tests.Serializers.Json/bin/Debug/net7.0/RestSharp.Tests.Serializers.Json.dll
[2025-05-03 11:56:33] [build-stdout] CSC : warning CS8002: Referenced assembly 'HttpTracer, Version=1.0.0.0, Culture=neutral, PublicKeyToken=null' does not have a strong name. [/home/runner/work/master-thesis-codeql-perf-test/master-thesis-codeql-perf-test/target-repo/test/RestSharp.Tests.Integrated/RestSharp.Tests.Integrated.csproj::TargetFramework=net7.0]
[2025-05-03 11:56:36] [build-stdout]   RestSharp.Tests.Integrated -> /home/runner/work/master-thesis-codeql-perf-test/master-thesis-codeql-perf-test/target-repo/test/RestSharp.Tests.Integrated/bin/Debug/net7.0/RestSharp.Tests.Integrated.dll
[2025-05-03 11:56:36] [build-stdout]   RestSharp.InteractiveTests -> /home/runner/work/master-thesis-codeql-perf-test/master-thesis-codeql-perf-test/target-repo/test/RestSharp.InteractiveTests/bin/Debug/net6.0/RestSharp.InteractiveTests.dll
[2025-05-03 11:56:41] [build-stdout]   RestSharp.Tests.Serializers.Csv -> /home/runner/work/master-thesis-codeql-perf-test/master-thesis-codeql-perf-test/target-repo/test/RestSharp.Tests.Serializers.Csv/bin/Debug/net8.0/RestSharp.Tests.Serializers.Csv.dll
[2025-05-03 11:56:41] [build-stdout] Build succeeded.
[2025-05-03 11:56:41] [build-stdout] /usr/share/dotnet/sdk/9.0.203/Sdks/Microsoft.NET.Sdk/targets/Microsoft.NET.EolTargetFrameworks.targets(32,5): warning NETSDK1138: The target framework 'net7.0' is out of support and will not receive security updates in the future. Please refer to https://aka.ms/dotnet-core-support for more information about the support policy. [/home/runner/work/master-thesis-codeql-perf-test/master-thesis-codeql-perf-test/target-repo/benchmarks/RestSharp.Benchmarks/RestSharp.Benchmarks.csproj]
[2025-05-03 11:56:41] [build-stdout] /usr/share/dotnet/sdk/9.0.203/Sdks/Microsoft.NET.Sdk/targets/Microsoft.NET.EolTargetFrameworks.targets(32,5): warning NETSDK1138: The target framework 'net7.0' is out of support and will not receive security updates in the future. Please refer to https://aka.ms/dotnet-core-support for more information about the support policy. [/home/runner/work/master-thesis-codeql-perf-test/master-thesis-codeql-perf-test/target-repo/test/RestSharp.InteractiveTests/RestSharp.InteractiveTests.csproj::TargetFramework=net7.0]
[2025-05-03 11:56:41] [build-stdout] /home/runner/work/master-thesis-codeql-perf-test/master-thesis-codeql-perf-test/target-repo/src/RestSharp/RestSharp.csproj : warning NU1903: Package 'System.Text.Json' 8.0.4 has a known high severity vulnerability, https://github.com/advisories/GHSA-8g4q-xg66-9fp4 [/home/runner/work/master-thesis-codeql-perf-test/master-thesis-codeql-perf-test/target-repo/RestSharp.sln]
[2025-05-03 11:56:41] [build-stdout] /usr/share/dotnet/sdk/9.0.203/Sdks/Microsoft.NET.Sdk/targets/Microsoft.NET.EolTargetFrameworks.targets(32,5): warning NETSDK1138: The target framework 'net7.0' is out of support and will not receive security updates in the future. Please refer to https://aka.ms/dotnet-core-support for more information about the support policy. [/home/runner/work/master-thesis-codeql-perf-test/master-thesis-codeql-perf-test/target-repo/benchmarks/RestSharp.Benchmarks/RestSharp.Benchmarks.csproj]
[2025-05-03 11:56:41] [build-stdout] /home/runner/work/master-thesis-codeql-perf-test/master-thesis-codeql-perf-test/target-repo/src/RestSharp/obj/Debug/net48/generated/SourceGenerator/SourceGenerator.ImmutableGenerator/ReadOnlyRestClientOptions.cs(32,22): warning CS0618: 'RestClientOptions.MaxTimeout' is obsolete: 'Use Timeout instead.' [/home/runner/work/master-thesis-codeql-perf-test/master-thesis-codeql-perf-test/target-repo/src/RestSharp/RestSharp.csproj::TargetFramework=net48]
[2025-05-03 11:56:41] [build-stdout] /home/runner/work/master-thesis-codeql-perf-test/master-thesis-codeql-perf-test/target-repo/src/RestSharp/obj/Debug/netstandard2.0/generated/SourceGenerator/SourceGenerator.ImmutableGenerator/ReadOnlyRestClientOptions.cs(32,22): warning CS0618: 'RestClientOptions.MaxTimeout' is obsolete: 'Use Timeout instead.' [/home/runner/work/master-thesis-codeql-perf-test/master-thesis-codeql-perf-test/target-repo/src/RestSharp/RestSharp.csproj::TargetFramework=netstandard2.0]
[2025-05-03 11:56:41] [build-stdout] /home/runner/work/master-thesis-codeql-perf-test/master-thesis-codeql-perf-test/target-repo/src/RestSharp/obj/Debug/net6.0/generated/SourceGenerator/SourceGenerator.ImmutableGenerator/ReadOnlyRestClientOptions.cs(33,22): warning CS0618: 'RestClientOptions.MaxTimeout' is obsolete: 'Use Timeout instead.' [/home/runner/work/master-thesis-codeql-perf-test/master-thesis-codeql-perf-test/target-repo/src/RestSharp/RestSharp.csproj::TargetFramework=net6.0]
[2025-05-03 11:56:41] [build-stdout] /home/runner/work/master-thesis-codeql-perf-test/master-thesis-codeql-perf-test/target-repo/src/RestSharp/obj/Debug/net7.0/generated/SourceGenerator/SourceGenerator.ImmutableGenerator/ReadOnlyRestClientOptions.cs(33,22): warning CS0618: 'RestClientOptions.MaxTimeout' is obsolete: 'Use Timeout instead.' [/home/runner/work/master-thesis-codeql-perf-test/master-thesis-codeql-perf-test/target-repo/src/RestSharp/RestSharp.csproj::TargetFramework=net7.0]
[2025-05-03 11:56:41] [build-stdout] /home/runner/work/master-thesis-codeql-perf-test/master-thesis-codeql-perf-test/target-repo/src/RestSharp/obj/Debug/net8.0/generated/SourceGenerator/SourceGenerator.ImmutableGenerator/ReadOnlyRestClientOptions.cs(33,22): warning CS0618: 'RestClientOptions.MaxTimeout' is obsolete: 'Use Timeout instead.' [/home/runner/work/master-thesis-codeql-perf-test/master-thesis-codeql-perf-test/target-repo/src/RestSharp/RestSharp.csproj::TargetFramework=net8.0]
[2025-05-03 11:56:41] [build-stdout] /home/runner/work/master-thesis-codeql-perf-test/master-thesis-codeql-perf-test/target-repo/src/RestSharp/obj/Debug/net471/generated/SourceGenerator/SourceGenerator.ImmutableGenerator/ReadOnlyRestClientOptions.cs(32,22): warning CS0618: 'RestClientOptions.MaxTimeout' is obsolete: 'Use Timeout instead.' [/home/runner/work/master-thesis-codeql-perf-test/master-thesis-codeql-perf-test/target-repo/src/RestSharp/RestSharp.csproj::TargetFramework=net471]
[2025-05-03 11:56:41] [build-stdout] CSC : warning CS8002: Referenced assembly 'HttpTracer, Version=1.0.0.0, Culture=neutral, PublicKeyToken=null' does not have a strong name. [/home/runner/work/master-thesis-codeql-perf-test/master-thesis-codeql-perf-test/target-repo/test/RestSharp.Tests.Integrated/RestSharp.Tests.Integrated.csproj::TargetFramework=net8.0]
[2025-05-03 11:56:41] [build-stdout] CSC : warning CS8002: Referenced assembly 'HttpTracer, Version=1.0.0.0, Culture=neutral, PublicKeyToken=null' does not have a strong name. [/home/runner/work/master-thesis-codeql-perf-test/master-thesis-codeql-perf-test/target-repo/test/RestSharp.Tests.Integrated/RestSharp.Tests.Integrated.csproj::TargetFramework=net48]
[2025-05-03 11:56:41] [build-stdout] CSC : warning CS8002: Referenced assembly 'HttpTracer, Version=1.0.0.0, Culture=neutral, PublicKeyToken=null' does not have a strong name. [/home/runner/work/master-thesis-codeql-perf-test/master-thesis-codeql-perf-test/target-repo/test/RestSharp.Tests.Integrated/RestSharp.Tests.Integrated.csproj::TargetFramework=net6.0]
[2025-05-03 11:56:41] [build-stdout] CSC : warning CS8002: Referenced assembly 'HttpTracer, Version=1.0.0.0, Culture=neutral, PublicKeyToken=null' does not have a strong name. [/home/runner/work/master-thesis-codeql-perf-test/master-thesis-codeql-perf-test/target-repo/test/RestSharp.Tests.Integrated/RestSharp.Tests.Integrated.csproj::TargetFramework=net7.0]
[2025-05-03 11:56:41] [build-stdout]     14 Warning(s)
[2025-05-03 11:56:41] [build-stdout]     0 Error(s)
[2025-05-03 11:56:41] [build-stdout] Time Elapsed 00:03:33.44
[2025-05-03 11:56:41] [build-stdout] Exit code 0
Finalizing database at /home/runner/work/master-thesis-codeql-perf-test/master-thesis-codeql-perf-test/db.
Running pre-finalize script /home/runner/work/master-thesis-codeql-perf-test/master-thesis-codeql-perf-test/codeql/csharp/tools/pre-finalize.sh in /home/runner/work/master-thesis-codeql-perf-test/master-thesis-codeql-perf-test/target-repo.
Running command in /home/runner/work/master-thesis-codeql-perf-test/master-thesis-codeql-perf-test/target-repo: [/home/runner/work/master-thesis-codeql-perf-test/master-thesis-codeql-perf-test/codeql/csharp/tools/pre-finalize.sh]
Running TRAP import for CodeQL database at /home/runner/work/master-thesis-codeql-perf-test/master-thesis-codeql-perf-test/db...
Importing TRAP files
Merging relations
Finished writing database (relations: 22.30 MiB; string pool: 11.03 MiB).
TRAP import complete (19.3s).
Finished zipping source archive (1.58 MiB).
Successfully created database at /home/runner/work/master-thesis-codeql-perf-test/master-thesis-codeql-perf-test/db.
-> Schritt 1: Erstelle CodeQL-Datenbank gestartet bei +14820 ms, Dauer: 252754 ms

Schritt 2: Fhre Query aus
Error retrieving qlpack commit hash from Git repository
Compiling query plan for /home/runner/work/master-thesis-codeql-perf-test/master-thesis-codeql-perf-test/identify-call-paths.ql.
[1/1 comp 52.7s] Compiled /home/runner/work/master-thesis-codeql-perf-test/master-thesis-codeql-perf-test/identify-call-paths.ql.
Starting evaluation of getting-started/codeql-extra-queries-csharp/identify-call-paths.ql.
[1/1 eval 57s] Evaluation done; writing results to /home/runner/work/master-thesis-codeql-perf-test/master-thesis-codeql-perf-test/out.bqrs.
Shutting down query evaluator.
-> Schritt 2: Fhre Query aus gestartet bei +267576 ms, Dauer: 115525 ms

Schritt 3: Dekodiere Ergebnisse nach CSV
-> Schritt 3: Dekodiere Ergebnisse nach CSV gestartet bei +383103 ms, Dauer: 718 ms

CSV-Ausgabe: restsharp-RestSharp.results.csv
Starting up command './run-analysis.sh -s target-repo/. -d db -q identify-call-paths.ql -c restsharp-RestSharp.results.csv' and attaching to process
Process finished (383.82 seconds)
