Schritt 0: dotnet restore
  Determining projects to restore...
  Restored /home/runner/work/master-thesis-codeql-perf-test/master-thesis-codeql-perf-test/target-repo/src/DnsClient/DnsClient.csproj (in 2.66 sec).
  Restored /home/runner/work/master-thesis-codeql-perf-test/master-thesis-codeql-perf-test/target-repo/samples/MiniDig/MiniDig.csproj (in 2.62 sec).
  Restored /home/runner/work/master-thesis-codeql-perf-test/master-thesis-codeql-perf-test/target-repo/test-other/DnsClient.TestsCommon/DnsClient.TestsCommon.csproj (in 39 ms).
  Restored /home/runner/work/master-thesis-codeql-perf-test/master-thesis-codeql-perf-test/target-repo/test-other/DnsClient.PerfTestHost/DnsClient.PerfTestHost.csproj (in 2 ms).
  Restored /home/runner/work/master-thesis-codeql-perf-test/master-thesis-codeql-perf-test/target-repo/test-other/OldReference/OldReference.csproj (in 187 ms).
  Restored /home/runner/work/master-thesis-codeql-perf-test/master-thesis-codeql-perf-test/target-repo/test/DnsClient.Tests/DnsClient.Tests.csproj (in 3.26 sec).
  Restored /home/runner/work/master-thesis-codeql-perf-test/master-thesis-codeql-perf-test/target-repo/test/DnsClient.ThirdParty.Tests/DnsClient.ThirdParty.Tests.csproj (in 3.27 sec).
  Restored /home/runner/work/master-thesis-codeql-perf-test/master-thesis-codeql-perf-test/target-repo/test-other/Benchmarks/Benchmarks.csproj (in 1.71 sec).
-> Schritt 0: dotnet restore gestartet bei +2 ms, Dauer: 7626 ms

Schritt 1: Erstelle CodeQL-Datenbank
Initializing database at /home/runner/work/master-thesis-codeql-perf-test/master-thesis-codeql-perf-test/db.
Running build command: [/home/runner/work/master-thesis-codeql-perf-test/master-thesis-codeql-perf-test/codeql/csharp/tools/autobuild.sh]
Running command in /home/runner/work/master-thesis-codeql-perf-test/master-thesis-codeql-perf-test/target-repo: [/home/runner/work/master-thesis-codeql-perf-test/master-thesis-codeql-perf-test/codeql/csharp/tools/autobuild.sh]
[2025-05-03 09:40:11] [build-stdout] CodeQL C# autobuilder
[2025-05-03 09:40:11] [build-stdout] Working directory: /home/runner/work/master-thesis-codeql-perf-test/master-thesis-codeql-perf-test/target-repo
[2025-05-03 09:40:11] [build-stdout] Attempting to build using .NET Core
[2025-05-03 09:40:11] [build-stdout] Running dotnet --info
[2025-05-03 09:40:11] [build-stdout] .NET SDK:
[2025-05-03 09:40:11] [build-stdout]  Version:           9.0.203
[2025-05-03 09:40:11] [build-stdout]  Commit:            dc7acfa194
[2025-05-03 09:40:11] [build-stdout]  Workload version:  9.0.200-manifests.9df47798
[2025-05-03 09:40:11] [build-stdout]  MSBuild version:   17.13.20+a4ef1e90f
[2025-05-03 09:40:11] [build-stdout] Runtime Environment:
[2025-05-03 09:40:11] [build-stdout]  OS Name:     ubuntu
[2025-05-03 09:40:11] [build-stdout]  OS Version:  24.04
[2025-05-03 09:40:11] [build-stdout]  OS Platform: Linux
[2025-05-03 09:40:11] [build-stdout]  RID:         linux-x64
[2025-05-03 09:40:11] [build-stdout]  Base Path:   /usr/share/dotnet/sdk/9.0.203/
[2025-05-03 09:40:11] [build-stdout] .NET workloads installed:
[2025-05-03 09:40:11] [build-stdout] There are no installed workloads to display.
[2025-05-03 09:40:11] [build-stdout] Configured to use loose manifests when installing new manifests.
[2025-05-03 09:40:11] [build-stdout] Host:
[2025-05-03 09:40:11] [build-stdout]   Version:      9.0.4
[2025-05-03 09:40:11] [build-stdout]   Architecture: x64
[2025-05-03 09:40:11] [build-stdout]   Commit:       f57e6dc747
[2025-05-03 09:40:11] [build-stdout] .NET SDKs installed:
[2025-05-03 09:40:11] [build-stdout]   8.0.408 [/usr/share/dotnet/sdk]
[2025-05-03 09:40:11] [build-stdout]   9.0.203 [/usr/share/dotnet/sdk]
[2025-05-03 09:40:11] [build-stdout] .NET runtimes installed:
[2025-05-03 09:40:11] [build-stdout]   Microsoft.AspNetCore.App 8.0.15 [/usr/share/dotnet/shared/Microsoft.AspNetCore.App]
[2025-05-03 09:40:11] [build-stdout]   Microsoft.AspNetCore.App 9.0.4 [/usr/share/dotnet/shared/Microsoft.AspNetCore.App]
[2025-05-03 09:40:11] [build-stdout]   Microsoft.NETCore.App 8.0.15 [/usr/share/dotnet/shared/Microsoft.NETCore.App]
[2025-05-03 09:40:11] [build-stdout]   Microsoft.NETCore.App 9.0.4 [/usr/share/dotnet/shared/Microsoft.NETCore.App]
[2025-05-03 09:40:11] [build-stdout] Other architectures found:
[2025-05-03 09:40:11] [build-stdout]   None
[2025-05-03 09:40:11] [build-stdout] Environment variables:
[2025-05-03 09:40:11] [build-stdout]   DOTNET_ROOT       [/usr/share/dotnet]
[2025-05-03 09:40:11] [build-stdout] global.json file:
[2025-05-03 09:40:11] [build-stdout]   Not found
[2025-05-03 09:40:11] [build-stdout] Learn more:
[2025-05-03 09:40:11] [build-stdout]   https://aka.ms/dotnet/info
[2025-05-03 09:40:11] [build-stdout] Download .NET:
[2025-05-03 09:40:11] [build-stdout]   https://aka.ms/dotnet/download
[2025-05-03 09:40:11] [build-stdout] Exit code 0
[2025-05-03 09:40:11] [build-stdout] Running dotnet clean /home/runner/work/master-thesis-codeql-perf-test/master-thesis-codeql-perf-test/target-repo/DnsClientDotNet.sln
[2025-05-03 09:40:12] [build-stdout] Build started 05/03/2025 09:40:12.
[2025-05-03 09:40:12] [build-stdout]      1>Project "/home/runner/work/master-thesis-codeql-perf-test/master-thesis-codeql-perf-test/target-repo/DnsClientDotNet.sln" on node 1 (Clean target(s)).
[2025-05-03 09:40:12] [build-stdout]      1>ValidateSolutionConfiguration:
[2025-05-03 09:40:12] [build-stdout]          Building solution configuration "Debug|Any CPU".
[2025-05-03 09:40:12] [build-stdout]      1>Project "/home/runner/work/master-thesis-codeql-perf-test/master-thesis-codeql-perf-test/target-repo/DnsClientDotNet.sln" (1) is building "/home/runner/work/master-thesis-codeql-perf-test/master-thesis-codeql-perf-test/target-repo/test/DnsClient.ThirdParty.Tests/DnsClient.ThirdParty.Tests.csproj" (2) on node 1 (Clean target(s)).
[2025-05-03 09:40:12] [build-stdout]      2>Project "/home/runner/work/master-thesis-codeql-perf-test/master-thesis-codeql-perf-test/target-repo/test/DnsClient.ThirdParty.Tests/DnsClient.ThirdParty.Tests.csproj" (2) is building "/home/runner/work/master-thesis-codeql-perf-test/master-thesis-codeql-perf-test/target-repo/test/DnsClient.ThirdParty.Tests/DnsClient.ThirdParty.Tests.csproj" (2:2) on node 1 (Clean target(s)).
[2025-05-03 09:40:12] [build-stdout]      2>CoreClean:
[2025-05-03 09:40:12] [build-stdout]          Creating directory "obj/Debug/net472/".
[2025-05-03 09:40:13] [build-stdout]      1>Project "/home/runner/work/master-thesis-codeql-perf-test/master-thesis-codeql-perf-test/target-repo/DnsClientDotNet.sln" (1) is building "/home/runner/work/master-thesis-codeql-perf-test/master-thesis-codeql-perf-test/target-repo/test-other/DnsClient.TestsCommon/DnsClient.TestsCommon.csproj" (3) on node 4 (Clean target(s)).
[2025-05-03 09:40:13] [build-stdout]      3>Project "/home/runner/work/master-thesis-codeql-perf-test/master-thesis-codeql-perf-test/target-repo/test-other/DnsClient.TestsCommon/DnsClient.TestsCommon.csproj" (3) is building "/home/runner/work/master-thesis-codeql-perf-test/master-thesis-codeql-perf-test/target-repo/test-other/DnsClient.TestsCommon/DnsClient.TestsCommon.csproj" (3:2) on node 4 (Clean target(s)).
[2025-05-03 09:40:13] [build-stdout]      3>CoreClean:
[2025-05-03 09:40:13] [build-stdout]          Creating directory "obj/Debug/netstandard2.0/".
[2025-05-03 09:40:13] [build-stdout]      1>Project "/home/runner/work/master-thesis-codeql-perf-test/master-thesis-codeql-perf-test/target-repo/DnsClientDotNet.sln" (1) is building "/home/runner/work/master-thesis-codeql-perf-test/master-thesis-codeql-perf-test/target-repo/test-other/DnsClient.PerfTestHost/DnsClient.PerfTestHost.csproj" (5) on node 2 (Clean target(s)).
[2025-05-03 09:40:13] [build-stdout]      5>CoreClean:
[2025-05-03 09:40:13] [build-stdout]          Creating directory "obj/Debug/net8.0/".
[2025-05-03 09:40:13] [build-stdout]      1>Project "/home/runner/work/master-thesis-codeql-perf-test/master-thesis-codeql-perf-test/target-repo/DnsClientDotNet.sln" (1) is building "/home/runner/work/master-thesis-codeql-perf-test/master-thesis-codeql-perf-test/target-repo/test-other/OldReference/OldReference.csproj" (4) on node 3 (Clean target(s)).
[2025-05-03 09:40:13] [build-stdout]      4>Project "/home/runner/work/master-thesis-codeql-perf-test/master-thesis-codeql-perf-test/target-repo/test-other/OldReference/OldReference.csproj" (4) is building "/home/runner/work/master-thesis-codeql-perf-test/master-thesis-codeql-perf-test/target-repo/test-other/OldReference/OldReference.csproj" (4:2) on node 3 (Clean target(s)).
[2025-05-03 09:40:13] [build-stdout]      4>CoreClean:
[2025-05-03 09:40:13] [build-stdout]          Creating directory "obj/Debug/net472/".
[2025-05-03 09:40:13] [build-stdout]      3>Project "/home/runner/work/master-thesis-codeql-perf-test/master-thesis-codeql-perf-test/target-repo/test-other/DnsClient.TestsCommon/DnsClient.TestsCommon.csproj" (3) is building "/home/runner/work/master-thesis-codeql-perf-test/master-thesis-codeql-perf-test/target-repo/test-other/DnsClient.TestsCommon/DnsClient.TestsCommon.csproj" (3:3) on node 1 (Clean target(s)).
[2025-05-03 09:40:13] [build-stdout]      3>CoreClean:
[2025-05-03 09:40:13] [build-stdout]          Creating directory "obj/Debug/net472/".
[2025-05-03 09:40:13] [build-stdout]      4>Project "/home/runner/work/master-thesis-codeql-perf-test/master-thesis-codeql-perf-test/target-repo/test-other/OldReference/OldReference.csproj" (4) is building "/home/runner/work/master-thesis-codeql-perf-test/master-thesis-codeql-perf-test/target-repo/test-other/OldReference/OldReference.csproj" (4:3) on node 2 (Clean target(s)).
[2025-05-03 09:40:13] [build-stdout]      4>CoreClean:
[2025-05-03 09:40:13] [build-stdout]          Creating directory "obj/Debug/net8.0/".
[2025-05-03 09:40:13] [build-stdout]      2>Project "/home/runner/work/master-thesis-codeql-perf-test/master-thesis-codeql-perf-test/target-repo/test/DnsClient.ThirdParty.Tests/DnsClient.ThirdParty.Tests.csproj" (2) is building "/home/runner/work/master-thesis-codeql-perf-test/master-thesis-codeql-perf-test/target-repo/test/DnsClient.ThirdParty.Tests/DnsClient.ThirdParty.Tests.csproj" (2:3) on node 4 (Clean target(s)).
[2025-05-03 09:40:13] [build-stdout]      2>CoreClean:
[2025-05-03 09:40:13] [build-stdout]          Creating directory "obj/Debug/net8.0/".
[2025-05-03 09:40:13] [build-stdout]      4>Done Building Project "/home/runner/work/master-thesis-codeql-perf-test/master-thesis-codeql-perf-test/target-repo/test-other/OldReference/OldReference.csproj" (Clean target(s)).
[2025-05-03 09:40:13] [build-stdout]      4>Done Building Project "/home/runner/work/master-thesis-codeql-perf-test/master-thesis-codeql-perf-test/target-repo/test-other/OldReference/OldReference.csproj" (Clean target(s)).
[2025-05-03 09:40:13] [build-stdout]      4>Done Building Project "/home/runner/work/master-thesis-codeql-perf-test/master-thesis-codeql-perf-test/target-repo/test-other/OldReference/OldReference.csproj" (Clean target(s)).
[2025-05-03 09:40:13] [build-stdout]      1>Project "/home/runner/work/master-thesis-codeql-perf-test/master-thesis-codeql-perf-test/target-repo/DnsClientDotNet.sln" (1) is building "/home/runner/work/master-thesis-codeql-perf-test/master-thesis-codeql-perf-test/target-repo/test-other/Benchmarks/Benchmarks.csproj" (7) on node 1 (Clean target(s)).
[2025-05-03 09:40:13] [build-stdout]      7>CoreClean:
[2025-05-03 09:40:13] [build-stdout]          Creating directory "obj/Debug/net8.0/".
[2025-05-03 09:40:13] [build-stdout]      1>Project "/home/runner/work/master-thesis-codeql-perf-test/master-thesis-codeql-perf-test/target-repo/DnsClientDotNet.sln" (1) is building "/home/runner/work/master-thesis-codeql-perf-test/master-thesis-codeql-perf-test/target-repo/test/DnsClient.Tests/DnsClient.Tests.csproj" (8) on node 3 (Clean target(s)).
[2025-05-03 09:40:13] [build-stdout]      8>Project "/home/runner/work/master-thesis-codeql-perf-test/master-thesis-codeql-perf-test/target-repo/test/DnsClient.Tests/DnsClient.Tests.csproj" (8) is building "/home/runner/work/master-thesis-codeql-perf-test/master-thesis-codeql-perf-test/target-repo/test/DnsClient.Tests/DnsClient.Tests.csproj" (8:2) on node 3 (Clean target(s)).
[2025-05-03 09:40:13] [build-stdout]      8>CoreClean:
[2025-05-03 09:40:13] [build-stdout]          Creating directory "obj/Debug/net472/".
[2025-05-03 09:40:13] [build-stdout]      1>Project "/home/runner/work/master-thesis-codeql-perf-test/master-thesis-codeql-perf-test/target-repo/DnsClientDotNet.sln" (1) is building "/home/runner/work/master-thesis-codeql-perf-test/master-thesis-codeql-perf-test/target-repo/samples/MiniDig/MiniDig.csproj" (9) on node 2 (Clean target(s)).
[2025-05-03 09:40:13] [build-stdout]      9>Project "/home/runner/work/master-thesis-codeql-perf-test/master-thesis-codeql-perf-test/target-repo/samples/MiniDig/MiniDig.csproj" (9) is building "/home/runner/work/master-thesis-codeql-perf-test/master-thesis-codeql-perf-test/target-repo/samples/MiniDig/MiniDig.csproj" (9:2) on node 4 (Clean target(s)).
[2025-05-03 09:40:13] [build-stdout]      9>CoreClean:
[2025-05-03 09:40:13] [build-stdout]          Creating directory "obj/Debug/net48/".
[2025-05-03 09:40:13] [build-stdout]      7>Project "/home/runner/work/master-thesis-codeql-perf-test/master-thesis-codeql-perf-test/target-repo/test-other/Benchmarks/Benchmarks.csproj" (7) is building "/home/runner/work/master-thesis-codeql-perf-test/master-thesis-codeql-perf-test/target-repo/src/DnsClient/DnsClient.csproj" (6:12) on node 1 (Clean target(s)).
[2025-05-03 09:40:13] [build-stdout]      6>CoreClean:
[2025-05-03 09:40:13] [build-stdout]          Creating directory "obj/Debug/net8.0/".
[2025-05-03 09:40:13] [build-stdout]      6>Done Building Project "/home/runner/work/master-thesis-codeql-perf-test/master-thesis-codeql-perf-test/target-repo/src/DnsClient/DnsClient.csproj" (Clean target(s)).
[2025-05-03 09:40:13] [build-stdout]    9:2>Project "/home/runner/work/master-thesis-codeql-perf-test/master-thesis-codeql-perf-test/target-repo/samples/MiniDig/MiniDig.csproj" (9:2) is building "/home/runner/work/master-thesis-codeql-perf-test/master-thesis-codeql-perf-test/target-repo/src/DnsClient/DnsClient.csproj" (6:15) on node 4 (Clean target(s)).
[2025-05-03 09:40:13] [build-stdout]      6>CoreClean:
[2025-05-03 09:40:13] [build-stdout]          Creating directory "obj/Debug/net472/".
[2025-05-03 09:40:13] [build-stdout]      6>Done Building Project "/home/runner/work/master-thesis-codeql-perf-test/master-thesis-codeql-perf-test/target-repo/src/DnsClient/DnsClient.csproj" (Clean target(s)).
[2025-05-03 09:40:13] [build-stdout]      9>Done Building Project "/home/runner/work/master-thesis-codeql-perf-test/master-thesis-codeql-perf-test/target-repo/samples/MiniDig/MiniDig.csproj" (Clean target(s)).
[2025-05-03 09:40:13] [build-stdout]    3:2>Project "/home/runner/work/master-thesis-codeql-perf-test/master-thesis-codeql-perf-test/target-repo/test-other/DnsClient.TestsCommon/DnsClient.TestsCommon.csproj" (3:2) is building "/home/runner/work/master-thesis-codeql-perf-test/master-thesis-codeql-perf-test/target-repo/src/DnsClient/DnsClient.csproj" (6:17) on node 1 (Clean target(s)).
[2025-05-03 09:40:13] [build-stdout]      6>CoreClean:
[2025-05-03 09:40:13] [build-stdout]          Creating directory "obj/Debug/netstandard2.0/".
[2025-05-03 09:40:13] [build-stdout]      2>Done Building Project "/home/runner/work/master-thesis-codeql-perf-test/master-thesis-codeql-perf-test/target-repo/test/DnsClient.ThirdParty.Tests/DnsClient.ThirdParty.Tests.csproj" (Clean target(s)).
[2025-05-03 09:40:13] [build-stdout]      6>Done Building Project "/home/runner/work/master-thesis-codeql-perf-test/master-thesis-codeql-perf-test/target-repo/src/DnsClient/DnsClient.csproj" (Clean target(s)).
[2025-05-03 09:40:13] [build-stdout]      2>Done Building Project "/home/runner/work/master-thesis-codeql-perf-test/master-thesis-codeql-perf-test/target-repo/test/DnsClient.ThirdParty.Tests/DnsClient.ThirdParty.Tests.csproj" (Clean target(s)).
[2025-05-03 09:40:13] [build-stdout]      2>Done Building Project "/home/runner/work/master-thesis-codeql-perf-test/master-thesis-codeql-perf-test/target-repo/test/DnsClient.ThirdParty.Tests/DnsClient.ThirdParty.Tests.csproj" (Clean target(s)).
[2025-05-03 09:40:13] [build-stdout]      3>Done Building Project "/home/runner/work/master-thesis-codeql-perf-test/master-thesis-codeql-perf-test/target-repo/test-other/DnsClient.TestsCommon/DnsClient.TestsCommon.csproj" (Clean target(s)).
[2025-05-03 09:40:13] [build-stdout]      3>Done Building Project "/home/runner/work/master-thesis-codeql-perf-test/master-thesis-codeql-perf-test/target-repo/test-other/DnsClient.TestsCommon/DnsClient.TestsCommon.csproj" (Clean target(s)).
[2025-05-03 09:40:13] [build-stdout]      7>Done Building Project "/home/runner/work/master-thesis-codeql-perf-test/master-thesis-codeql-perf-test/target-repo/test-other/Benchmarks/Benchmarks.csproj" (Clean target(s)).
[2025-05-03 09:40:13] [build-stdout]      3>Done Building Project "/home/runner/work/master-thesis-codeql-perf-test/master-thesis-codeql-perf-test/target-repo/test-other/DnsClient.TestsCommon/DnsClient.TestsCommon.csproj" (Clean target(s)).
[2025-05-03 09:40:13] [build-stdout]      9>Project "/home/runner/work/master-thesis-codeql-perf-test/master-thesis-codeql-perf-test/target-repo/samples/MiniDig/MiniDig.csproj" (9) is building "/home/runner/work/master-thesis-codeql-perf-test/master-thesis-codeql-perf-test/target-repo/samples/MiniDig/MiniDig.csproj" (9:3) on node 2 (Clean target(s)).
[2025-05-03 09:40:13] [build-stdout]      9>CoreClean:
[2025-05-03 09:40:13] [build-stdout]          Creating directory "obj/Debug/net8.0/".
[2025-05-03 09:40:13] [build-stdout]      1>Project "/home/runner/work/master-thesis-codeql-perf-test/master-thesis-codeql-perf-test/target-repo/DnsClientDotNet.sln" (1) is building "/home/runner/work/master-thesis-codeql-perf-test/master-thesis-codeql-perf-test/target-repo/src/DnsClient/DnsClient.csproj" (6:20) on node 1 (Clean target(s)).
[2025-05-03 09:40:13] [build-stdout]   6:20>Project "/home/runner/work/master-thesis-codeql-perf-test/master-thesis-codeql-perf-test/target-repo/src/DnsClient/DnsClient.csproj" (6:20) is building "/home/runner/work/master-thesis-codeql-perf-test/master-thesis-codeql-perf-test/target-repo/src/DnsClient/DnsClient.csproj" (6:24) on node 1 (Clean target(s)).
[2025-05-03 09:40:13] [build-stdout]      6>CoreClean:
[2025-05-03 09:40:13] [build-stdout]          Creating directory "obj/Debug/net6.0/".
[2025-05-03 09:40:13] [build-stdout]      6>Done Building Project "/home/runner/work/master-thesis-codeql-perf-test/master-thesis-codeql-perf-test/target-repo/src/DnsClient/DnsClient.csproj" (Clean target(s)).
[2025-05-03 09:40:13] [build-stdout]      8>Project "/home/runner/work/master-thesis-codeql-perf-test/master-thesis-codeql-perf-test/target-repo/test/DnsClient.Tests/DnsClient.Tests.csproj" (8) is building "/home/runner/work/master-thesis-codeql-perf-test/master-thesis-codeql-perf-test/target-repo/test/DnsClient.Tests/DnsClient.Tests.csproj" (8:3) on node 3 (Clean target(s)).
[2025-05-03 09:40:13] [build-stdout]      8>CoreClean:
[2025-05-03 09:40:13] [build-stdout]          Creating directory "obj/Debug/net8.0/".
[2025-05-03 09:40:13] [build-stdout]   6:20>Project "/home/runner/work/master-thesis-codeql-perf-test/master-thesis-codeql-perf-test/target-repo/src/DnsClient/DnsClient.csproj" (6:20) is building "/home/runner/work/master-thesis-codeql-perf-test/master-thesis-codeql-perf-test/target-repo/src/DnsClient/DnsClient.csproj" (6:25) on node 1 (Clean target(s)).
[2025-05-03 09:40:13] [build-stdout]      6>CoreClean:
[2025-05-03 09:40:13] [build-stdout]          Creating directory "obj/Debug/netstandard2.1/".
[2025-05-03 09:40:14] [build-stdout]      6>Done Building Project "/home/runner/work/master-thesis-codeql-perf-test/master-thesis-codeql-perf-test/target-repo/src/DnsClient/DnsClient.csproj" (Clean target(s)).
[2025-05-03 09:40:14] [build-stdout]      6>Done Building Project "/home/runner/work/master-thesis-codeql-perf-test/master-thesis-codeql-perf-test/target-repo/src/DnsClient/DnsClient.csproj" (Clean target(s)).
[2025-05-03 09:40:14] [build-stdout]      9>Done Building Project "/home/runner/work/master-thesis-codeql-perf-test/master-thesis-codeql-perf-test/target-repo/samples/MiniDig/MiniDig.csproj" (Clean target(s)).
[2025-05-03 09:40:14] [build-stdout]      5>Done Building Project "/home/runner/work/master-thesis-codeql-perf-test/master-thesis-codeql-perf-test/target-repo/test-other/DnsClient.PerfTestHost/DnsClient.PerfTestHost.csproj" (Clean target(s)).
[2025-05-03 09:40:14] [build-stdout]      9>Done Building Project "/home/runner/work/master-thesis-codeql-perf-test/master-thesis-codeql-perf-test/target-repo/samples/MiniDig/MiniDig.csproj" (Clean target(s)).
[2025-05-03 09:40:14] [build-stdout]      8>Done Building Project "/home/runner/work/master-thesis-codeql-perf-test/master-thesis-codeql-perf-test/target-repo/test/DnsClient.Tests/DnsClient.Tests.csproj" (Clean target(s)).
[2025-05-03 09:40:14] [build-stdout]      8>Done Building Project "/home/runner/work/master-thesis-codeql-perf-test/master-thesis-codeql-perf-test/target-repo/test/DnsClient.Tests/DnsClient.Tests.csproj" (Clean target(s)).
[2025-05-03 09:40:14] [build-stdout]      8>Done Building Project "/home/runner/work/master-thesis-codeql-perf-test/master-thesis-codeql-perf-test/target-repo/test/DnsClient.Tests/DnsClient.Tests.csproj" (Clean target(s)).
[2025-05-03 09:40:14] [build-stdout]      1>Done Building Project "/home/runner/work/master-thesis-codeql-perf-test/master-thesis-codeql-perf-test/target-repo/DnsClientDotNet.sln" (Clean target(s)).
[2025-05-03 09:40:14] [build-stdout] Build succeeded.
[2025-05-03 09:40:14] [build-stdout]     0 Warning(s)
[2025-05-03 09:40:14] [build-stdout]     0 Error(s)
[2025-05-03 09:40:14] [build-stdout] Time Elapsed 00:00:02.03
[2025-05-03 09:40:14] [build-stdout] Exit code 0
[2025-05-03 09:40:14] [build-stdout] Running dotnet restore /home/runner/work/master-thesis-codeql-perf-test/master-thesis-codeql-perf-test/target-repo/DnsClientDotNet.sln
[2025-05-03 09:40:15] [build-stdout]   Determining projects to restore...
[2025-05-03 09:40:17] [build-stdout]   All projects are up-to-date for restore.
[2025-05-03 09:40:17] [build-stdout] Exit code 0
[2025-05-03 09:40:17] [build-stdout] Running dotnet build --no-incremental /home/runner/work/master-thesis-codeql-perf-test/master-thesis-codeql-perf-test/target-repo/DnsClientDotNet.sln
[2025-05-03 09:40:18] [build-stdout]   Determining projects to restore...
[2025-05-03 09:40:19] [build-stdout]   All projects are up-to-date for restore.
[2025-05-03 09:40:43] [build-stdout] /home/runner/work/master-thesis-codeql-perf-test/master-thesis-codeql-perf-test/target-repo/src/DnsClient/LookupClient.cs(639,39): warning CA1859: Change type of parameter 'servers' from 'System.Collections.Generic.IReadOnlyList<DnsClient.NameServer>' to 'System.Collections.Generic.List<DnsClient.NameServer>' for improved performance (https://learn.microsoft.com/dotnet/fundamentals/code-analysis/quality-rules/ca1859) [/home/runner/work/master-thesis-codeql-perf-test/master-thesis-codeql-perf-test/target-repo/src/DnsClient/DnsClient.csproj::TargetFramework=netstandard2.0]
[2025-05-03 09:40:43] [build-stdout] /home/runner/work/master-thesis-codeql-perf-test/master-thesis-codeql-perf-test/target-repo/src/DnsClient/LookupClient.cs(883,39): warning CA1859: Change type of parameter 'servers' from 'System.Collections.Generic.IReadOnlyList<DnsClient.NameServer>' to 'System.Collections.Generic.List<DnsClient.NameServer>' for improved performance (https://learn.microsoft.com/dotnet/fundamentals/code-analysis/quality-rules/ca1859) [/home/runner/work/master-thesis-codeql-perf-test/master-thesis-codeql-perf-test/target-repo/src/DnsClient/DnsClient.csproj::TargetFramework=netstandard2.0]
[2025-05-03 09:40:44] [build-stdout] /home/runner/work/master-thesis-codeql-perf-test/master-thesis-codeql-perf-test/target-repo/src/DnsClient/LookupClient.cs(639,39): warning CA1859: Change type of parameter 'servers' from 'System.Collections.Generic.IReadOnlyList<DnsClient.NameServer>' to 'System.Collections.Generic.List<DnsClient.NameServer>' for improved performance (https://learn.microsoft.com/dotnet/fundamentals/code-analysis/quality-rules/ca1859) [/home/runner/work/master-thesis-codeql-perf-test/master-thesis-codeql-perf-test/target-repo/src/DnsClient/DnsClient.csproj::TargetFramework=netstandard2.1]
[2025-05-03 09:40:44] [build-stdout] /home/runner/work/master-thesis-codeql-perf-test/master-thesis-codeql-perf-test/target-repo/src/DnsClient/LookupClient.cs(883,39): warning CA1859: Change type of parameter 'servers' from 'System.Collections.Generic.IReadOnlyList<DnsClient.NameServer>' to 'System.Collections.Generic.List<DnsClient.NameServer>' for improved performance (https://learn.microsoft.com/dotnet/fundamentals/code-analysis/quality-rules/ca1859) [/home/runner/work/master-thesis-codeql-perf-test/master-thesis-codeql-perf-test/target-repo/src/DnsClient/DnsClient.csproj::TargetFramework=netstandard2.1]
[2025-05-03 09:40:45] [build-stdout] /home/runner/work/master-thesis-codeql-perf-test/master-thesis-codeql-perf-test/target-repo/src/DnsClient/LookupClient.cs(883,39): warning CA1859: Change type of parameter 'servers' from 'System.Collections.Generic.IReadOnlyList<DnsClient.NameServer>' to 'System.Collections.Generic.List<DnsClient.NameServer>' for improved performance (https://learn.microsoft.com/dotnet/fundamentals/code-analysis/quality-rules/ca1859) [/home/runner/work/master-thesis-codeql-perf-test/master-thesis-codeql-perf-test/target-repo/src/DnsClient/DnsClient.csproj::TargetFramework=net6.0]
[2025-05-03 09:40:45] [build-stdout] /home/runner/work/master-thesis-codeql-perf-test/master-thesis-codeql-perf-test/target-repo/src/DnsClient/LookupClient.cs(639,39): warning CA1859: Change type of parameter 'servers' from 'System.Collections.Generic.IReadOnlyList<DnsClient.NameServer>' to 'System.Collections.Generic.List<DnsClient.NameServer>' for improved performance (https://learn.microsoft.com/dotnet/fundamentals/code-analysis/quality-rules/ca1859) [/home/runner/work/master-thesis-codeql-perf-test/master-thesis-codeql-perf-test/target-repo/src/DnsClient/DnsClient.csproj::TargetFramework=net6.0]
[2025-05-03 09:40:46] [build-stdout] /home/runner/work/master-thesis-codeql-perf-test/master-thesis-codeql-perf-test/target-repo/src/DnsClient/LookupClient.cs(883,39): warning CA1859: Change type of parameter 'servers' from 'System.Collections.Generic.IReadOnlyList<DnsClient.NameServer>' to 'System.Collections.Generic.List<DnsClient.NameServer>' for improved performance (https://learn.microsoft.com/dotnet/fundamentals/code-analysis/quality-rules/ca1859) [/home/runner/work/master-thesis-codeql-perf-test/master-thesis-codeql-perf-test/target-repo/src/DnsClient/DnsClient.csproj::TargetFramework=net8.0]
[2025-05-03 09:40:46] [build-stdout] /home/runner/work/master-thesis-codeql-perf-test/master-thesis-codeql-perf-test/target-repo/src/DnsClient/LookupClient.cs(639,39): warning CA1859: Change type of parameter 'servers' from 'System.Collections.Generic.IReadOnlyList<DnsClient.NameServer>' to 'System.Collections.Generic.List<DnsClient.NameServer>' for improved performance (https://learn.microsoft.com/dotnet/fundamentals/code-analysis/quality-rules/ca1859) [/home/runner/work/master-thesis-codeql-perf-test/master-thesis-codeql-perf-test/target-repo/src/DnsClient/DnsClient.csproj::TargetFramework=net8.0]
[2025-05-03 09:41:06] [build-stdout]   DnsClient -> /home/runner/work/master-thesis-codeql-perf-test/master-thesis-codeql-perf-test/target-repo/src/DnsClient/bin/Debug/netstandard2.0/DnsClient.dll
[2025-05-03 09:41:06] [build-stdout]   DnsClient -> /home/runner/work/master-thesis-codeql-perf-test/master-thesis-codeql-perf-test/target-repo/src/DnsClient/bin/Debug/net6.0/DnsClient.dll
[2025-05-03 09:41:08] [build-stdout]   DnsClient -> /home/runner/work/master-thesis-codeql-perf-test/master-thesis-codeql-perf-test/target-repo/src/DnsClient/bin/Debug/netstandard2.1/DnsClient.dll
[2025-05-03 09:41:12] [build-stdout]   DnsClient -> /home/runner/work/master-thesis-codeql-perf-test/master-thesis-codeql-perf-test/target-repo/src/DnsClient/bin/Debug/net8.0/DnsClient.dll
[2025-05-03 09:41:23] [build-stdout]   DnsClient.TestsCommon -> /home/runner/work/master-thesis-codeql-perf-test/master-thesis-codeql-perf-test/target-repo/test-other/DnsClient.TestsCommon/bin/Debug/netstandard2.0/DnsClient.TestsCommon.dll
[2025-05-03 09:41:29] [build-stdout] /home/runner/work/master-thesis-codeql-perf-test/master-thesis-codeql-perf-test/target-repo/src/DnsClient/LookupClient.cs(639,39): warning CA1859: Change type of parameter 'servers' from 'System.Collections.Generic.IReadOnlyList<DnsClient.NameServer>' to 'System.Collections.Generic.List<DnsClient.NameServer>' for improved performance (https://learn.microsoft.com/dotnet/fundamentals/code-analysis/quality-rules/ca1859) [/home/runner/work/master-thesis-codeql-perf-test/master-thesis-codeql-perf-test/target-repo/src/DnsClient/DnsClient.csproj::TargetFramework=net472]
[2025-05-03 09:41:29] [build-stdout] /home/runner/work/master-thesis-codeql-perf-test/master-thesis-codeql-perf-test/target-repo/src/DnsClient/LookupClient.cs(883,39): warning CA1859: Change type of parameter 'servers' from 'System.Collections.Generic.IReadOnlyList<DnsClient.NameServer>' to 'System.Collections.Generic.List<DnsClient.NameServer>' for improved performance (https://learn.microsoft.com/dotnet/fundamentals/code-analysis/quality-rules/ca1859) [/home/runner/work/master-thesis-codeql-perf-test/master-thesis-codeql-perf-test/target-repo/src/DnsClient/DnsClient.csproj::TargetFramework=net472]
[2025-05-03 09:41:31] [build-stdout]   OldReference -> /home/runner/work/master-thesis-codeql-perf-test/master-thesis-codeql-perf-test/target-repo/test-other/OldReference/bin/Debug/net472/OldReference.dll
[2025-05-03 09:41:37] [build-stdout]   DnsClient -> /home/runner/work/master-thesis-codeql-perf-test/master-thesis-codeql-perf-test/target-repo/src/DnsClient/bin/Debug/net472/DnsClient.dll
[2025-05-03 09:41:40] [build-stdout] /home/runner/work/master-thesis-codeql-perf-test/master-thesis-codeql-perf-test/target-repo/test-other/DnsClient.PerfTestHost/Program.cs(116,14): warning IDE0055: Fix formatting (https://learn.microsoft.com/dotnet/fundamentals/code-analysis/style-rules/ide0055) [/home/runner/work/master-thesis-codeql-perf-test/master-thesis-codeql-perf-test/target-repo/test-other/DnsClient.PerfTestHost/DnsClient.PerfTestHost.csproj]
[2025-05-03 09:41:45] [build-stdout]   OldReference -> /home/runner/work/master-thesis-codeql-perf-test/master-thesis-codeql-perf-test/target-repo/test-other/OldReference/bin/Debug/net8.0/OldReference.dll
[2025-05-03 09:41:53] [build-stdout]   Benchmarks -> /home/runner/work/master-thesis-codeql-perf-test/master-thesis-codeql-perf-test/target-repo/test-other/Benchmarks/bin/Debug/net8.0/Benchmarks.dll
[2025-05-03 09:41:53] [build-stdout]   DnsClient.PerfTestHost -> /home/runner/work/master-thesis-codeql-perf-test/master-thesis-codeql-perf-test/target-repo/test-other/DnsClient.PerfTestHost/bin/Debug/net8.0/DnsClient.PerfTestHost.dll
[2025-05-03 09:41:54] [build-stdout]   DnsClient.TestsCommon -> /home/runner/work/master-thesis-codeql-perf-test/master-thesis-codeql-perf-test/target-repo/test-other/DnsClient.TestsCommon/bin/Debug/net472/DnsClient.TestsCommon.dll
[2025-05-03 09:42:00] [build-stdout]   MiniDig -> /home/runner/work/master-thesis-codeql-perf-test/master-thesis-codeql-perf-test/target-repo/samples/MiniDig/bin/Debug/net48/MiniDig.exe
[2025-05-03 09:42:03] [build-stdout]   DnsClient.ThirdParty.Tests -> /home/runner/work/master-thesis-codeql-perf-test/master-thesis-codeql-perf-test/target-repo/test/DnsClient.ThirdParty.Tests/bin/Debug/net472/DnsClient.ThirdParty.Tests.dll
[2025-05-03 09:42:10] [build-stdout] /home/runner/work/master-thesis-codeql-perf-test/master-thesis-codeql-perf-test/target-repo/test/DnsClient.Tests/LookupConfigurationTest.cs(592,28): warning IDE0055: Fix formatting (https://learn.microsoft.com/dotnet/fundamentals/code-analysis/style-rules/ide0055) [/home/runner/work/master-thesis-codeql-perf-test/master-thesis-codeql-perf-test/target-repo/test/DnsClient.Tests/DnsClient.Tests.csproj::TargetFramework=net8.0]
[2025-05-03 09:42:10] [build-stdout] /home/runner/work/master-thesis-codeql-perf-test/master-thesis-codeql-perf-test/target-repo/test/DnsClient.Tests/LookupConfigurationTest.cs(593,32): warning IDE0055: Fix formatting (https://learn.microsoft.com/dotnet/fundamentals/code-analysis/style-rules/ide0055) [/home/runner/work/master-thesis-codeql-perf-test/master-thesis-codeql-perf-test/target-repo/test/DnsClient.Tests/DnsClient.Tests.csproj::TargetFramework=net8.0]
[2025-05-03 09:42:10] [build-stdout] /home/runner/work/master-thesis-codeql-perf-test/master-thesis-codeql-perf-test/target-repo/test/DnsClient.Tests/LookupConfigurationTest.cs(599,143): warning IDE0055: Fix formatting (https://learn.microsoft.com/dotnet/fundamentals/code-analysis/style-rules/ide0055) [/home/runner/work/master-thesis-codeql-perf-test/master-thesis-codeql-perf-test/target-repo/test/DnsClient.Tests/DnsClient.Tests.csproj::TargetFramework=net8.0]
[2025-05-03 09:42:10] [build-stdout] /home/runner/work/master-thesis-codeql-perf-test/master-thesis-codeql-perf-test/target-repo/test/DnsClient.Tests/LookupConfigurationTest.cs(601,33): warning IDE0055: Fix formatting (https://learn.microsoft.com/dotnet/fundamentals/code-analysis/style-rules/ide0055) [/home/runner/work/master-thesis-codeql-perf-test/master-thesis-codeql-perf-test/target-repo/test/DnsClient.Tests/DnsClient.Tests.csproj::TargetFramework=net8.0]
[2025-05-03 09:42:10] [build-stdout] /home/runner/work/master-thesis-codeql-perf-test/master-thesis-codeql-perf-test/target-repo/test/DnsClient.Tests/LookupConfigurationTest.cs(615,191): warning IDE0055: Fix formatting (https://learn.microsoft.com/dotnet/fundamentals/code-analysis/style-rules/ide0055) [/home/runner/work/master-thesis-codeql-perf-test/master-thesis-codeql-perf-test/target-repo/test/DnsClient.Tests/DnsClient.Tests.csproj::TargetFramework=net8.0]
[2025-05-03 09:42:10] [build-stdout] /home/runner/work/master-thesis-codeql-perf-test/master-thesis-codeql-perf-test/target-repo/test/DnsClient.Tests/LookupConfigurationTest.cs(617,48): warning IDE0055: Fix formatting (https://learn.microsoft.com/dotnet/fundamentals/code-analysis/style-rules/ide0055) [/home/runner/work/master-thesis-codeql-perf-test/master-thesis-codeql-perf-test/target-repo/test/DnsClient.Tests/DnsClient.Tests.csproj::TargetFramework=net8.0]
[2025-05-03 09:42:10] [build-stdout] /home/runner/work/master-thesis-codeql-perf-test/master-thesis-codeql-perf-test/target-repo/test/DnsClient.Tests/LookupConfigurationTest.cs(621,189): warning IDE0055: Fix formatting (https://learn.microsoft.com/dotnet/fundamentals/code-analysis/style-rules/ide0055) [/home/runner/work/master-thesis-codeql-perf-test/master-thesis-codeql-perf-test/target-repo/test/DnsClient.Tests/DnsClient.Tests.csproj::TargetFramework=net8.0]
[2025-05-03 09:42:10] [build-stdout] /home/runner/work/master-thesis-codeql-perf-test/master-thesis-codeql-perf-test/target-repo/test/DnsClient.Tests/LookupConfigurationTest.cs(623,42): warning IDE0055: Fix formatting (https://learn.microsoft.com/dotnet/fundamentals/code-analysis/style-rules/ide0055) [/home/runner/work/master-thesis-codeql-perf-test/master-thesis-codeql-perf-test/target-repo/test/DnsClient.Tests/DnsClient.Tests.csproj::TargetFramework=net8.0]
[2025-05-03 09:42:15] [build-stdout]   DnsClient.ThirdParty.Tests -> /home/runner/work/master-thesis-codeql-perf-test/master-thesis-codeql-perf-test/target-repo/test/DnsClient.ThirdParty.Tests/bin/Debug/net8.0/DnsClient.ThirdParty.Tests.dll
[2025-05-03 09:42:18] [build-stdout]   MiniDig -> /home/runner/work/master-thesis-codeql-perf-test/master-thesis-codeql-perf-test/target-repo/samples/MiniDig/bin/Debug/net8.0/MiniDig.dll
[2025-05-03 09:42:18] [build-stdout]   DnsClient.Tests -> /home/runner/work/master-thesis-codeql-perf-test/master-thesis-codeql-perf-test/target-repo/test/DnsClient.Tests/bin/Debug/net8.0/DnsClient.Tests.dll
[2025-05-03 09:42:22] [build-stdout] /home/runner/work/master-thesis-codeql-perf-test/master-thesis-codeql-perf-test/target-repo/test/DnsClient.Tests/LookupConfigurationTest.cs(592,28): warning IDE0055: Fix formatting (https://learn.microsoft.com/dotnet/fundamentals/code-analysis/style-rules/ide0055) [/home/runner/work/master-thesis-codeql-perf-test/master-thesis-codeql-perf-test/target-repo/test/DnsClient.Tests/DnsClient.Tests.csproj::TargetFramework=net472]
[2025-05-03 09:42:22] [build-stdout] /home/runner/work/master-thesis-codeql-perf-test/master-thesis-codeql-perf-test/target-repo/test/DnsClient.Tests/LookupConfigurationTest.cs(593,32): warning IDE0055: Fix formatting (https://learn.microsoft.com/dotnet/fundamentals/code-analysis/style-rules/ide0055) [/home/runner/work/master-thesis-codeql-perf-test/master-thesis-codeql-perf-test/target-repo/test/DnsClient.Tests/DnsClient.Tests.csproj::TargetFramework=net472]
[2025-05-03 09:42:22] [build-stdout] /home/runner/work/master-thesis-codeql-perf-test/master-thesis-codeql-perf-test/target-repo/test/DnsClient.Tests/LookupConfigurationTest.cs(599,143): warning IDE0055: Fix formatting (https://learn.microsoft.com/dotnet/fundamentals/code-analysis/style-rules/ide0055) [/home/runner/work/master-thesis-codeql-perf-test/master-thesis-codeql-perf-test/target-repo/test/DnsClient.Tests/DnsClient.Tests.csproj::TargetFramework=net472]
[2025-05-03 09:42:22] [build-stdout] /home/runner/work/master-thesis-codeql-perf-test/master-thesis-codeql-perf-test/target-repo/test/DnsClient.Tests/LookupConfigurationTest.cs(601,33): warning IDE0055: Fix formatting (https://learn.microsoft.com/dotnet/fundamentals/code-analysis/style-rules/ide0055) [/home/runner/work/master-thesis-codeql-perf-test/master-thesis-codeql-perf-test/target-repo/test/DnsClient.Tests/DnsClient.Tests.csproj::TargetFramework=net472]
[2025-05-03 09:42:22] [build-stdout] /home/runner/work/master-thesis-codeql-perf-test/master-thesis-codeql-perf-test/target-repo/test/DnsClient.Tests/LookupConfigurationTest.cs(615,191): warning IDE0055: Fix formatting (https://learn.microsoft.com/dotnet/fundamentals/code-analysis/style-rules/ide0055) [/home/runner/work/master-thesis-codeql-perf-test/master-thesis-codeql-perf-test/target-repo/test/DnsClient.Tests/DnsClient.Tests.csproj::TargetFramework=net472]
[2025-05-03 09:42:22] [build-stdout] /home/runner/work/master-thesis-codeql-perf-test/master-thesis-codeql-perf-test/target-repo/test/DnsClient.Tests/LookupConfigurationTest.cs(617,48): warning IDE0055: Fix formatting (https://learn.microsoft.com/dotnet/fundamentals/code-analysis/style-rules/ide0055) [/home/runner/work/master-thesis-codeql-perf-test/master-thesis-codeql-perf-test/target-repo/test/DnsClient.Tests/DnsClient.Tests.csproj::TargetFramework=net472]
[2025-05-03 09:42:22] [build-stdout] /home/runner/work/master-thesis-codeql-perf-test/master-thesis-codeql-perf-test/target-repo/test/DnsClient.Tests/LookupConfigurationTest.cs(621,189): warning IDE0055: Fix formatting (https://learn.microsoft.com/dotnet/fundamentals/code-analysis/style-rules/ide0055) [/home/runner/work/master-thesis-codeql-perf-test/master-thesis-codeql-perf-test/target-repo/test/DnsClient.Tests/DnsClient.Tests.csproj::TargetFramework=net472]
[2025-05-03 09:42:22] [build-stdout] /home/runner/work/master-thesis-codeql-perf-test/master-thesis-codeql-perf-test/target-repo/test/DnsClient.Tests/LookupConfigurationTest.cs(623,42): warning IDE0055: Fix formatting (https://learn.microsoft.com/dotnet/fundamentals/code-analysis/style-rules/ide0055) [/home/runner/work/master-thesis-codeql-perf-test/master-thesis-codeql-perf-test/target-repo/test/DnsClient.Tests/DnsClient.Tests.csproj::TargetFramework=net472]
[2025-05-03 09:42:26] [build-stdout]   DnsClient.Tests -> /home/runner/work/master-thesis-codeql-perf-test/master-thesis-codeql-perf-test/target-repo/test/DnsClient.Tests/bin/Debug/net472/DnsClient.Tests.dll
[2025-05-03 09:42:26] [build-stdout] Build succeeded.
[2025-05-03 09:42:26] [build-stdout] /home/runner/work/master-thesis-codeql-perf-test/master-thesis-codeql-perf-test/target-repo/src/DnsClient/LookupClient.cs(639,39): warning CA1859: Change type of parameter 'servers' from 'System.Collections.Generic.IReadOnlyList<DnsClient.NameServer>' to 'System.Collections.Generic.List<DnsClient.NameServer>' for improved performance (https://learn.microsoft.com/dotnet/fundamentals/code-analysis/quality-rules/ca1859) [/home/runner/work/master-thesis-codeql-perf-test/master-thesis-codeql-perf-test/target-repo/src/DnsClient/DnsClient.csproj::TargetFramework=netstandard2.0]
[2025-05-03 09:42:26] [build-stdout] /home/runner/work/master-thesis-codeql-perf-test/master-thesis-codeql-perf-test/target-repo/src/DnsClient/LookupClient.cs(883,39): warning CA1859: Change type of parameter 'servers' from 'System.Collections.Generic.IReadOnlyList<DnsClient.NameServer>' to 'System.Collections.Generic.List<DnsClient.NameServer>' for improved performance (https://learn.microsoft.com/dotnet/fundamentals/code-analysis/quality-rules/ca1859) [/home/runner/work/master-thesis-codeql-perf-test/master-thesis-codeql-perf-test/target-repo/src/DnsClient/DnsClient.csproj::TargetFramework=netstandard2.0]
[2025-05-03 09:42:26] [build-stdout] /home/runner/work/master-thesis-codeql-perf-test/master-thesis-codeql-perf-test/target-repo/src/DnsClient/LookupClient.cs(639,39): warning CA1859: Change type of parameter 'servers' from 'System.Collections.Generic.IReadOnlyList<DnsClient.NameServer>' to 'System.Collections.Generic.List<DnsClient.NameServer>' for improved performance (https://learn.microsoft.com/dotnet/fundamentals/code-analysis/quality-rules/ca1859) [/home/runner/work/master-thesis-codeql-perf-test/master-thesis-codeql-perf-test/target-repo/src/DnsClient/DnsClient.csproj::TargetFramework=netstandard2.1]
[2025-05-03 09:42:26] [build-stdout] /home/runner/work/master-thesis-codeql-perf-test/master-thesis-codeql-perf-test/target-repo/src/DnsClient/LookupClient.cs(883,39): warning CA1859: Change type of parameter 'servers' from 'System.Collections.Generic.IReadOnlyList<DnsClient.NameServer>' to 'System.Collections.Generic.List<DnsClient.NameServer>' for improved performance (https://learn.microsoft.com/dotnet/fundamentals/code-analysis/quality-rules/ca1859) [/home/runner/work/master-thesis-codeql-perf-test/master-thesis-codeql-perf-test/target-repo/src/DnsClient/DnsClient.csproj::TargetFramework=netstandard2.1]
[2025-05-03 09:42:26] [build-stdout] /home/runner/work/master-thesis-codeql-perf-test/master-thesis-codeql-perf-test/target-repo/src/DnsClient/LookupClient.cs(883,39): warning CA1859: Change type of parameter 'servers' from 'System.Collections.Generic.IReadOnlyList<DnsClient.NameServer>' to 'System.Collections.Generic.List<DnsClient.NameServer>' for improved performance (https://learn.microsoft.com/dotnet/fundamentals/code-analysis/quality-rules/ca1859) [/home/runner/work/master-thesis-codeql-perf-test/master-thesis-codeql-perf-test/target-repo/src/DnsClient/DnsClient.csproj::TargetFramework=net6.0]
[2025-05-03 09:42:26] [build-stdout] /home/runner/work/master-thesis-codeql-perf-test/master-thesis-codeql-perf-test/target-repo/src/DnsClient/LookupClient.cs(639,39): warning CA1859: Change type of parameter 'servers' from 'System.Collections.Generic.IReadOnlyList<DnsClient.NameServer>' to 'System.Collections.Generic.List<DnsClient.NameServer>' for improved performance (https://learn.microsoft.com/dotnet/fundamentals/code-analysis/quality-rules/ca1859) [/home/runner/work/master-thesis-codeql-perf-test/master-thesis-codeql-perf-test/target-repo/src/DnsClient/DnsClient.csproj::TargetFramework=net6.0]
[2025-05-03 09:42:26] [build-stdout] /home/runner/work/master-thesis-codeql-perf-test/master-thesis-codeql-perf-test/target-repo/src/DnsClient/LookupClient.cs(883,39): warning CA1859: Change type of parameter 'servers' from 'System.Collections.Generic.IReadOnlyList<DnsClient.NameServer>' to 'System.Collections.Generic.List<DnsClient.NameServer>' for improved performance (https://learn.microsoft.com/dotnet/fundamentals/code-analysis/quality-rules/ca1859) [/home/runner/work/master-thesis-codeql-perf-test/master-thesis-codeql-perf-test/target-repo/src/DnsClient/DnsClient.csproj::TargetFramework=net8.0]
[2025-05-03 09:42:26] [build-stdout] /home/runner/work/master-thesis-codeql-perf-test/master-thesis-codeql-perf-test/target-repo/src/DnsClient/LookupClient.cs(639,39): warning CA1859: Change type of parameter 'servers' from 'System.Collections.Generic.IReadOnlyList<DnsClient.NameServer>' to 'System.Collections.Generic.List<DnsClient.NameServer>' for improved performance (https://learn.microsoft.com/dotnet/fundamentals/code-analysis/quality-rules/ca1859) [/home/runner/work/master-thesis-codeql-perf-test/master-thesis-codeql-perf-test/target-repo/src/DnsClient/DnsClient.csproj::TargetFramework=net8.0]
[2025-05-03 09:42:26] [build-stdout] /home/runner/work/master-thesis-codeql-perf-test/master-thesis-codeql-perf-test/target-repo/src/DnsClient/LookupClient.cs(639,39): warning CA1859: Change type of parameter 'servers' from 'System.Collections.Generic.IReadOnlyList<DnsClient.NameServer>' to 'System.Collections.Generic.List<DnsClient.NameServer>' for improved performance (https://learn.microsoft.com/dotnet/fundamentals/code-analysis/quality-rules/ca1859) [/home/runner/work/master-thesis-codeql-perf-test/master-thesis-codeql-perf-test/target-repo/src/DnsClient/DnsClient.csproj::TargetFramework=net472]
[2025-05-03 09:42:26] [build-stdout] /home/runner/work/master-thesis-codeql-perf-test/master-thesis-codeql-perf-test/target-repo/src/DnsClient/LookupClient.cs(883,39): warning CA1859: Change type of parameter 'servers' from 'System.Collections.Generic.IReadOnlyList<DnsClient.NameServer>' to 'System.Collections.Generic.List<DnsClient.NameServer>' for improved performance (https://learn.microsoft.com/dotnet/fundamentals/code-analysis/quality-rules/ca1859) [/home/runner/work/master-thesis-codeql-perf-test/master-thesis-codeql-perf-test/target-repo/src/DnsClient/DnsClient.csproj::TargetFramework=net472]
[2025-05-03 09:42:26] [build-stdout] /home/runner/work/master-thesis-codeql-perf-test/master-thesis-codeql-perf-test/target-repo/test-other/DnsClient.PerfTestHost/Program.cs(116,14): warning IDE0055: Fix formatting (https://learn.microsoft.com/dotnet/fundamentals/code-analysis/style-rules/ide0055) [/home/runner/work/master-thesis-codeql-perf-test/master-thesis-codeql-perf-test/target-repo/test-other/DnsClient.PerfTestHost/DnsClient.PerfTestHost.csproj]
[2025-05-03 09:42:26] [build-stdout] /home/runner/work/master-thesis-codeql-perf-test/master-thesis-codeql-perf-test/target-repo/test/DnsClient.Tests/LookupConfigurationTest.cs(592,28): warning IDE0055: Fix formatting (https://learn.microsoft.com/dotnet/fundamentals/code-analysis/style-rules/ide0055) [/home/runner/work/master-thesis-codeql-perf-test/master-thesis-codeql-perf-test/target-repo/test/DnsClient.Tests/DnsClient.Tests.csproj::TargetFramework=net8.0]
[2025-05-03 09:42:26] [build-stdout] /home/runner/work/master-thesis-codeql-perf-test/master-thesis-codeql-perf-test/target-repo/test/DnsClient.Tests/LookupConfigurationTest.cs(593,32): warning IDE0055: Fix formatting (https://learn.microsoft.com/dotnet/fundamentals/code-analysis/style-rules/ide0055) [/home/runner/work/master-thesis-codeql-perf-test/master-thesis-codeql-perf-test/target-repo/test/DnsClient.Tests/DnsClient.Tests.csproj::TargetFramework=net8.0]
[2025-05-03 09:42:26] [build-stdout] /home/runner/work/master-thesis-codeql-perf-test/master-thesis-codeql-perf-test/target-repo/test/DnsClient.Tests/LookupConfigurationTest.cs(599,143): warning IDE0055: Fix formatting (https://learn.microsoft.com/dotnet/fundamentals/code-analysis/style-rules/ide0055) [/home/runner/work/master-thesis-codeql-perf-test/master-thesis-codeql-perf-test/target-repo/test/DnsClient.Tests/DnsClient.Tests.csproj::TargetFramework=net8.0]
[2025-05-03 09:42:26] [build-stdout] /home/runner/work/master-thesis-codeql-perf-test/master-thesis-codeql-perf-test/target-repo/test/DnsClient.Tests/LookupConfigurationTest.cs(601,33): warning IDE0055: Fix formatting (https://learn.microsoft.com/dotnet/fundamentals/code-analysis/style-rules/ide0055) [/home/runner/work/master-thesis-codeql-perf-test/master-thesis-codeql-perf-test/target-repo/test/DnsClient.Tests/DnsClient.Tests.csproj::TargetFramework=net8.0]
[2025-05-03 09:42:26] [build-stdout] /home/runner/work/master-thesis-codeql-perf-test/master-thesis-codeql-perf-test/target-repo/test/DnsClient.Tests/LookupConfigurationTest.cs(615,191): warning IDE0055: Fix formatting (https://learn.microsoft.com/dotnet/fundamentals/code-analysis/style-rules/ide0055) [/home/runner/work/master-thesis-codeql-perf-test/master-thesis-codeql-perf-test/target-repo/test/DnsClient.Tests/DnsClient.Tests.csproj::TargetFramework=net8.0]
[2025-05-03 09:42:26] [build-stdout] /home/runner/work/master-thesis-codeql-perf-test/master-thesis-codeql-perf-test/target-repo/test/DnsClient.Tests/LookupConfigurationTest.cs(617,48): warning IDE0055: Fix formatting (https://learn.microsoft.com/dotnet/fundamentals/code-analysis/style-rules/ide0055) [/home/runner/work/master-thesis-codeql-perf-test/master-thesis-codeql-perf-test/target-repo/test/DnsClient.Tests/DnsClient.Tests.csproj::TargetFramework=net8.0]
[2025-05-03 09:42:26] [build-stdout] /home/runner/work/master-thesis-codeql-perf-test/master-thesis-codeql-perf-test/target-repo/test/DnsClient.Tests/LookupConfigurationTest.cs(621,189): warning IDE0055: Fix formatting (https://learn.microsoft.com/dotnet/fundamentals/code-analysis/style-rules/ide0055) [/home/runner/work/master-thesis-codeql-perf-test/master-thesis-codeql-perf-test/target-repo/test/DnsClient.Tests/DnsClient.Tests.csproj::TargetFramework=net8.0]
[2025-05-03 09:42:26] [build-stdout] /home/runner/work/master-thesis-codeql-perf-test/master-thesis-codeql-perf-test/target-repo/test/DnsClient.Tests/LookupConfigurationTest.cs(623,42): warning IDE0055: Fix formatting (https://learn.microsoft.com/dotnet/fundamentals/code-analysis/style-rules/ide0055) [/home/runner/work/master-thesis-codeql-perf-test/master-thesis-codeql-perf-test/target-repo/test/DnsClient.Tests/DnsClient.Tests.csproj::TargetFramework=net8.0]
[2025-05-03 09:42:26] [build-stdout] /home/runner/work/master-thesis-codeql-perf-test/master-thesis-codeql-perf-test/target-repo/test/DnsClient.Tests/LookupConfigurationTest.cs(592,28): warning IDE0055: Fix formatting (https://learn.microsoft.com/dotnet/fundamentals/code-analysis/style-rules/ide0055) [/home/runner/work/master-thesis-codeql-perf-test/master-thesis-codeql-perf-test/target-repo/test/DnsClient.Tests/DnsClient.Tests.csproj::TargetFramework=net472]
[2025-05-03 09:42:26] [build-stdout] /home/runner/work/master-thesis-codeql-perf-test/master-thesis-codeql-perf-test/target-repo/test/DnsClient.Tests/LookupConfigurationTest.cs(593,32): warning IDE0055: Fix formatting (https://learn.microsoft.com/dotnet/fundamentals/code-analysis/style-rules/ide0055) [/home/runner/work/master-thesis-codeql-perf-test/master-thesis-codeql-perf-test/target-repo/test/DnsClient.Tests/DnsClient.Tests.csproj::TargetFramework=net472]
[2025-05-03 09:42:26] [build-stdout] /home/runner/work/master-thesis-codeql-perf-test/master-thesis-codeql-perf-test/target-repo/test/DnsClient.Tests/LookupConfigurationTest.cs(599,143): warning IDE0055: Fix formatting (https://learn.microsoft.com/dotnet/fundamentals/code-analysis/style-rules/ide0055) [/home/runner/work/master-thesis-codeql-perf-test/master-thesis-codeql-perf-test/target-repo/test/DnsClient.Tests/DnsClient.Tests.csproj::TargetFramework=net472]
[2025-05-03 09:42:26] [build-stdout] /home/runner/work/master-thesis-codeql-perf-test/master-thesis-codeql-perf-test/target-repo/test/DnsClient.Tests/LookupConfigurationTest.cs(601,33): warning IDE0055: Fix formatting (https://learn.microsoft.com/dotnet/fundamentals/code-analysis/style-rules/ide0055) [/home/runner/work/master-thesis-codeql-perf-test/master-thesis-codeql-perf-test/target-repo/test/DnsClient.Tests/DnsClient.Tests.csproj::TargetFramework=net472]
[2025-05-03 09:42:26] [build-stdout] /home/runner/work/master-thesis-codeql-perf-test/master-thesis-codeql-perf-test/target-repo/test/DnsClient.Tests/LookupConfigurationTest.cs(615,191): warning IDE0055: Fix formatting (https://learn.microsoft.com/dotnet/fundamentals/code-analysis/style-rules/ide0055) [/home/runner/work/master-thesis-codeql-perf-test/master-thesis-codeql-perf-test/target-repo/test/DnsClient.Tests/DnsClient.Tests.csproj::TargetFramework=net472]
[2025-05-03 09:42:26] [build-stdout] /home/runner/work/master-thesis-codeql-perf-test/master-thesis-codeql-perf-test/target-repo/test/DnsClient.Tests/LookupConfigurationTest.cs(617,48): warning IDE0055: Fix formatting (https://learn.microsoft.com/dotnet/fundamentals/code-analysis/style-rules/ide0055) [/home/runner/work/master-thesis-codeql-perf-test/master-thesis-codeql-perf-test/target-repo/test/DnsClient.Tests/DnsClient.Tests.csproj::TargetFramework=net472]
[2025-05-03 09:42:26] [build-stdout] /home/runner/work/master-thesis-codeql-perf-test/master-thesis-codeql-perf-test/target-repo/test/DnsClient.Tests/LookupConfigurationTest.cs(621,189): warning IDE0055: Fix formatting (https://learn.microsoft.com/dotnet/fundamentals/code-analysis/style-rules/ide0055) [/home/runner/work/master-thesis-codeql-perf-test/master-thesis-codeql-perf-test/target-repo/test/DnsClient.Tests/DnsClient.Tests.csproj::TargetFramework=net472]
[2025-05-03 09:42:26] [build-stdout] /home/runner/work/master-thesis-codeql-perf-test/master-thesis-codeql-perf-test/target-repo/test/DnsClient.Tests/LookupConfigurationTest.cs(623,42): warning IDE0055: Fix formatting (https://learn.microsoft.com/dotnet/fundamentals/code-analysis/style-rules/ide0055) [/home/runner/work/master-thesis-codeql-perf-test/master-thesis-codeql-perf-test/target-repo/test/DnsClient.Tests/DnsClient.Tests.csproj::TargetFramework=net472]
[2025-05-03 09:42:26] [build-stdout]     27 Warning(s)
[2025-05-03 09:42:26] [build-stdout]     0 Error(s)
[2025-05-03 09:42:26] [build-stdout] Time Elapsed 00:02:09.36
[2025-05-03 09:42:26] [build-stdout] Exit code 0
Finalizing database at /home/runner/work/master-thesis-codeql-perf-test/master-thesis-codeql-perf-test/db.
Running pre-finalize script /home/runner/work/master-thesis-codeql-perf-test/master-thesis-codeql-perf-test/codeql/csharp/tools/pre-finalize.sh in /home/runner/work/master-thesis-codeql-perf-test/master-thesis-codeql-perf-test/target-repo.
Running command in /home/runner/work/master-thesis-codeql-perf-test/master-thesis-codeql-perf-test/target-repo: [/home/runner/work/master-thesis-codeql-perf-test/master-thesis-codeql-perf-test/codeql/csharp/tools/pre-finalize.sh]
Running TRAP import for CodeQL database at /home/runner/work/master-thesis-codeql-perf-test/master-thesis-codeql-perf-test/db...
Importing TRAP files
Merging relations
Finished writing database (relations: 13.44 MiB; string pool: 7.03 MiB).
TRAP import complete (11.6s).
Finished zipping source archive (798.33 KiB).
Successfully created database at /home/runner/work/master-thesis-codeql-perf-test/master-thesis-codeql-perf-test/db.
-> Schritt 1: Erstelle CodeQL-Datenbank gestartet bei +7630 ms, Dauer: 155825 ms

Schritt 2: Fhre Query aus
Error retrieving qlpack commit hash from Git repository
Compiling query plan for /home/runner/work/master-thesis-codeql-perf-test/master-thesis-codeql-perf-test/identify-call-paths.ql.
[1/1 comp 52.5s] Compiled /home/runner/work/master-thesis-codeql-perf-test/master-thesis-codeql-perf-test/identify-call-paths.ql.
Starting evaluation of getting-started/codeql-extra-queries-csharp/identify-call-paths.ql.
[1/1 eval 32.8s] Evaluation done; writing results to /home/runner/work/master-thesis-codeql-perf-test/master-thesis-codeql-perf-test/out.bqrs.
Shutting down query evaluator.
-> Schritt 2: Fhre Query aus gestartet bei +163457 ms, Dauer: 91560 ms

Schritt 3: Dekodiere Ergebnisse nach CSV
-> Schritt 3: Dekodiere Ergebnisse nach CSV gestartet bei +255019 ms, Dauer: 693 ms

CSV-Ausgabe: MichaCo-DnsClient.NET.results.csv
Starting up command './run-analysis.sh -s target-repo/. -d db -q identify-call-paths.ql -c MichaCo-DnsClient.NET.results.csv' and attaching to process
Process finished (255.71 seconds)
